#
# A fatal error has been detected by the Java Runtime Environment:
#
#  EXCEPTION_ACCESS_VIOLATION (0xc0000005) at pc=0x00007ffaf9aecb46, pid=23532, tid=3432
#
# JRE version: OpenJDK Runtime Environment Microsoft-8035246 (17.0.8+7) (build 17.0.8+7-LTS)
# Java VM: OpenJDK 64-Bit Server VM Microsoft-8035246 (17.0.8+7-LTS, mixed mode, tiered, compressed oops, compressed class ptrs, g1 gc, windows-amd64)
# Problematic frame:
# V  [jvm.dll+0xcb46]
#
# No core dump will be written. Minidumps are not enabled by default on client versions of Windows
#
# If you would like to submit a bug report, please visit:
#   https://aka.ms/minecraftjavacrashes
#

---------------  S U M M A R Y ------------

Command Line: -XX:HeapDumpPath=MojangTricksIntelDriversForPerformance_javaw.exe_minecraft.exe.heapdump -Xss1M -Djava.library.path=C:\Users\toast\curseforge\minecraft\Install\bin\02decfd91ab6168823db7970565f308f2f0a7589 -Djna.tmpdir=C:\Users\toast\curseforge\minecraft\Install\bin\02decfd91ab6168823db7970565f308f2f0a7589 -Dorg.lwjgl.system.SharedLibraryExtractPath=C:\Users\toast\curseforge\minecraft\Install\bin\02decfd91ab6168823db7970565f308f2f0a7589 -Dio.netty.native.workdir=C:\Users\toast\curseforge\minecraft\Install\bin\02decfd91ab6168823db7970565f308f2f0a7589 -Dminecraft.launcher.brand=minecraft-launcher -Dminecraft.launcher.version=3.1.13 -Djava.net.preferIPv6Addresses=system -DignoreList=bootstraplauncher,securejarhandler,asm-commons,asm-util,asm-analysis,asm-tree,asm,JarJarFileSystems,client-extra,fmlcore,javafmllanguage,lowcodelanguage,mclanguage,forge-,forge-47.3.7.jar,forge-47.3.7 -DmergeModules=jna-5.10.0.jar,jna-platform-5.10.0.jar -DlibraryDirectory=C:\Users\toast\curseforge\minecraft\Install\libraries --module-path=C:\Users\toast\curseforge\minecraft\Install\libraries/cpw/mods/bootstraplauncher/1.1.2/bootstraplauncher-1.1.2.jar;C:\Users\toast\curseforge\minecraft\Install\libraries/cpw/mods/securejarhandler/2.1.10/securejarhandler-2.1.10.jar;C:\Users\toast\curseforge\minecraft\Install\libraries/org/ow2/asm/asm-commons/9.7/asm-commons-9.7.jar;C:\Users\toast\curseforge\minecraft\Install\libraries/org/ow2/asm/asm-util/9.7/asm-util-9.7.jar;C:\Users\toast\curseforge\minecraft\Install\libraries/org/ow2/asm/asm-analysis/9.7/asm-analysis-9.7.jar;C:\Users\toast\curseforge\minecraft\Install\libraries/org/ow2/asm/asm-tree/9.7/asm-tree-9.7.jar;C:\Users\toast\curseforge\minecraft\Install\libraries/org/ow2/asm/asm/9.7/asm-9.7.jar;C:\Users\toast\curseforge\minecraft\Install\libraries/net/minecraftforge/JarJarFileSystems/0.3.19/JarJarFileSystems-0.3.19.jar --add-modules=ALL-MODULE-PATH --add-opens=java.base/java.util.jar=cpw.mods.securejarhandler --add-opens=java.base/java.lang.invoke=cpw.mods.securejarhandler --add-exports=java.base/sun.security.util=cpw.mods.securejarhandler --add-exports=jdk.naming.dns/com.sun.jndi.dns=java.naming -Xmx15648m -Xms256m -Dminecraft.applet.TargetDirectory=C:\Users\toast\curseforge\minecraft\Instances\GH2 The Book of John -Dfml.ignorePatchDiscrepancies=true -Dfml.ignoreInvalidMinecraftCertificates=true -Duser.language=en -Duser.country=US -DlibraryDirectory=C:\Users\toast\curseforge\minecraft\Install\libraries cpw.mods.bootstraplauncher.BootstrapLauncher --username Sourpuss4444 --version forge-47.3.7 --gameDir C:\Users\toast\curseforge\minecraft\Instances\GH2 The Book of John --assetsDir C:\Users\toast\curseforge\minecraft\Install\assets --assetIndex 5 --uuid aa75050899824a13b9022db707176742 --accessToken eyJraWQiOiJhYzg0YSIsImFsZyI6IkhTMjU2In0.eyJ4dWlkIjoiMjUzNTQzMDQ1MzE1MTE5MCIsImFnZyI6IkFkdWx0Iiwic3ViIjoiZmQzYWI1OWUtZmE3My00ZDc1LWFjYTEtNTE4NmEyNTE3MGEwIiwiYXV0aCI6IlhCT1giLCJucyI6ImRlZmF1bHQiLCJyb2xlcyI6W10sImlzcyI6ImF1dGhlbnRpY2F0aW9uIiwiZmxhZ3MiOlsidHdvZmFjdG9yYXV0aCIsIm1zYW1pZ3JhdGlvbl9zdGFnZTQiLCJvcmRlcnNfMjAyMiIsIm11bHRpcGxheWVyIl0sInByb2ZpbGVzIjp7Im1jIjoiYWE3NTA1MDgtOTk4Mi00YTEzLWI5MDItMmRiNzA3MTc2NzQyIn0sInBsYXRmb3JtIjoiUENfTEFVTkNIRVIiLCJ5dWlkIjoiOWI4NTVjMGM2ZTliODU5YzU4OTZmNDgyZTEzNWY1MjgiLCJuYmYiOjE3MjcwMzE4OTAsImV4cCI6MTcyNzExODI5MCwiaWF0IjoxNzI3MDMxODkwfQ.byAPzpBBdtKYek2GXqlzyTYLVm2kTq7RNH9VHOw2cY8 --clientId YWU3YjUxN2UtMWY2ZC00NDgyLWEyZDQtYmU0YWJjMGMzZjVk --xuid 2535430453151190 --userType msa --versionType release --width 1920 --height 1080 --quickPlayPath C:\Users\toast\curseforge\minecraft\Install\quickPlay\java\1727031895401.json --launchTarget forgeclient --fml.forgeVersion 47.3.7 --fml.mcVersion 1.20.1 --fml.forgeGroup net.minecraftforge --fml.mcpVersion 20230612.114412

Host: AMD Ryzen 7 5700                               , 16 cores, 15G,  Windows 11 , 64 bit Build 22621 (10.0.22621.3958)
Time: Sun Sep 22 12:04:57 2024 Pacific Daylight Time elapsed time: 1.645396 seconds (0d 0h 0m 1s)

---------------  T H R E A D  ---------------

Current thread (0x000002522caa6a50):  ConcurrentGCThread "G1 Conc#1" [stack: 0x000000e3c2a00000,0x000000e3c2b00000] [id=3432]

Stack: [0x000000e3c2a00000,0x000000e3c2b00000],  sp=0x000000e3c2aff798,  free space=1021k
Native frames: (J=compiled Java code, j=interpreted, Vv=VM code, C=native code)
V  [jvm.dll+0xcb46]


siginfo: EXCEPTION_ACCESS_VIOLATION (0xc0000005), reading address 0x0000000800260c08


Register to memory mapping:

RIP=0x00007ffaf9aecb46 jvm.dll
RAX=0x0000025268994b00 points into unknown readable memory: 0x0000000000000000 | 00 00 00 00 00 00 00 00
RBX=0x0000000800260c00 is pointing into metadata
RCX=
[error occurred during error reporting (printing register info), id 0xc0000005, EXCEPTION_ACCESS_VIOLATION (0xc0000005) at pc=0x00007ffaf9db6f2a]

Registers:
RAX=0x0000025268994b00, RBX=0x0000000800260c00, RCX=0x000000042ee0fe40, RDX=0x000000042ee0fe40
RSP=0x000000e3c2aff798, RBP=0x00000252689e4b10, RSI=0x000000042ee0fe40, RDI=0x0000000000000005
R8 =0x000000042ee0fdf0, R9 =0x0000000800260c00, R10=0x0000000000000047, R11=0x0000000000000003
R12=0x0000000000000001, R13=0x00007ffafa5fbe30, R14=0x000000042f000000, R15=0x000000e3c05ffa40
RIP=0x00007ffaf9aecb46, EFLAGS=0x0000000000010206

Top of Stack: (sp=0x000000e3c2aff798)
0x000000e3c2aff798:   00007ffaf9dcec3d 0000000000000005
0x000000e3c2aff7a8:   0000000800060c00 00000252689e4b10
0x000000e3c2aff7b8:   00007ffb00000001 00007ffafa439b80
0x000000e3c2aff7c8:   0000000000000000 0000000000000003
0x000000e3c2aff7d8:   000002526898a100 00000252689e4a60
0x000000e3c2aff7e8:   0000000000000001 000002522caa6a50
0x000000e3c2aff7f8:   0000000000000000 0000000000000000
0x000000e3c2aff808:   0000000000000000 0000000000000000
0x000000e3c2aff818:   00007ffafa34702b 0000000000000002
0x000000e3c2aff828:   000002522caa6a50 000000e3c05ffa40
0x000000e3c2aff838:   000000e3c05ffa40 00000000000075a3
0x000000e3c2aff848:   00007ffafa347076 000002522caa6a50
0x000000e3c2aff858:   000000e3ffffffff 0000025268973a70
0x000000e3c2aff868:   0000000000000000 000002522caa6a50
0x000000e3c2aff878:   00007ffafa2ca13a 0000000000000000
0x000000e3c2aff888:   00000000000075a3 000002522caa6a50 

Instructions: (pc=0x00007ffaf9aecb46)
0x00007ffaf9aeca46:   cc cc cc cc cc cc cc cc cc cc 4c 8b 01 4c 8b c9
0x00007ffaf9aeca56:   48 8b 0d f3 a3 b6 00 ba 64 60 08 00 e9 49 f1 ff
0x00007ffaf9aeca66:   ff cc cc cc cc cc cc cc cc cc 8b 05 82 e8 b0 00
0x00007ffaf9aeca76:   c3 cc cc cc cc cc cc cc cc cc 0f b6 05 1d ac b7
0x00007ffaf9aeca86:   00 48 8b d1 84 c0 74 16 44 8b 41 08 8b 0d 60 e8
0x00007ffaf9aeca96:   b0 00 49 d3 e0 4c 03 05 4e e8 b0 00 eb 04 4c 8b
0x00007ffaf9aecaa6:   41 08 45 8b 50 08 45 85 d2 7e 0e 41 f6 c2 01 75
0x00007ffaf9aecab6:   53 41 c1 fa 03 41 8b c2 c3 79 49 84 c0 b9 10 00
0x00007ffaf9aecac6:   00 00 8b 05 66 f7 b0 00 41 b8 0c 00 00 00 41 0f
0x00007ffaf9aecad6:   45 c8 ff c8 4c 63 c8 48 63 14 11 41 8b ca 83 e1
0x00007ffaf9aecae6:   3f 48 d3 e2 41 8b ca 48 c1 f9 10 0f b6 c1 49 8d
0x00007ffaf9aecaf6:   0c 11 49 f7 d1 48 03 c1 49 c1 e9 03 48 c1 e8 03
0x00007ffaf9aecb06:   41 23 c1 c3 49 8b 00 49 8b c8 48 ff a0 00 01 00
0x00007ffaf9aecb16:   00 cc cc cc cc cc cc cc cc cc 8b 44 24 30 45 03
0x00007ffaf9aecb26:   c9 44 2b 4c 24 28 83 c0 0b 44 03 ca 45 03 c8 41
0x00007ffaf9aecb36:   03 c1 c3 cc cc cc cc cc cc cc 4c 8b ca 48 8b d1
0x00007ffaf9aecb46:   45 8b 41 08 45 85 c0 7e 0e 41 f6 c0 01 75 56 41
0x00007ffaf9aecb56:   c1 f8 03 41 8b c0 c3 79 4c 80 3d 3e ab b7 00 00
0x00007ffaf9aecb66:   b8 0c 00 00 00 b9 10 00 00 00 0f 45 c8 8b 05 bb
0x00007ffaf9aecb76:   f6 b0 00 ff c8 4c 63 c8 48 63 14 11 41 8b c8 83
0x00007ffaf9aecb86:   e1 3f 48 d3 e2 41 8b c8 48 c1 f9 10 0f b6 c1 49
0x00007ffaf9aecb96:   8d 0c 11 49 f7 d1 48 03 c1 49 c1 e9 03 48 c1 e8
0x00007ffaf9aecba6:   03 41 23 c1 c3 49 8b 01 49 8b c9 48 ff a0 00 01
0x00007ffaf9aecbb6:   00 00 cc cc cc cc cc cc cc cc 48 8b 41 08 0f b7
0x00007ffaf9aecbc6:   48 2a 0f b7 40 28 83 c0 48 03 c1 c3 cc cc cc cc
0x00007ffaf9aecbd6:   cc cc cc cc cc cc cc cc cc cc 48 89 5c 24 08 57
0x00007ffaf9aecbe6:   48 83 ec 20 0f b6 05 bf 8c bb 00 48 8b fa 48 8b
0x00007ffaf9aecbf6:   d9 84 c0 74 4f 48 85 15 a6 84 bb 00 74 38 48 8b
0x00007ffaf9aecc06:   ca e8 24 e7 85 00 48 8b d0 48 85 db 74 25 48 85
0x00007ffaf9aecc16:   c0 74 20 48 8b c7 f0 48 0f b1 13 74 16 48 85 05
0x00007ffaf9aecc26:   7e 84 bb 00 74 0d 48 8b c8 f0 48 0f b1 13 48 3b
0x00007ffaf9aecc36:   c1 75 ea 48 8b fa 48 8b c7 48 8b 5c 24 30 48 83 


Stack slot to memory mapping:
stack at sp + 0 slots: 0x00007ffaf9dcec3d jvm.dll
stack at sp + 1 slots: 0x0000000000000005 is an unknown value
stack at sp + 2 slots: 0x0000000800060c00 is a pointer to class: 
java.util.LinkedHashMap$Entry {0x0000000800060c08}
 - instance size:     5
 - klass size:        72
 - access:            synchronized 
 - state:             fully_initialized
 - name:              'java/util/LinkedHashMap$Entry'
 - super:             'java/util/HashMap$Node'
 - sub:               'java/util/HashMap$TreeNode'   
 - arrays:            NULL
 - methods:           Array<T>(0x000002522419b990)
 - method ordering:   Array<T>(0x0000025224000018)
 - default_methods:   Array<T>(0x0000000000000000)
 - local interfaces:  Array<T>(0x0000025224000058)
 - trans. interfaces: Array<T>(0x0000025224198638)
 - constants:         constant pool [41] {0x000002522419b7b8} for 'java/util/LinkedHashMap$Entry' cache=0x00000252245d4d50
 - class loader data:  loader data: 0x0000025268961a20 of 'bootstrap'
 - source file:       'LinkedHashMap.java'
 - class annotations:       Array<T>(0x0000000000000000)
 - class type annotations:  Array<T>(0x0000000000000000)
 - field annotations:       Array<T>(0x0000000000000000)
 - field type annotations:  Array<T>(0x0000000000000000)
 - generic signature: '<K:Ljava/lang/Object;V:Ljava/lang/Object;>Ljava/util/HashMap$Node<TK;TV;>;'
 - inner classes:     Array<T>(0x000002522419ba78)
 - nest members:     Array<T>(0x0000025224000028)
 - permitted subclasses:     Array<T>(0x0000025224000028)
 - java mirror:       a 'java/lang/Class'{0x000000042e80efa8} = 'java/util/LinkedHashMap$Entry'
 - vtable length      5  (start addr: 0x0000000800060dc8)
 - itable length      9 (start addr: 0x0000000800060df0)
 - ---- static fields (0 words):
 - ---- non-static fields (6 words):
 - final 'hash' 'I' @12 
 - final 'key' 'Ljava/lang/Object;' @16 
 - 'value' 'Ljava/lang/Object;' @20 
 - 'next' 'Ljava/util/HashMap$Node;' @24 
 - 'before' 'Ljava/util/LinkedHashMap$Entry;' @28 
 - 'after' 'Ljava/util/LinkedHashMap$Entry;' @32 
 - non-static oop maps: 16-32 
stack at sp + 3 slots: 0x00000252689e4b10 points into unknown readable memory: 0x00000252689e5130 | 30 51 9e 68 52 02 00 00
stack at sp + 4 slots: 0x00007ffb00000001 is an unknown value
stack at sp + 5 slots: 0x00007ffafa439b80 jvm.dll
stack at sp + 6 slots: 0x0 is NULL
stack at sp + 7 slots: 0x0000000000000003 is an unknown value


---------------  P R O C E S S  ---------------

Threads class SMR info:
_java_thread_list=0x0000025223b87ad0, length=22, elements={
0x00000252689793d0, 0x0000025222fba050, 0x0000025222fba920, 0x0000025222fd2a90,
0x0000025223007ff0, 0x0000025223008ed0, 0x000002522300b7b0, 0x000002522300db00,
0x0000025223050d80, 0x0000025223053300, 0x0000025223051ec0, 0x000002522312a260,
0x00000252232da580, 0x0000025223230c60, 0x0000025223231180, 0x0000025223053d20,
0x0000025223bf50d0, 0x0000025223af3aa0, 0x00000252281f5810, 0x0000025223b87b70,
0x000002522803adb0, 0x0000025228536e10
}

Java Threads: ( => current thread )
  0x00000252689793d0 JavaThread "main" [_thread_in_native, id=4256, stack(0x000000e3c0300000,0x000000e3c0400000)]
  0x0000025222fba050 JavaThread "Reference Handler" daemon [_thread_blocked, id=6284, stack(0x000000e3c0a00000,0x000000e3c0b00000)]
  0x0000025222fba920 JavaThread "Finalizer" daemon [_thread_blocked, id=2380, stack(0x000000e3c0b00000,0x000000e3c0c00000)]
  0x0000025222fd2a90 JavaThread "Signal Dispatcher" daemon [_thread_blocked, id=12748, stack(0x000000e3c0c00000,0x000000e3c0d00000)]
  0x0000025223007ff0 JavaThread "Attach Listener" daemon [_thread_blocked, id=15448, stack(0x000000e3c0d00000,0x000000e3c0e00000)]
  0x0000025223008ed0 JavaThread "Service Thread" daemon [_thread_blocked, id=7508, stack(0x000000e3c0e00000,0x000000e3c0f00000)]
  0x000002522300b7b0 JavaThread "Monitor Deflation Thread" daemon [_thread_blocked, id=18264, stack(0x000000e3c0f00000,0x000000e3c1000000)]
  0x000002522300db00 JavaThread "C2 CompilerThread0" daemon [_thread_blocked, id=15668, stack(0x000000e3c1000000,0x000000e3c1100000)]
  0x0000025223050d80 JavaThread "C1 CompilerThread0" daemon [_thread_blocked, id=26468, stack(0x000000e3c1100000,0x000000e3c1200000)]
  0x0000025223053300 JavaThread "Sweeper thread" daemon [_thread_blocked, id=18636, stack(0x000000e3c1200000,0x000000e3c1300000)]
  0x0000025223051ec0 JavaThread "Common-Cleaner" daemon [_thread_blocked, id=22804, stack(0x000000e3c1300000,0x000000e3c1400000)]
  0x000002522312a260 JavaThread "C1 CompilerThread1" daemon [_thread_blocked, id=19820, stack(0x000000e3c1400000,0x000000e3c1500000)]
  0x00000252232da580 JavaThread "C1 CompilerThread2" daemon [_thread_blocked, id=19568, stack(0x000000e3c1500000,0x000000e3c1600000)]
  0x0000025223230c60 JavaThread "C2 CompilerThread1" daemon [_thread_blocked, id=19672, stack(0x000000e3c1600000,0x000000e3c1700000)]
  0x0000025223231180 JavaThread "C2 CompilerThread2" daemon [_thread_blocked, id=25136, stack(0x000000e3c1700000,0x000000e3c1800000)]
  0x0000025223053d20 JavaThread "Notification Thread" daemon [_thread_blocked, id=23916, stack(0x000000e3c1800000,0x000000e3c1900000)]
  0x0000025223bf50d0 JavaThread "C1 CompilerThread3" daemon [_thread_blocked, id=21100, stack(0x000000e3c1f00000,0x000000e3c2000000)]
  0x0000025223af3aa0 JavaThread "C2 CompilerThread3" daemon [_thread_blocked, id=23892, stack(0x000000e3c2000000,0x000000e3c2100000)]
  0x00000252281f5810 JavaThread "C2 CompilerThread4" daemon [_thread_blocked, id=17124, stack(0x000000e3c2100000,0x000000e3c2200000)]
  0x0000025223b87b70 JavaThread "C2 CompilerThread5" daemon [_thread_in_native, id=21536, stack(0x000000e3c2200000,0x000000e3c2300000)]
  0x000002522803adb0 JavaThread "C2 CompilerThread6" daemon [_thread_blocked, id=23932, stack(0x000000e3c2300000,0x000000e3c2400000)]
  0x0000025228536e10 JavaThread "C2 CompilerThread7" daemon [_thread_blocked, id=13808, stack(0x000000e3c2400000,0x000000e3c2500000)]

Other Threads:
  0x0000025222fb4ae0 VMThread "VM Thread" [stack: 0x000000e3c0900000,0x000000e3c0a00000] [id=24092]
  0x0000025268a09190 WatcherThread [stack: 0x000000e3c1900000,0x000000e3c1a00000] [id=25396]
  0x000002527b9fbc30 GCTaskThread "GC Thread#0" [stack: 0x000000e3c0400000,0x000000e3c0500000] [id=18092]
  0x000002522367e010 GCTaskThread "GC Thread#1" [stack: 0x000000e3c1a00000,0x000000e3c1b00000] [id=22956]
  0x00000252238f5660 GCTaskThread "GC Thread#2" [stack: 0x000000e3c1b00000,0x000000e3c1c00000] [id=25736]
  0x00000252238f5920 GCTaskThread "GC Thread#3" [stack: 0x000000e3c1c00000,0x000000e3c1d00000] [id=15096]
  0x00000252238f5be0 GCTaskThread "GC Thread#4" [stack: 0x000000e3c1d00000,0x000000e3c1e00000] [id=7316]
  0x00000252238f62b0 GCTaskThread "GC Thread#5" [stack: 0x000000e3c1e00000,0x000000e3c1f00000] [id=16708]
  0x000002522b8adfe0 GCTaskThread "GC Thread#6" [stack: 0x000000e3c2500000,0x000000e3c2600000] [id=17728]
  0x000002522b490610 GCTaskThread "GC Thread#7" [stack: 0x000000e3c2600000,0x000000e3c2700000] [id=14880]
  0x000002522c65dec0 GCTaskThread "GC Thread#8" [stack: 0x000000e3c2700000,0x000000e3c2800000] [id=4316]
  0x000002522922a720 GCTaskThread "GC Thread#9" [stack: 0x000000e3c2800000,0x000000e3c2900000] [id=7440]
  0x000002522862f710 GCTaskThread "GC Thread#10" [stack: 0x000000e3c2900000,0x000000e3c2a00000] [id=23208]
  0x00000252689f4fc0 ConcurrentGCThread "G1 Main Marker" [stack: 0x000000e3c0500000,0x000000e3c0600000] [id=24972]
  0x00000252689f5680 ConcurrentGCThread "G1 Conc#0" [stack: 0x000000e3c0600000,0x000000e3c0700000] [id=24124]
=>0x000002522caa6a50 ConcurrentGCThread "G1 Conc#1" [stack: 0x000000e3c2a00000,0x000000e3c2b00000] [id=3432]
  0x000002522d470820 ConcurrentGCThread "G1 Conc#2" [stack: 0x000000e3c2b00000,0x000000e3c2c00000] [id=17136]
  0x000002527baa4010 ConcurrentGCThread "G1 Refine#0" [stack: 0x000000e3c0700000,0x000000e3c0800000] [id=18632]
  0x000002527baa46f0 ConcurrentGCThread "G1 Service" [stack: 0x000000e3c0800000,0x000000e3c0900000] [id=9876]

Threads with active compile tasks:
C2 CompilerThread5     1659 3341       4       jdk.internal.org.objectweb.asm.Frame::execute (2305 bytes)

VM state: not at safepoint (normal execution)

VM Mutex/Monitor currently owned by a thread:  ([mutex/lock_event])
[0x000002526677b8a0] CodeCache_lock - owner thread: 0x00000252689793d0
[0x0000025268974880] Compile_lock - owner thread: 0x00000252689793d0

Heap address: 0x000000042e000000, size: 15648 MB, Compressed Oops mode: Zero based, Oop shift amount: 3

CDS archive(s) not mapped
Compressed class space mapped at: 0x0000000800000000-0x0000000840000000, reserved size: 1073741824
Narrow klass base: 0x0000000800000000, Narrow klass shift: 0, Narrow klass range: 0x40000000

GC Precious Log:
 CPUs: 16 total, 16 available
 Memory: 16167M
 Large Page Support: Disabled
 NUMA Support: Disabled
 Compressed Oops: Enabled (Zero based)
 Heap Region Size: 8M
 Heap Min Capacity: 256M
 Heap Initial Capacity: 256M
 Heap Max Capacity: 15648M
 Pre-touch: Disabled
 Parallel Workers: 13
 Concurrent Workers: 3
 Concurrent Refinement Workers: 13
 Periodic GC: Disabled

Heap:
 garbage-first heap   total 262144K, used 34213K [0x000000042e000000, 0x0000000800000000)
  region size 8192K, 3 young (24576K), 2 survivors (16384K)
 Metaspace       used 21476K, committed 21760K, reserved 1114112K
  class space    used 2191K, committed 2304K, reserved 1048576K

Heap Regions: E=young(eden), S=young(survivor), O=old, HS=humongous(starts), HC=humongous(continues), CS=collection set, F=free, OA=open archive, CA=closed archive, TAMS=top-at-mark-start (previous, next)
|   0|0x000000042e000000, 0x000000042e800000, 0x000000042e800000|100%| O|  |TAMS 0x000000042e000000, 0x000000042e800000| Untracked 
|   1|0x000000042e800000, 0x000000042f000000, 0x000000042f000000|100%| O|  |TAMS 0x000000042e800000, 0x000000042e8f1c00| Untracked 
|   2|0x000000042f000000, 0x000000042f52b600, 0x000000042f800000| 64%| O|  |TAMS 0x000000042f000000, 0x000000042f000000| Untracked 
|   3|0x000000042f800000, 0x000000042f800000, 0x0000000430000000|  0%| F|  |TAMS 0x000000042f800000, 0x000000042f800000| Untracked 
|   4|0x0000000430000000, 0x0000000430000000, 0x0000000430800000|  0%| F|  |TAMS 0x0000000430000000, 0x0000000430000000| Untracked 
|   5|0x0000000430800000, 0x0000000430800000, 0x0000000431000000|  0%| F|  |TAMS 0x0000000430800000, 0x0000000430800000| Untracked 
|   6|0x0000000431000000, 0x0000000431000000, 0x0000000431800000|  0%| F|  |TAMS 0x0000000431000000, 0x0000000431000000| Untracked 
|   7|0x0000000431800000, 0x0000000431800000, 0x0000000432000000|  0%| F|  |TAMS 0x0000000431800000, 0x0000000431800000| Untracked 
|   8|0x0000000432000000, 0x0000000432000000, 0x0000000432800000|  0%| F|  |TAMS 0x0000000432000000, 0x0000000432000000| Untracked 
|   9|0x0000000432800000, 0x0000000432800000, 0x0000000433000000|  0%| F|  |TAMS 0x0000000432800000, 0x0000000432800000| Untracked 
|  10|0x0000000433000000, 0x0000000433000000, 0x0000000433800000|  0%| F|  |TAMS 0x0000000433000000, 0x0000000433000000| Untracked 
|  11|0x0000000433800000, 0x0000000433800000, 0x0000000434000000|  0%| F|  |TAMS 0x0000000433800000, 0x0000000433800000| Untracked 
|  12|0x0000000434000000, 0x0000000434000000, 0x0000000434800000|  0%| F|  |TAMS 0x0000000434000000, 0x0000000434000000| Untracked 
|  13|0x0000000434800000, 0x0000000434800000, 0x0000000435000000|  0%| F|  |TAMS 0x0000000434800000, 0x0000000434800000| Untracked 
|  14|0x0000000435000000, 0x0000000435000000, 0x0000000435800000|  0%| F|  |TAMS 0x0000000435000000, 0x0000000435000000| Untracked 
|  15|0x0000000435800000, 0x0000000435800000, 0x0000000436000000|  0%| F|  |TAMS 0x0000000435800000, 0x0000000435800000| Untracked 
|  16|0x0000000436000000, 0x0000000436000000, 0x0000000436800000|  0%| F|  |TAMS 0x0000000436000000, 0x0000000436000000| Untracked 
|  17|0x0000000436800000, 0x0000000436800000, 0x0000000437000000|  0%| F|  |TAMS 0x0000000436800000, 0x0000000436800000| Untracked 
|  18|0x0000000437000000, 0x000000043743ded8, 0x0000000437800000| 53%| S|CS|TAMS 0x0000000437000000, 0x0000000437000000| Complete 
|  19|0x0000000437800000, 0x0000000438000000, 0x0000000438000000|100%| S|CS|TAMS 0x0000000437800000, 0x0000000437800000| Complete 
|  20|0x0000000438000000, 0x0000000438000000, 0x0000000438800000|  0%| F|  |TAMS 0x0000000438000000, 0x0000000438000000| Untracked 
|  21|0x0000000438800000, 0x0000000438800000, 0x0000000439000000|  0%| F|  |TAMS 0x0000000438800000, 0x0000000438800000| Untracked 
|  22|0x0000000439000000, 0x0000000439000000, 0x0000000439800000|  0%| F|  |TAMS 0x0000000439000000, 0x0000000439000000| Untracked 
|  23|0x0000000439800000, 0x0000000439800000, 0x000000043a000000|  0%| F|  |TAMS 0x0000000439800000, 0x0000000439800000| Untracked 
|  24|0x000000043a000000, 0x000000043a000000, 0x000000043a800000|  0%| F|  |TAMS 0x000000043a000000, 0x000000043a000000| Untracked 
|  25|0x000000043a800000, 0x000000043a800000, 0x000000043b000000|  0%| F|  |TAMS 0x000000043a800000, 0x000000043a800000| Untracked 
|  26|0x000000043b000000, 0x000000043b000000, 0x000000043b800000|  0%| F|  |TAMS 0x000000043b000000, 0x000000043b000000| Untracked 
|  27|0x000000043b800000, 0x000000043b800000, 0x000000043c000000|  0%| F|  |TAMS 0x000000043b800000, 0x000000043b800000| Untracked 
|  28|0x000000043c000000, 0x000000043c000000, 0x000000043c800000|  0%| F|  |TAMS 0x000000043c000000, 0x000000043c000000| Untracked 
|  29|0x000000043c800000, 0x000000043c800000, 0x000000043d000000|  0%| F|  |TAMS 0x000000043c800000, 0x000000043c800000| Untracked 
|  30|0x000000043d000000, 0x000000043d000000, 0x000000043d800000|  0%| F|  |TAMS 0x000000043d000000, 0x000000043d000000| Untracked 
|  31|0x000000043d800000, 0x000000043dae36c8, 0x000000043e000000| 36%| E|  |TAMS 0x000000043d800000, 0x000000043d800000| Complete 

Card table byte_map: [0x000002527da10000,0x000002527f8a0000] _byte_map_base: 0x000002527b8a0000

Marking Bits (Prev, Next): (CMBitMap*) 0x00000252689e4a70, (CMBitMap*) 0x00000252689e4ab0
 Prev Bits: [0x0000025201e90000, 0x0000025211310000)
 Next Bits: [0x0000025211310000, 0x0000025220790000)

Polling page: 0x0000025268110000

Metaspace:

Usage:
  Non-class:     18.83 MB used.
      Class:      2.14 MB used.
       Both:     20.97 MB used.

Virtual space:
  Non-class space:       64.00 MB reserved,      19.00 MB ( 30%) committed,  1 nodes.
      Class space:        1.00 GB reserved,       2.25 MB ( <1%) committed,  1 nodes.
             Both:        1.06 GB reserved,      21.25 MB (  2%) committed. 

Chunk freelists:
   Non-Class:  12.61 MB
       Class:  13.66 MB
        Both:  26.27 MB

MaxMetaspaceSize: unlimited
CompressedClassSpaceSize: 1.00 GB
Initial GC threshold: 21.00 MB
Current GC threshold: 21.31 MB
CDS: off
MetaspaceReclaimPolicy: balanced
 - commit_granule_bytes: 65536.
 - commit_granule_words: 8192.
 - virtual_space_node_default_size: 8388608.
 - enlarge_chunks_in_place: 1.
 - new_chunks_are_fully_committed: 0.
 - uncommit_free_chunks: 1.
 - use_allocation_guard: 0.
 - handle_deallocations: 1.


Internal statistics:

num_allocs_failed_limit: 3.
num_arena_births: 220.
num_arena_deaths: 0.
num_vsnodes_births: 2.
num_vsnodes_deaths: 0.
num_space_committed: 340.
num_space_uncommitted: 0.
num_chunks_returned_to_freelist: 3.
num_chunks_taken_from_freelist: 533.
num_chunk_merges: 3.
num_chunk_splits: 319.
num_chunks_enlarged: 198.
num_inconsistent_stats: 0.

CodeHeap 'non-profiled nmethods': size=119168Kb used=2390Kb max_used=2390Kb free=116777Kb
 bounds [0x0000025273ca0000, 0x0000025273f10000, 0x000002527b100000]
CodeHeap 'profiled nmethods': size=119104Kb used=6564Kb max_used=6564Kb free=112539Kb
 bounds [0x000002526c100000, 0x000002526c770000, 0x0000025273550000]
CodeHeap 'non-nmethods': size=7488Kb used=2910Kb max_used=2959Kb free=4577Kb
 bounds [0x0000025273550000, 0x0000025273840000, 0x0000025273ca0000]
 total_blobs=3972 nmethods=3450 adapters=431
 compilation: enabled
              stopped_count=0, restarted_count=0
 full_count=0

Compilation events (20 events):
Event: 1.630 Thread 0x00000252232da580 3429       3       org.apache.logging.log4j.util.PropertiesUtil::getProperties (4 bytes)
Event: 1.630 Thread 0x00000252232da580 nmethod 3429 0x000002526c763310 code [0x000002526c7634a0, 0x000002526c763598]
Event: 1.632 Thread 0x0000025223bf50d0 3430       3       java.util.HashMap::prepareArray (38 bytes)
Event: 1.638 Thread 0x0000025223bf50d0 nmethod 3430 0x000002526c763610 code [0x000002526c763800, 0x000002526c763e18]
Event: 1.638 Thread 0x0000025223050d80 3431   !   3       java.lang.ref.ReferenceQueue::remove (125 bytes)
Event: 1.638 Thread 0x0000025223bf50d0 3432   !   3       jdk.internal.ref.PhantomCleanable::isListEmpty (34 bytes)
Event: 1.638 Thread 0x00000252232da580 3433       3       jdk.internal.misc.InnocuousThread::eraseThreadLocals (23 bytes)
Event: 1.638 Thread 0x000002522312a260 3434       3       java.lang.invoke.MethodHandleNatives$CallSiteContext::run (5 bytes)
Event: 1.638 Thread 0x000002522312a260 nmethod 3434 0x000002526c764010 code [0x000002526c7641a0, 0x000002526c7642c8]
Event: 1.638 Thread 0x0000025223bf50d0 nmethod 3432 0x000002526c764390 code [0x000002526c764520, 0x000002526c764778]
Event: 1.639 Thread 0x000002522312a260 3436       3       java.util.LinkedHashMap$LinkedValues::toArray (16 bytes)
Event: 1.639 Thread 0x0000025223bf50d0 3437       3       java.lang.Class::getInterfaces (49 bytes)
Event: 1.639 Thread 0x00000252232da580 nmethod 3433 0x000002526c764890 code [0x000002526c764a20, 0x000002526c764c18]
Event: 1.639 Thread 0x00000252232da580 3438       3       jdk.internal.loader.AbstractClassLoaderValue$Sub::equals (55 bytes)
Event: 1.639 Thread 0x000002522312a260 nmethod 3436 0x000002526c764c90 code [0x000002526c764e40, 0x000002526c764fd8]
Event: 1.639 Thread 0x000002522312a260 3439       3       java.lang.reflect.Modifier::isFinal (13 bytes)
Event: 1.639 Thread 0x0000025223050d80 nmethod 3431 0x000002526c765110 code [0x000002526c765320, 0x000002526c765ad8]
Event: 1.639 Thread 0x000002522312a260 nmethod 3439 0x000002526c765e10 code [0x000002526c765fa0, 0x000002526c7660f8]
Event: 1.639 Thread 0x0000025223bf50d0 nmethod 3437 0x000002526c766190 code [0x000002526c766380, 0x000002526c766898]
Event: 1.639 Thread 0x00000252232da580 nmethod 3438 0x000002526c766a10 code [0x000002526c766c00, 0x000002526c767378]

GC Heap History (12 events):
Event: 0.236 GC heap before
{Heap before GC invocations=0 (full 0):
 garbage-first heap   total 262144K, used 8192K [0x000000042e000000, 0x0000000800000000)
  region size 8192K, 2 young (16384K), 0 survivors (0K)
 Metaspace       used 7936K, committed 8128K, reserved 1114112K
  class space    used 688K, committed 768K, reserved 1048576K
}
Event: 0.238 GC heap after
{Heap after GC invocations=1 (full 0):
 garbage-first heap   total 262144K, used 9524K [0x000000042e000000, 0x0000000800000000)
  region size 8192K, 1 young (8192K), 1 survivors (8192K)
 Metaspace       used 7936K, committed 8128K, reserved 1114112K
  class space    used 688K, committed 768K, reserved 1048576K
}
Event: 0.356 GC heap before
{Heap before GC invocations=1 (full 0):
 garbage-first heap   total 262144K, used 17716K [0x000000042e000000, 0x0000000800000000)
  region size 8192K, 2 young (16384K), 1 survivors (8192K)
 Metaspace       used 10010K, committed 10240K, reserved 1114112K
  class space    used 901K, committed 1024K, reserved 1048576K
}
Event: 0.357 GC heap after
{Heap after GC invocations=2 (full 0):
 garbage-first heap   total 262144K, used 9447K [0x000000042e000000, 0x0000000800000000)
  region size 8192K, 1 young (8192K), 1 survivors (8192K)
 Metaspace       used 10010K, committed 10240K, reserved 1114112K
  class space    used 901K, committed 1024K, reserved 1048576K
}
Event: 0.565 GC heap before
{Heap before GC invocations=2 (full 0):
 garbage-first heap   total 262144K, used 50407K [0x000000042e000000, 0x0000000800000000)
  region size 8192K, 6 young (49152K), 1 survivors (8192K)
 Metaspace       used 12516K, committed 12736K, reserved 1114112K
  class space    used 1151K, committed 1280K, reserved 1048576K
}
Event: 0.567 GC heap after
{Heap after GC invocations=3 (full 0):
 garbage-first heap   total 262144K, used 13169K [0x000000042e000000, 0x0000000800000000)
  region size 8192K, 1 young (8192K), 1 survivors (8192K)
 Metaspace       used 12516K, committed 12736K, reserved 1114112K
  class space    used 1151K, committed 1280K, reserved 1048576K
}
Event: 0.962 GC heap before
{Heap before GC invocations=3 (full 0):
 garbage-first heap   total 262144K, used 144241K [0x000000042e000000, 0x0000000800000000)
  region size 8192K, 17 young (139264K), 1 survivors (8192K)
 Metaspace       used 12710K, committed 12928K, reserved 1114112K
  class space    used 1160K, committed 1280K, reserved 1048576K
}
Event: 0.965 GC heap after
{Heap after GC invocations=4 (full 0):
 garbage-first heap   total 262144K, used 21383K [0x000000042e000000, 0x0000000800000000)
  region size 8192K, 2 young (16384K), 2 survivors (16384K)
 Metaspace       used 12710K, committed 12928K, reserved 1114112K
  class space    used 1160K, committed 1280K, reserved 1048576K
}
Event: 1.108 GC heap before
{Heap before GC invocations=4 (full 0):
 garbage-first heap   total 262144K, used 160647K [0x000000042e000000, 0x0000000800000000)
  region size 8192K, 19 young (155648K), 2 survivors (16384K)
 Metaspace       used 12753K, committed 12928K, reserved 1114112K
  class space    used 1161K, committed 1280K, reserved 1048576K
}
Event: 1.113 GC heap after
{Heap after GC invocations=5 (full 0):
 garbage-first heap   total 262144K, used 28198K [0x000000042e000000, 0x0000000800000000)
  region size 8192K, 3 young (24576K), 3 survivors (24576K)
 Metaspace       used 12753K, committed 12928K, reserved 1114112K
  class space    used 1161K, committed 1280K, reserved 1048576K
}
Event: 1.632 GC heap before
{Heap before GC invocations=5 (full 0):
 garbage-first heap   total 262144K, used 118310K [0x000000042e000000, 0x0000000800000000)
  region size 8192K, 15 young (122880K), 3 survivors (24576K)
 Metaspace       used 21204K, committed 21504K, reserved 1114112K
  class space    used 2160K, committed 2304K, reserved 1048576K
}
Event: 1.638 GC heap after
{Heap after GC invocations=6 (full 0):
 garbage-first heap   total 262144K, used 34213K [0x000000042e000000, 0x0000000800000000)
  region size 8192K, 2 young (16384K), 2 survivors (16384K)
 Metaspace       used 21204K, committed 21504K, reserved 1114112K
  class space    used 2160K, committed 2304K, reserved 1048576K
}

Dll operation events (9 events):
Event: 0.005 Loaded shared library C:\Users\toast\curseforge\minecraft\Install\runtime\java-runtime-gamma\windows-x64\java-runtime-gamma\bin\java.dll
Event: 0.024 Loaded shared library C:\Users\toast\curseforge\minecraft\Install\runtime\java-runtime-gamma\windows-x64\java-runtime-gamma\bin\jsvml.dll
Event: 0.117 Loaded shared library C:\Users\toast\curseforge\minecraft\Install\runtime\java-runtime-gamma\windows-x64\java-runtime-gamma\bin\net.dll
Event: 0.118 Loaded shared library C:\Users\toast\curseforge\minecraft\Install\runtime\java-runtime-gamma\windows-x64\java-runtime-gamma\bin\nio.dll
Event: 0.122 Loaded shared library C:\Users\toast\curseforge\minecraft\Install\runtime\java-runtime-gamma\windows-x64\java-runtime-gamma\bin\zip.dll
Event: 0.178 Loaded shared library C:\Users\toast\curseforge\minecraft\Install\runtime\java-runtime-gamma\windows-x64\java-runtime-gamma\bin\jimage.dll
Event: 0.336 Loaded shared library C:\Users\toast\curseforge\minecraft\Install\runtime\java-runtime-gamma\windows-x64\java-runtime-gamma\bin\verify.dll
Event: 1.409 Loaded shared library C:\Users\toast\curseforge\minecraft\Install\runtime\java-runtime-gamma\windows-x64\java-runtime-gamma\bin\management.dll
Event: 1.411 Loaded shared library C:\Users\toast\curseforge\minecraft\Install\runtime\java-runtime-gamma\windows-x64\java-runtime-gamma\bin\management_ext.dll

Deoptimization events (20 events):
Event: 1.590 Thread 0x00000252689793d0 Uncommon trap: trap_request=0xffffff45 fr.pc=0x0000025273e6d8fc relative=0x000000000000035c
Event: 1.590 Thread 0x00000252689793d0 Uncommon trap: reason=unstable_if action=reinterpret pc=0x0000025273e6d8fc method=java.util.HashMap$HashIterator.<init>(Ljava/util/HashMap;)V @ 45 c2
Event: 1.590 Thread 0x00000252689793d0 DEOPT PACKING pc=0x0000025273e6d8fc sp=0x000000e3c03fea90
Event: 1.590 Thread 0x00000252689793d0 DEOPT UNPACKING pc=0x00000252735a69a3 sp=0x000000e3c03fea48 mode 2
Event: 1.604 Thread 0x00000252689793d0 Uncommon trap: trap_request=0xffffff45 fr.pc=0x0000025273cc2a34 relative=0x0000000000000414
Event: 1.604 Thread 0x00000252689793d0 Uncommon trap: reason=unstable_if action=reinterpret pc=0x0000025273cc2a34 method=java.lang.StringLatin1.canEncode(I)Z @ 4 c2
Event: 1.604 Thread 0x00000252689793d0 DEOPT PACKING pc=0x0000025273cc2a34 sp=0x000000e3c03fc280
Event: 1.604 Thread 0x00000252689793d0 DEOPT UNPACKING pc=0x00000252735a69a3 sp=0x000000e3c03fc1a8 mode 2
Event: 1.604 Thread 0x00000252689793d0 Uncommon trap: trap_request=0xffffff45 fr.pc=0x0000025273cc3814 relative=0x00000000000003f4
Event: 1.604 Thread 0x00000252689793d0 Uncommon trap: reason=unstable_if action=reinterpret pc=0x0000025273cc3814 method=java.lang.AbstractStringBuilder.isLatin1()Z @ 10 c2
Event: 1.604 Thread 0x00000252689793d0 DEOPT PACKING pc=0x0000025273cc3814 sp=0x000000e3c03fc2a0
Event: 1.604 Thread 0x00000252689793d0 DEOPT UNPACKING pc=0x00000252735a69a3 sp=0x000000e3c03fc220 mode 2
Event: 1.604 Thread 0x00000252689793d0 Uncommon trap: trap_request=0xffffff45 fr.pc=0x0000025273cdc45c relative=0x000000000000005c
Event: 1.604 Thread 0x00000252689793d0 Uncommon trap: reason=unstable_if action=reinterpret pc=0x0000025273cdc45c method=java.lang.AbstractStringBuilder.isLatin1()Z @ 10 c2
Event: 1.604 Thread 0x00000252689793d0 DEOPT PACKING pc=0x0000025273cdc45c sp=0x000000e3c03fc280
Event: 1.604 Thread 0x00000252689793d0 DEOPT UNPACKING pc=0x00000252735a69a3 sp=0x000000e3c03fc210 mode 2
Event: 1.608 Thread 0x00000252689793d0 Uncommon trap: trap_request=0xffffff45 fr.pc=0x0000025273ccd248 relative=0x0000000000000048
Event: 1.608 Thread 0x00000252689793d0 Uncommon trap: reason=unstable_if action=reinterpret pc=0x0000025273ccd248 method=java.lang.CharacterData.of(I)Ljava/lang/CharacterData; @ 4 c2
Event: 1.608 Thread 0x00000252689793d0 DEOPT PACKING pc=0x0000025273ccd248 sp=0x000000e3c03fba00
Event: 1.608 Thread 0x00000252689793d0 DEOPT UNPACKING pc=0x00000252735a69a3 sp=0x000000e3c03fb998 mode 2

Classes unloaded (0 events):
No events

Classes redefined (0 events):
No events

Internal exceptions (20 events):
Event: 0.264 Thread 0x00000252689793d0 Exception <a 'java/lang/NoSuchMethodError'{0x000000043db61e50}: 'java.lang.Object java.lang.invoke.DirectMethodHandle$Holder.invokeStatic(java.lang.Object, java.lang.Object, int)'> (0x000000043db61e50) 
thrown [s\src\hotspot\share\interpreter\linkResolver.cpp, line 759]
Event: 0.273 Thread 0x00000252689793d0 Exception <a 'java/lang/NoSuchMethodError'{0x000000043dba3808}: 'java.lang.Object java.lang.invoke.Invokers$Holder.invoke_MT(java.lang.Object, java.lang.Object, java.lang.Object)'> (0x000000043dba3808) 
thrown [s\src\hotspot\share\interpreter\linkResolver.cpp, line 759]
Event: 0.275 Thread 0x00000252689793d0 Exception <a 'java/lang/NoSuchMethodError'{0x000000043dbaec80}: 'void java.lang.invoke.Invokers$Holder.invoke_MT(java.lang.Object, java.lang.Object, java.lang.Object)'> (0x000000043dbaec80) 
thrown [s\src\hotspot\share\interpreter\linkResolver.cpp, line 759]
Event: 0.282 Thread 0x00000252689793d0 Exception <a 'java/lang/NoSuchMethodError'{0x000000043dbed9d8}: 'int java.lang.invoke.DirectMethodHandle$Holder.invokeSpecial(java.lang.Object, java.lang.Object, java.lang.Object)'> (0x000000043dbed9d8) 
thrown [s\src\hotspot\share\interpreter\linkResolver.cpp, line 759]
Event: 0.282 Thread 0x00000252689793d0 Exception <a 'java/lang/NoSuchMethodError'{0x000000043dbf1280}: 'int java.lang.invoke.Invokers$Holder.invoke_MT(java.lang.Object, java.lang.Object, java.lang.Object)'> (0x000000043dbf1280) 
thrown [s\src\hotspot\share\interpreter\linkResolver.cpp, line 759]
Event: 0.284 Thread 0x00000252689793d0 Exception <a 'java/lang/NoSuchMethodError'{0x000000043dc0c6e0}: 'java.lang.Object java.lang.invoke.DirectMethodHandle$Holder.newInvokeSpecial(java.lang.Object, int, java.lang.Object)'> (0x000000043dc0c6e0) 
thrown [s\src\hotspot\share\interpreter\linkResolver.cpp, line 759]
Event: 0.285 Thread 0x00000252689793d0 Exception <a 'java/lang/NoSuchMethodError'{0x000000043dc14990}: 'int java.lang.invoke.DirectMethodHandle$Holder.invokeVirtual(java.lang.Object, java.lang.Object, java.lang.Object)'> (0x000000043dc14990) 
thrown [s\src\hotspot\share\interpreter\linkResolver.cpp, line 759]
Event: 0.287 Thread 0x00000252689793d0 Exception <a 'java/lang/NoSuchMethodError'{0x000000043dc27b30}: 'void java.lang.invoke.DirectMethodHandle$Holder.invokeVirtual(java.lang.Object, java.lang.Object)'> (0x000000043dc27b30) 
thrown [s\src\hotspot\share\interpreter\linkResolver.cpp, line 759]
Event: 0.300 Thread 0x00000252689793d0 Exception <a 'java/lang/NoSuchMethodError'{0x000000043dcc2818}: 'java.lang.Object java.lang.invoke.DirectMethodHandle$Holder.invokeStatic(java.lang.Object, int, java.lang.Object)'> (0x000000043dcc2818) 
thrown [s\src\hotspot\share\interpreter\linkResolver.cpp, line 759]
Event: 0.309 Thread 0x00000252689793d0 Exception <a 'java/lang/NoSuchMethodError'{0x000000043dcfe9d8}: 'void java.lang.invoke.DirectMethodHandle$Holder.invokeStatic(java.lang.Object, java.lang.Object)'> (0x000000043dcfe9d8) 
thrown [s\src\hotspot\share\interpreter\linkResolver.cpp, line 759]
Event: 0.859 Thread 0x00000252689793d0 Exception <a 'java/lang/NoSuchMethodError'{0x000000043707c608}: 'int java.lang.invoke.DirectMethodHandle$Holder.invokeStatic(java.lang.Object, java.lang.Object, java.lang.Object, java.lang.Object)'> (0x000000043707c608) 
thrown [s\src\hotspot\share\interpreter\linkResolver.cpp, line 759]
Event: 0.859 Thread 0x00000252689793d0 Exception <a 'java/lang/NoSuchMethodError'{0x000000043707fce0}: 'java.lang.Object java.lang.invoke.Invokers$Holder.invokeExact_MT(java.lang.Object, java.lang.Object, java.lang.Object, java.lang.Object, java.lang.Object, java.lang.Object)'> (0x000000043707fce0) 
thrown [s\src\hotspot\share\interpreter\linkResolver.cpp, line 759]
Event: 1.197 Thread 0x00000252689793d0 Implicit null exception at 0x0000025273d81f5f to 0x0000025273d831dc
Event: 1.291 Thread 0x00000252689793d0 Exception <a 'java/lang/NoSuchMethodError'{0x000000043b08eff0}: 'void java.lang.invoke.DelegatingMethodHandle$Holder.delegate(java.lang.Object, java.lang.Object, int, java.lang.Object)'> (0x000000043b08eff0) 
thrown [s\src\hotspot\share\interpreter\linkResolver.cpp, line 759]
Event: 1.297 Thread 0x00000252689793d0 Exception <a 'java/lang/IncompatibleClassChangeError'{0x000000043b133ef8}: Found class java.lang.Object, but interface was expected> (0x000000043b133ef8) 
thrown [s\src\hotspot\share\interpreter\linkResolver.cpp, line 826]
Event: 1.300 Thread 0x00000252689793d0 Exception <a 'java/lang/NoSuchMethodError'{0x000000043b158f68}: 'java.lang.Object java.lang.invoke.DirectMethodHandle$Holder.newInvokeSpecial(java.lang.Object, java.lang.Object, java.lang.Object, int, java.lang.Object)'> (0x000000043b158f68) 
thrown [s\src\hotspot\share\interpreter\linkResolver.cpp, line 759]
Event: 1.393 Thread 0x00000252689793d0 Exception <a 'java/lang/NoSuchMethodError'{0x000000043a39b708}: 'java.lang.Object java.lang.invoke.DirectMethodHandle$Holder.newInvokeSpecial(java.lang.Object, long, int, java.lang.Object)'> (0x000000043a39b708) 
thrown [s\src\hotspot\share\interpreter\linkResolver.cpp, line 759]
Event: 1.400 Thread 0x00000252689793d0 Exception <a 'java/lang/NoSuchMethodError'{0x000000043a489a28}: 'void java.lang.invoke.DirectMethodHandle$Holder.invokeStaticInit(java.lang.Object, java.lang.Object, java.lang.Object, java.lang.Object)'> (0x000000043a489a28) 
thrown [s\src\hotspot\share\interpreter\linkResolver.cpp, line 759]
Event: 1.568 Thread 0x00000252689793d0 Exception <a 'java/lang/NoSuchMethodError'{0x0000000438128ca8}: 'java.lang.Object java.lang.invoke.DirectMethodHandle$Holder.newInvokeSpecial(java.lang.Object, java.lang.Object, java.lang.Object, java.lang.Object, java.lang.Object)'> (0x0000000438128ca8) 
thrown [s\src\hotspot\share\interpreter\linkResolver.cpp, line 759]
Event: 1.617 Thread 0x00000252689793d0 Exception <a 'java/lang/NoSuchMethodError'{0x00000004385ca3b8}: 'int java.lang.invoke.DirectMethodHandle$Holder.invokeStaticInit(java.lang.Object, java.lang.Object, java.lang.Object)'> (0x00000004385ca3b8) 
thrown [s\src\hotspot\share\interpreter\linkResolver.cpp, line 759]

VM Operations (20 events):
Event: 1.290 Executing VM operation: HandshakeAllThreads
Event: 1.290 Executing VM operation: HandshakeAllThreads done
Event: 1.298 Executing VM operation: HandshakeAllThreads
Event: 1.298 Executing VM operation: HandshakeAllThreads done
Event: 1.317 Executing VM operation: HandshakeAllThreads
Event: 1.317 Executing VM operation: HandshakeAllThreads done
Event: 1.318 Executing VM operation: ICBufferFull
Event: 1.318 Executing VM operation: ICBufferFull done
Event: 1.431 Executing VM operation: HandshakeAllThreads
Event: 1.431 Executing VM operation: HandshakeAllThreads done
Event: 1.442 Executing VM operation: HandshakeAllThreads
Event: 1.442 Executing VM operation: HandshakeAllThreads done
Event: 1.607 Executing VM operation: HandshakeAllThreads
Event: 1.607 Executing VM operation: HandshakeAllThreads done
Event: 1.608 Executing VM operation: HandshakeAllThreads
Event: 1.608 Executing VM operation: HandshakeAllThreads done
Event: 1.610 Executing VM operation: HandshakeAllThreads
Event: 1.610 Executing VM operation: HandshakeAllThreads done
Event: 1.632 Executing VM operation: CollectForMetadataAllocation
Event: 1.638 Executing VM operation: CollectForMetadataAllocation done

Events (20 events):
Event: 1.627 loading class sun/util/locale/provider/CalendarNameProviderImpl$LengthBasedComparator
Event: 1.627 loading class sun/util/locale/provider/CalendarNameProviderImpl$LengthBasedComparator done
Event: 1.627 loading class java/util/regex/Pattern$SliceU
Event: 1.627 loading class java/util/regex/Pattern$SliceU done
Event: 1.629 loading class jdk/internal/reflect/UnsafeIntegerFieldAccessorImpl
Event: 1.629 loading class jdk/internal/reflect/UnsafeIntegerFieldAccessorImpl done
Event: 1.630 loading class javax/management/MBeanServerConnection
Event: 1.630 loading class javax/management/MBeanServerConnection done
Event: 1.630 loading class java/lang/management/ClassLoadingMXBean
Event: 1.630 loading class java/lang/management/ClassLoadingMXBean done
Event: 1.630 loading class java/lang/management/MemoryMXBean
Event: 1.630 loading class java/lang/management/MemoryMXBean done
Event: 1.630 loading class java/lang/management/ThreadMXBean
Event: 1.630 loading class java/lang/management/ThreadMXBean done
Event: 1.630 loading class java/lang/management/CompilationMXBean
Event: 1.630 loading class java/lang/management/CompilationMXBean done
Event: 1.630 loading class java/lang/management/OperatingSystemMXBean
Event: 1.630 loading class java/lang/management/OperatingSystemMXBean done
Event: 1.630 loading class javax/management/MBeanServer
Event: 1.630 loading class javax/management/MBeanServer done


Dynamic libraries:
0x00007ff6d6180000 - 0x00007ff6d618e000 	C:\Users\toast\curseforge\minecraft\Install\runtime\java-runtime-gamma\windows-x64\java-runtime-gamma\bin\javaw.exe
0x00007ffb68650000 - 0x00007ffb68867000 	C:\Windows\SYSTEM32\ntdll.dll
0x00007ffb66ff0000 - 0x00007ffb670b4000 	C:\Windows\System32\KERNEL32.DLL
0x00007ffb65ce0000 - 0x00007ffb6608d000 	C:\Windows\System32\KERNELBASE.dll
0x00007ffb65b50000 - 0x00007ffb65c61000 	C:\Windows\System32\ucrtbase.dll
0x00007ffb61130000 - 0x00007ffb61147000 	C:\Users\toast\curseforge\minecraft\Install\runtime\java-runtime-gamma\windows-x64\java-runtime-gamma\bin\jli.dll
0x00007ffb61110000 - 0x00007ffb6112b000 	C:\Users\toast\curseforge\minecraft\Install\runtime\java-runtime-gamma\windows-x64\java-runtime-gamma\bin\VCRUNTIME140.dll
0x00007ffb68330000 - 0x00007ffb684de000 	C:\Windows\System32\USER32.dll
0x00007ffb66200000 - 0x00007ffb66226000 	C:\Windows\System32\win32u.dll
0x00007ffb66410000 - 0x00007ffb66439000 	C:\Windows\System32\GDI32.dll
0x00007ffb66260000 - 0x00007ffb66379000 	C:\Windows\System32\gdi32full.dll
0x00007ffb65ab0000 - 0x00007ffb65b4a000 	C:\Windows\System32\msvcp_win.dll
0x00007ffb521c0000 - 0x00007ffb52453000 	C:\Windows\WinSxS\amd64_microsoft.windows.common-controls_6595b64144ccf1df_6.0.22621.3672_none_2713b9d173822955\COMCTL32.dll
0x00007ffb672b0000 - 0x00007ffb67357000 	C:\Windows\System32\msvcrt.dll
0x00007ffb66d40000 - 0x00007ffb66d71000 	C:\Windows\System32\IMM32.DLL
0x00007ffb61100000 - 0x00007ffb6110c000 	C:\Users\toast\curseforge\minecraft\Install\runtime\java-runtime-gamma\windows-x64\java-runtime-gamma\bin\vcruntime140_1.dll
0x00007ffb35610000 - 0x00007ffb3569d000 	C:\Users\toast\curseforge\minecraft\Install\runtime\java-runtime-gamma\windows-x64\java-runtime-gamma\bin\msvcp140.dll
0x00007ffaf9ae0000 - 0x00007ffafa745000 	C:\Users\toast\curseforge\minecraft\Install\runtime\java-runtime-gamma\windows-x64\java-runtime-gamma\bin\server\jvm.dll
0x00007ffb671f0000 - 0x00007ffb672a2000 	C:\Windows\System32\ADVAPI32.dll
0x00007ffb68560000 - 0x00007ffb68609000 	C:\Windows\System32\sechost.dll
0x00007ffb66230000 - 0x00007ffb66258000 	C:\Windows\System32\bcrypt.dll
0x00007ffb670d0000 - 0x00007ffb671e4000 	C:\Windows\System32\RPCRT4.dll
0x00007ffb64820000 - 0x00007ffb6486d000 	C:\Windows\SYSTEM32\POWRPROF.dll
0x00007ffb62be0000 - 0x00007ffb62be9000 	C:\Windows\SYSTEM32\WSOCK32.dll
0x00007ffb617f0000 - 0x00007ffb61824000 	C:\Windows\SYSTEM32\WINMM.dll
0x00007ffb67a80000 - 0x00007ffb67af1000 	C:\Windows\System32\WS2_32.dll
0x00007ffb5f2f0000 - 0x00007ffb5f2fa000 	C:\Windows\SYSTEM32\VERSION.dll
0x00007ffb64800000 - 0x00007ffb64813000 	C:\Windows\SYSTEM32\UMPDC.dll
0x00007ffb64ab0000 - 0x00007ffb64ac8000 	C:\Windows\SYSTEM32\kernel.appcore.dll
0x00007ffb5f320000 - 0x00007ffb5f32a000 	C:\Users\toast\curseforge\minecraft\Install\runtime\java-runtime-gamma\windows-x64\java-runtime-gamma\bin\jimage.dll
0x00007ffb5ac40000 - 0x00007ffb5ae72000 	C:\Windows\SYSTEM32\DBGHELP.DLL
0x00007ffb67440000 - 0x00007ffb677ce000 	C:\Windows\System32\combase.dll
0x00007ffb67360000 - 0x00007ffb67437000 	C:\Windows\System32\OLEAUT32.dll
0x00007ffb4ba20000 - 0x00007ffb4ba52000 	C:\Windows\SYSTEM32\dbgcore.DLL
0x00007ffb65970000 - 0x00007ffb659eb000 	C:\Windows\System32\bcryptPrimitives.dll
0x00007ffb4a070000 - 0x00007ffb4a095000 	C:\Users\toast\curseforge\minecraft\Install\runtime\java-runtime-gamma\windows-x64\java-runtime-gamma\bin\java.dll
0x00007ffb4a050000 - 0x00007ffb4a068000 	C:\Users\toast\curseforge\minecraft\Install\runtime\java-runtime-gamma\windows-x64\java-runtime-gamma\bin\zip.dll
0x00007ffb17ae0000 - 0x00007ffb17bb7000 	C:\Users\toast\curseforge\minecraft\Install\runtime\java-runtime-gamma\windows-x64\java-runtime-gamma\bin\jsvml.dll
0x00007ffb664b0000 - 0x00007ffb66d17000 	C:\Windows\System32\SHELL32.dll
0x00007ffb638f0000 - 0x00007ffb641ef000 	C:\Windows\SYSTEM32\windows.storage.dll
0x00007ffb637b0000 - 0x00007ffb638ef000 	C:\Windows\SYSTEM32\wintypes.dll
0x00007ffb67b50000 - 0x00007ffb67c49000 	C:\Windows\System32\SHCORE.dll
0x00007ffb67850000 - 0x00007ffb678ae000 	C:\Windows\System32\shlwapi.dll
0x00007ffb658a0000 - 0x00007ffb658c7000 	C:\Windows\SYSTEM32\profapi.dll
0x00007ffb3f860000 - 0x00007ffb3f879000 	C:\Users\toast\curseforge\minecraft\Install\runtime\java-runtime-gamma\windows-x64\java-runtime-gamma\bin\net.dll
0x00007ffb621e0000 - 0x00007ffb62316000 	C:\Windows\SYSTEM32\WINHTTP.dll
0x00007ffb64f20000 - 0x00007ffb64f89000 	C:\Windows\system32\mswsock.dll
0x00007ffb3d3f0000 - 0x00007ffb3d406000 	C:\Users\toast\curseforge\minecraft\Install\runtime\java-runtime-gamma\windows-x64\java-runtime-gamma\bin\nio.dll
0x00007ffb5f310000 - 0x00007ffb5f320000 	C:\Users\toast\curseforge\minecraft\Install\runtime\java-runtime-gamma\windows-x64\java-runtime-gamma\bin\verify.dll
0x00007ffb4a870000 - 0x00007ffb4a879000 	C:\Users\toast\curseforge\minecraft\Install\runtime\java-runtime-gamma\windows-x64\java-runtime-gamma\bin\management.dll
0x00007ffb4a7d0000 - 0x00007ffb4a7db000 	C:\Users\toast\curseforge\minecraft\Install\runtime\java-runtime-gamma\windows-x64\java-runtime-gamma\bin\management_ext.dll
0x00007ffb66d20000 - 0x00007ffb66d28000 	C:\Windows\System32\PSAPI.DLL
0x00007ffb295c0000 - 0x00007ffb295d7000 	C:\Windows\system32\napinsp.dll
0x00007ffb295a0000 - 0x00007ffb295bb000 	C:\Windows\system32\pnrpnsp.dll
0x00007ffb64540000 - 0x00007ffb64638000 	C:\Windows\SYSTEM32\DNSAPI.dll
0x00007ffb64500000 - 0x00007ffb6452d000 	C:\Windows\SYSTEM32\IPHLPAPI.DLL
0x00007ffb670c0000 - 0x00007ffb670c9000 	C:\Windows\System32\NSI.dll
0x00007ffb29500000 - 0x00007ffb29511000 	C:\Windows\System32\winrnr.dll
0x00007ffb41800000 - 0x00007ffb41815000 	C:\Windows\system32\wshbth.dll
0x00007ffb293f0000 - 0x00007ffb29417000 	C:\Windows\system32\nlansp_c.dll
0x00007ffb58090000 - 0x00007ffb5809a000 	C:\Windows\System32\rasadhlp.dll
0x00007ffb614a0000 - 0x00007ffb61523000 	C:\Windows\System32\fwpuclnt.dll

dbghelp: loaded successfully - version: 4.0.5 - missing functions: none
symbol engine: initialized successfully - sym options: 0x614 - pdb path: .;C:\Users\toast\curseforge\minecraft\Install\runtime\java-runtime-gamma\windows-x64\java-runtime-gamma\bin;C:\Windows\SYSTEM32;C:\Windows\WinSxS\amd64_microsoft.windows.common-controls_6595b64144ccf1df_6.0.22621.3672_none_2713b9d173822955;C:\Users\toast\curseforge\minecraft\Install\runtime\java-runtime-gamma\windows-x64\java-runtime-gamma\bin\server

VM Arguments:
jvm_args: -XX:HeapDumpPath=MojangTricksIntelDriversForPerformance_javaw.exe_minecraft.exe.heapdump -Xss1M -Djava.library.path=C:\Users\toast\curseforge\minecraft\Install\bin\02decfd91ab6168823db7970565f308f2f0a7589 -Djna.tmpdir=C:\Users\toast\curseforge\minecraft\Install\bin\02decfd91ab6168823db7970565f308f2f0a7589 -Dorg.lwjgl.system.SharedLibraryExtractPath=C:\Users\toast\curseforge\minecraft\Install\bin\02decfd91ab6168823db7970565f308f2f0a7589 -Dio.netty.native.workdir=C:\Users\toast\curseforge\minecraft\Install\bin\02decfd91ab6168823db7970565f308f2f0a7589 -Dminecraft.launcher.brand=minecraft-launcher -Dminecraft.launcher.version=3.1.13 -Djava.net.preferIPv6Addresses=system -DignoreList=bootstraplauncher,securejarhandler,asm-commons,asm-util,asm-analysis,asm-tree,asm,JarJarFileSystems,client-extra,fmlcore,javafmllanguage,lowcodelanguage,mclanguage,forge-,forge-47.3.7.jar,forge-47.3.7 -DmergeModules=jna-5.10.0.jar,jna-platform-5.10.0.jar -DlibraryDirectory=C:\Users\toast\curseforge\minecraft\Install\libraries --module-path=C:\Users\toast\curseforge\minecraft\Install\libraries/cpw/mods/bootstraplauncher/1.1.2/bootstraplauncher-1.1.2.jar;C:\Users\toast\curseforge\minecraft\Install\libraries/cpw/mods/securejarhandler/2.1.10/securejarhandler-2.1.10.jar;C:\Users\toast\curseforge\minecraft\Install\libraries/org/ow2/asm/asm-commons/9.7/asm-commons-9.7.jar;C:\Users\toast\curseforge\minecraft\Install\libraries/org/ow2/asm/asm-util/9.7/asm-util-9.7.jar;C:\Users\toast\curseforge\minecraft\Install\libraries/org/ow2/asm/asm-analysis/9.7/asm-analysis-9.7.jar;C:\Users\toast\curseforge\minecraft\Install\libraries/org/ow2/asm/asm-tree/9.7/asm-tree-9.7.jar;C:\Users\toast\curseforge\minecraft\Install\libraries/org/ow2/asm/asm/9.7/asm-9.7.jar;C:\Users\toast\curseforge\minecraft\Install\libraries/net/minecraftforge/JarJarFileSystems/0.3.19/JarJarFileSystems-0.3.19.jar --add-modules=ALL-MODULE-PATH --add-opens=java.base/java.util.jar=cpw.mods.securejarhandler --add-opens=java.base/java.lang.invoke=cpw.mods.securejarhandler --add-exports=java.base/sun.security.util=cpw.mods.securejarhandler --add-exports=jdk.naming.dns/com.sun.jndi.dns=java.naming -Xmx15648m -Xms256m -Dminecraft.applet.TargetDirectory=C:\Users\toast\curseforge\minecraft\Instances\GH2 The Book of John -Dfml.ignorePatchDiscrepancies=true -Dfml.ignoreInvalidMinecraftCertificates=true -Duser.language=en -Duser.country=US -DlibraryDirectory=C:\Users\toast\curseforge\minecraft\Install\libraries 
java_command: cpw.mods.bootstraplauncher.BootstrapLauncher --username Sourpuss4444 --version forge-47.3.7 --gameDir C:\Users\toast\curseforge\minecraft\Instances\GH2 The Book of John --assetsDir C:\Users\toast\curseforge\minecraft\Install\assets --assetIndex 5 --uuid aa75050899824a13b9022db707176742 --accessToken eyJraWQiOiJhYzg0YSIsImFsZyI6IkhTMjU2In0.eyJ4dWlkIjoiMjUzNTQzMDQ1MzE1MTE5MCIsImFnZyI6IkFkdWx0Iiwic3ViIjoiZmQzYWI1OWUtZmE3My00ZDc1LWFjYTEtNTE4NmEyNTE3MGEwIiwiYXV0aCI6IlhCT1giLCJucyI6ImRlZmF1bHQiLCJyb2xlcyI6W10sImlzcyI6ImF1dGhlbnRpY2F0aW9uIiwiZmxhZ3MiOlsidHdvZmFjdG9yYXV0aCIsIm1zYW1pZ3JhdGlvbl9zdGFnZTQiLCJvcmRlcnNfMjAyMiIsIm11bHRpcGxheWVyIl0sInByb2ZpbGVzIjp7Im1jIjoiYWE3NTA1MDgtOTk4Mi00YTEzLWI5MDItMmRiNzA3MTc2NzQyIn0sInBsYXRmb3JtIjoiUENfTEFVTkNIRVIiLCJ5dWlkIjoiOWI4NTVjMGM2ZTliODU5YzU4OTZmNDgyZTEzNWY1MjgiLCJuYmYiOjE3MjcwMzE4OTAsImV4cCI6MTcyNzExODI5MCwiaWF0IjoxNzI3MDMxODkwfQ.byAPzpBBdtKYek2GXqlzyTYLVm2kTq7RNH9VHOw2cY8 --clientId YWU3YjUxN2UtMWY2ZC00NDgyLWEyZDQtYmU0YWJjMGMzZjVk --xuid 2535430453151190 --userType msa --versionType release --width 1920 --height 1080 --quickPlayPath C:\Users\toast\curseforge\minecraft\Install\quickPlay\java\1727031895401.json --launchTarget forgeclient --fml.forgeVersion 47.3.7 --fml.mcVersion 1.20.1 --fml.forgeGroup net.minecraftforge --fml.mcpVersion 20230612.114412
java_class_path (initial): C:\Users\toast\curseforge\minecraft\Install\libraries\cpw\mods\securejarhandler\2.1.10\securejarhandler-2.1.10.jar;C:\Users\toast\curseforge\minecraft\Install\libraries\org\ow2\asm\asm\9.7\asm-9.7.jar;C:\Users\toast\curseforge\minecraft\Install\libraries\org\ow2\asm\asm-commons\9.7\asm-commons-9.7.jar;C:\Users\toast\curseforge\minecraft\Install\libraries\org\ow2\asm\asm-tree\9.7\asm-tree-9.7.jar;C:\Users\toast\curseforge\minecraft\Install\libraries\org\ow2\asm\asm-util\9.7\asm-util-9.7.jar;C:\Users\toast\curseforge\minecraft\Install\libraries\org\ow2\asm\asm-analysis\9.7\asm-analysis-9.7.jar;C:\Users\toast\curseforge\minecraft\Install\libraries\net\minecraftforge\accesstransformers\8.0.4\accesstransformers-8.0.4.jar;C:\Users\toast\curseforge\minecraft\Install\libraries\org\antlr\antlr4-runtime\4.9.1\antlr4-runtime-4.9.1.jar;C:\Users\toast\curseforge\minecraft\Install\libraries\net\minecraftforge\eventbus\6.0.5\eventbus-6.0.5.jar;C:\Users\toast\curseforge\minecraft\Install\libraries\net\minecraftforge\forgespi\7.0.1\forgespi-7.0.1.jar;C:\Users\toast\curseforge\minecraft\Install\libraries\net\minecraftforge\coremods\5.1.6\coremods-5.1.6.jar;C:\Users\toast\curseforge\minecraft\Install\libraries\cpw\mods\modlauncher\10.0.9\modlauncher-10.0.9.jar;C:\Users\toast\curseforge\minecraft\Install\libraries\net\minecraftforge\unsafe\0.2.0\unsafe-0.2.0.jar;C:\Users\toast\curseforge\minecraft\Install\libraries\net\minecraftforge\mergetool\1.1.5\mergetool-1.1.5-api.jar;C:\Users\toast\curseforge\minecraft\Install\libraries\com\electronwill\night-config\core\3.6.4\core-3.6.4.jar;C:\Users\toast\curseforge\minecraft\Install\libraries\com\electronwill\night-config\toml\3.6.4\toml-3.6.4.jar;C:\Users\toast\curseforge\minecraft\Install\libraries\org\apache\maven\maven-artifact\3.8.5\maven-artifact-3.8.5.jar;C:\Users\toast\curseforge\minecraft\Install\libraries\net\jodah\typetools\0.6.3\typetools-0.6.3.jar;C:\Users\toast\curseforge\minecraft\Install\libraries\ne
Launcher Type: SUN_STANDARD

[Global flags]
     intx CICompilerCount                          = 12                                        {product} {ergonomic}
     uint ConcGCThreads                            = 3                                         {product} {ergonomic}
     uint G1ConcRefinementThreads                  = 13                                        {product} {ergonomic}
   size_t G1HeapRegionSize                         = 8388608                                   {product} {ergonomic}
    uintx GCDrainStackTargetSize                   = 64                                        {product} {ergonomic}
    ccstr HeapDumpPath                             = MojangTricksIntelDriversForPerformance_javaw.exe_minecraft.exe.heapdump         {manageable} {command line}
   size_t InitialHeapSize                          = 268435456                                 {product} {command line}
   size_t MarkStackSize                            = 4194304                                   {product} {ergonomic}
   size_t MaxHeapSize                              = 16408117248                               {product} {command line}
   size_t MaxNewSize                               = 9839837184                                {product} {ergonomic}
   size_t MinHeapDeltaBytes                        = 8388608                                   {product} {ergonomic}
   size_t MinHeapSize                              = 268435456                                 {product} {command line}
    uintx NonNMethodCodeHeapSize                   = 7602480                                {pd product} {ergonomic}
    uintx NonProfiledCodeHeapSize                  = 122027880                              {pd product} {ergonomic}
    uintx ProfiledCodeHeapSize                     = 122027880                              {pd product} {ergonomic}
    uintx ReservedCodeCacheSize                    = 251658240                              {pd product} {ergonomic}
     bool SegmentedCodeCache                       = true                                      {product} {ergonomic}
   size_t SoftMaxHeapSize                          = 16408117248                            {manageable} {ergonomic}
     intx ThreadStackSize                          = 1024                                   {pd product} {command line}
     bool UseCompressedClassPointers               = true                           {product lp64_product} {ergonomic}
     bool UseCompressedOops                        = true                           {product lp64_product} {ergonomic}
     bool UseG1GC                                  = true                                      {product} {ergonomic}
     bool UseLargePagesIndividualAllocation        = false                                  {pd product} {ergonomic}

Logging:
Log output configuration:
 #0: stdout all=warning uptime,level,tags
 #1: stderr all=off uptime,level,tags

Environment Variables:
PATH=C:\Program Files\Common Files\Oracle\Java\javapath;C:\Program Files (x86)\Common Files\Oracle\Java\java8path;C:\Program Files (x86)\Common Files\Oracle\Java\javapath;C:\Windows\system32;C:\Windows;C:\Windows\System32\Wbem;C:\Windows\System32\WindowsPowerShell\v1.0\;C:\Windows\System32\OpenSSH\;C:\Program Files (x86)\NVIDIA Corporation\PhysX\Common;C:\Program Files\dotnet\;C:\Program Files\NVIDIA Corporation\NVIDIA app\NvDLISR;C:\Users\toast\AppData\Local\Microsoft\WindowsApps;
USERNAME=toast
OS=Windows_NT
PROCESSOR_IDENTIFIER=AMD64 Family 25 Model 80 Stepping 0, AuthenticAMD
TMP=C:\Users\toast\AppData\Local\Temp
TEMP=C:\Users\toast\AppData\Local\Temp



---------------  S Y S T E M  ---------------

OS:
 Windows 11 , 64 bit Build 22621 (10.0.22621.3958)
OS uptime: 1 days 13:34 hours

CPU: total 16 (initial active 16) (16 cores per cpu, 2 threads per core) family 25 model 80 stepping 0 microcode 0x0, cx8, cmov, fxsr, ht, mmx, 3dnowpref, sse, sse2, sse3, ssse3, sse4a, sse4.1, sse4.2, popcnt, lzcnt, tsc, tscinvbit, avx, avx2, aes, erms, clmul, bmi1, bmi2, adx, sha, fma, vzeroupper, clflush, clflushopt
Processor Information for all 16 processors :
  Max Mhz: 3701, Current Mhz: 3701, Mhz Limit: 3701

Memory: 4k page, system-wide physical 16167M (9068M free)
TotalPageFile size 27431M (AvailPageFile size 12102M)
current process WorkingSet (physical memory assigned to process): 330M, peak: 344M
current process commit charge ("private bytes"): 452M, peak: 466M

vm_info: OpenJDK 64-Bit Server VM (17.0.8+7-LTS) for windows-amd64 JRE (17.0.8+7-LTS), built on Jul  7 2023 17:21:55 by "MicrosoftCorporation" with MS VC++ 16.10 / 16.11 (VS2019)

END.
