#
# A fatal error has been detected by the Java Runtime Environment:
#
#  EXCEPTION_ACCESS_VIOLATION (0xc0000005) at pc=0x00007ffad856d080, pid=22072, tid=20448
#
# JRE version: OpenJDK Runtime Environment Microsoft-8035246 (17.0.8+7) (build 17.0.8+7-LTS)
# Java VM: OpenJDK 64-Bit Server VM Microsoft-8035246 (17.0.8+7-LTS, mixed mode, tiered, compressed oops, compressed class ptrs, g1 gc, windows-amd64)
# Problematic frame:
# V  [jvm.dll+0x36d080]
#
# No core dump will be written. Minidumps are not enabled by default on client versions of Windows
#
# If you would like to submit a bug report, please visit:
#   https://aka.ms/minecraftjavacrashes
#

---------------  S U M M A R Y ------------

Command Line: -XX:HeapDumpPath=MojangTricksIntelDriversForPerformance_javaw.exe_minecraft.exe.heapdump -Xss1M -Djava.library.path=C:\Users\toast\curseforge\minecraft\Install\bin\c5f7c7853211da0bcae57c182c66a4c55c6919c3 -Djna.tmpdir=C:\Users\toast\curseforge\minecraft\Install\bin\c5f7c7853211da0bcae57c182c66a4c55c6919c3 -Dorg.lwjgl.system.SharedLibraryExtractPath=C:\Users\toast\curseforge\minecraft\Install\bin\c5f7c7853211da0bcae57c182c66a4c55c6919c3 -Dio.netty.native.workdir=C:\Users\toast\curseforge\minecraft\Install\bin\c5f7c7853211da0bcae57c182c66a4c55c6919c3 -Dminecraft.launcher.brand=minecraft-launcher -Dminecraft.launcher.version=3.1.13 -Djava.net.preferIPv6Addresses=system -DignoreList=bootstraplauncher,securejarhandler,asm-commons,asm-util,asm-analysis,asm-tree,asm,JarJarFileSystems,client-extra,fmlcore,javafmllanguage,lowcodelanguage,mclanguage,forge-,forge-47.3.7.jar,forge-47.3.7 -DmergeModules=jna-5.10.0.jar,jna-platform-5.10.0.jar -DlibraryDirectory=C:\Users\toast\curseforge\minecraft\Install\libraries --module-path=C:\Users\toast\curseforge\minecraft\Install\libraries/cpw/mods/bootstraplauncher/1.1.2/bootstraplauncher-1.1.2.jar;C:\Users\toast\curseforge\minecraft\Install\libraries/cpw/mods/securejarhandler/2.1.10/securejarhandler-2.1.10.jar;C:\Users\toast\curseforge\minecraft\Install\libraries/org/ow2/asm/asm-commons/9.7/asm-commons-9.7.jar;C:\Users\toast\curseforge\minecraft\Install\libraries/org/ow2/asm/asm-util/9.7/asm-util-9.7.jar;C:\Users\toast\curseforge\minecraft\Install\libraries/org/ow2/asm/asm-analysis/9.7/asm-analysis-9.7.jar;C:\Users\toast\curseforge\minecraft\Install\libraries/org/ow2/asm/asm-tree/9.7/asm-tree-9.7.jar;C:\Users\toast\curseforge\minecraft\Install\libraries/org/ow2/asm/asm/9.7/asm-9.7.jar;C:\Users\toast\curseforge\minecraft\Install\libraries/net/minecraftforge/JarJarFileSystems/0.3.19/JarJarFileSystems-0.3.19.jar --add-modules=ALL-MODULE-PATH --add-opens=java.base/java.util.jar=cpw.mods.securejarhandler --add-opens=java.base/java.lang.invoke=cpw.mods.securejarhandler --add-exports=java.base/sun.security.util=cpw.mods.securejarhandler --add-exports=jdk.naming.dns/com.sun.jndi.dns=java.naming -Xmx16928m -Xms256m -Dminecraft.applet.TargetDirectory=C:\Users\toast\curseforge\minecraft\Instances\GH2 The Book of John -Dfml.ignorePatchDiscrepancies=true -Dfml.ignoreInvalidMinecraftCertificates=true -Duser.language=en -Duser.country=US -DlibraryDirectory=C:\Users\toast\curseforge\minecraft\Install\libraries cpw.mods.bootstraplauncher.BootstrapLauncher --username Sourpuss4444 --version forge-47.3.7 --gameDir C:\Users\toast\curseforge\minecraft\Instances\GH2 The Book of John --assetsDir C:\Users\toast\curseforge\minecraft\Install\assets --assetIndex 5 --uuid aa75050899824a13b9022db707176742 --accessToken eyJraWQiOiJhYzg0YSIsImFsZyI6IkhTMjU2In0.eyJ4dWlkIjoiMjUzNTQzMDQ1MzE1MTE5MCIsImFnZyI6IkFkdWx0Iiwic3ViIjoiZmQzYWI1OWUtZmE3My00ZDc1LWFjYTEtNTE4NmEyNTE3MGEwIiwiYXV0aCI6IlhCT1giLCJucyI6ImRlZmF1bHQiLCJyb2xlcyI6W10sImlzcyI6ImF1dGhlbnRpY2F0aW9uIiwiZmxhZ3MiOlsidHdvZmFjdG9yYXV0aCIsIm1zYW1pZ3JhdGlvbl9zdGFnZTQiLCJvcmRlcnNfMjAyMiIsIm11bHRpcGxheWVyIl0sInByb2ZpbGVzIjp7Im1jIjoiYWE3NTA1MDgtOTk4Mi00YTEzLWI5MDItMmRiNzA3MTc2NzQyIn0sInBsYXRmb3JtIjoiUENfTEFVTkNIRVIiLCJ5dWlkIjoiOWI4NTVjMGM2ZTliODU5YzU4OTZmNDgyZTEzNWY1MjgiLCJuYmYiOjE3MjY4OTc0ODUsImV4cCI6MTcyNjk4Mzg4NSwiaWF0IjoxNzI2ODk3NDg1fQ.i35wQJJag2WzJlSoNiEHMXQgnhfqPgWYecb6_tOdS9U --clientId YWU3YjUxN2UtMWY2ZC00NDgyLWEyZDQtYmU0YWJjMGMzZjVk --xuid 2535430453151190 --userType msa --versionType release --width 1920 --height 1080 --quickPlayPath C:\Users\toast\curseforge\minecraft\Install\quickPlay\java\1726897580406.json --launchTarget forgeclient --fml.forgeVersion 47.3.7 --fml.mcVersion 1.20.1 --fml.forgeGroup net.minecraftforge --fml.mcpVersion 20230612.114412

Host: AMD Ryzen 7 5700                               , 16 cores, 15G,  Windows 11 , 64 bit Build 22621 (10.0.22621.3958)
Time: Fri Sep 20 22:46:57 2024 Pacific Daylight Time elapsed time: 36.656879 seconds (0d 0h 0m 36s)

---------------  T H R E A D  ---------------

Current thread (0x0000020978eb2cc0):  JavaThread "C2 CompilerThread4" daemon [_thread_in_native, id=20448, stack(0x0000008174000000,0x0000008174100000)]


Current CompileTask:
C2:  36656 20027   !   4       net.minecraftforge.eventbus.EventSubclassTransformer::buildEvents (742 bytes)

Stack: [0x0000008174000000,0x0000008174100000],  sp=0x00000081740fb5c0,  free space=1005k
Native frames: (J=compiled Java code, j=interpreted, Vv=VM code, C=native code)
V  [jvm.dll+0x36d080]
V  [jvm.dll+0x368b0d]
V  [jvm.dll+0x1be08d]
V  [jvm.dll+0x1bd773]
V  [jvm.dll+0x21a289]
V  [jvm.dll+0x219551]
V  [jvm.dll+0x1a56b6]
V  [jvm.dll+0x2291ea]
V  [jvm.dll+0x22724c]
V  [jvm.dll+0x7efd0c]
V  [jvm.dll+0x7ea13a]
V  [jvm.dll+0x67ad85]
C  [ucrtbase.dll+0x29333]
C  [KERNEL32.DLL+0x1257d]
C  [ntdll.dll+0x5af28]


siginfo: EXCEPTION_ACCESS_VIOLATION (0xc0000005), reading address 0x00000209d4d757a0


Register to memory mapping:

RIP=0x00007ffad856d080 jvm.dll
RAX=0x0 is NULL
RBX=0x00000081740fb610 is pointing into the stack for thread: 0x0000020978eb2cc0
RCX=0x0 is NULL
RDX=0x00000209d4d757a0 is an unknown value
RSP=0x00000081740fb5c0 is pointing into the stack for thread: 0x0000020978eb2cc0
RBP=0x000000000000003c is an unknown value
RSI=0x00007ffad8d880f8 jvm.dll
RDI=0x0000000000000018 is an unknown value
R8 =0x0000000000000e1b is an unknown value
R9 =0x0000000000000004 is an unknown value
R10=0x0000000000000003 is an unknown value
R11=0x0000020994d75840 points into unknown readable memory: 0x000000000f000000 | 00 00 00 0f 00 00 00 00
R12=0x0 is NULL
R13=0x000002096a3634d0 points into unknown readable memory: 0x0000000000000000 | 00 00 00 00 00 00 00 00
R14=0x000000000017e580 is an unknown value
R15=0x000002092dd372d0 points into unknown readable memory: 0x0000020951231040 | 40 10 23 51 09 02 00 00


Registers:
RAX=0x0000000000000000, RBX=0x00000081740fb610, RCX=0x0000000000000000, RDX=0x00000209d4d757a0
RSP=0x00000081740fb5c0, RBP=0x000000000000003c, RSI=0x00007ffad8d880f8, RDI=0x0000000000000018
R8 =0x0000000000000e1b, R9 =0x0000000000000004, R10=0x0000000000000003, R11=0x0000020994d75840
R12=0x0000000000000000, R13=0x000002096a3634d0, R14=0x000000000017e580, R15=0x000002092dd372d0
RIP=0x00007ffad856d080, EFLAGS=0x0000000000010246

Top of Stack: (sp=0x00000081740fb5c0)
0x00000081740fb5c0:   00000081740fb610 000000000000003d
0x00000081740fb5d0:   00007ffad8d880f8 00007ffad83ff113
0x00000081740fb5e0:   000002095165b990 00007ffad8568b0d
0x00000081740fb5f0:   00000081740fb8b0 000000000000263c
0x00000081740fb600:   00007ffad8b35e48 00007ffad8419a12
0x00000081740fb610:   0000000000000000 0000000100000e1b
0x00000081740fb620:   0000003a0000000f 00000209d4d757a0
0x00000081740fb630:   000002095221f6a0 00000209513af5d0
0x00000081740fb640:   000002092dd372e0 00007ffad83be08d
0x00000081740fb650:   000000000000263c 00000081740fb750
0x00000081740fb660:   00000081740fbd30 00000081740fbc50
0x00000081740fb670:   0000000000000000 0000000300003995
0x00000081740fb680:   0000003a0000003a 0000020978f88080
0x00000081740fb690:   000002095221f898 00000209513af670
0x00000081740fb6a0:   0000020952a60488 0000020952a60488
0x00000081740fb6b0:   000002092f1ceac0 00007ffa00000005 

Instructions: (pc=0x00007ffad856d080)
0x00007ffad856cf80:   48 8b a8 80 00 00 00 48 8b 8d d0 08 00 00 48 85
0x00007ffad856cf90:   c9 75 0c e8 e8 0b 00 00 48 8b 8d d0 08 00 00 48
0x00007ffad856cfa0:   8b 01 0f 57 c0 48 89 85 d0 08 00 00 0f 11 01 0f
0x00007ffad856cfb0:   11 41 10 41 0f 10 06 0f 11 01 41 0f 10 4e 10 0f
0x00007ffad856cfc0:   11 49 10 48 8b 43 08 48 89 0c 06 ff c7 ba 50 00
0x00007ffad856cfd0:   00 00 3b bb 90 00 00 00 0f 82 62 ff ff ff 4c 8b
0x00007ffad856cfe0:   74 24 60 4c 8b 6c 24 58 4c 8b 64 24 50 48 8b c3
0x00007ffad856cff0:   48 83 c4 20 41 5f 5f 5e 5d 5b c3 cc cc cc cc cc
0x00007ffad856d000:   40 53 48 83 ec 20 8b 51 0c 48 8b d9 83 fa 04 73
0x00007ffad856d010:   2a 4c 8b 59 18 66 66 66 0f 1f 84 00 00 00 00 00
0x00007ffad856d020:   44 8b d2 44 8d 4a 01 4b 83 3c d3 00 0f 85 8f 00
0x00007ffad856d030:   00 00 41 8b d1 41 83 f9 04 72 e5 48 89 74 24 30
0x00007ffad856d040:   48 89 7c 24 38 8b 79 10 3b 79 14 73 62 48 8d 35
0x00007ffad856d050:   a4 b0 81 00 0f 1f 40 00 0f 1f 84 00 00 00 00 00
0x00007ffad856d060:   48 8b 43 20 8b cf 48 8b 14 c8 48 3b d6 74 39 33
0x00007ffad856d070:   c0 48 89 53 18 33 c9 66 0f 1f 84 00 00 00 00 00
0x00007ffad856d080:   48 83 3c 11 00 44 8d 48 01 75 6f 48 83 c1 08 41
0x00007ffad856d090:   8b c1 41 83 f9 04 72 e8 48 8b 4b 28 48 85 c9 74
0x00007ffad856d0a0:   07 8b d7 e8 58 01 00 00 ff c7 3b 7b 14 72 b1 48
0x00007ffad856d0b0:   8b 74 24 30 33 c0 48 8b 7c 24 38 48 83 c4 20 5b
0x00007ffad856d0c0:   c3 8b 41 10 44 8d 04 82 41 c1 e0 06 41 81 c0 00
0x00007ffad856d0d0:   ff ff ff 44 89 41 08 4b 8b 14 d3 48 0f bc c2 44
0x00007ffad856d0e0:   89 49 0c 8b c8 48 d3 ea 48 ff ca 41 03 c0 48 89
0x00007ffad856d0f0:   13 89 43 08 48 83 c4 20 5b c3 48 8b 74 24 30 44
0x00007ffad856d100:   8d 04 b8 8b c8 8d 47 01 48 8b 7c 24 38 41 c1 e0
0x00007ffad856d110:   06 44 89 43 08 48 8b 14 ca 89 43 10 48 0f bc c2
0x00007ffad856d120:   44 89 4b 0c 8b c8 48 d3 ea 48 ff ca 41 03 c0 48
0x00007ffad856d130:   89 13 89 43 08 48 83 c4 20 5b c3 cc cc cc cc cc
0x00007ffad856d140:   40 53 48 83 ec 20 65 48 8b 04 25 58 00 00 00 8b
0x00007ffad856d150:   0d 63 9a 85 00 48 8b 1c c8 b8 50 00 00 00 80 3c
0x00007ffad856d160:   18 00 75 05 e8 1f 7e 52 00 b8 20 00 00 00 48 8b
0x00007ffad856d170:   04 18 48 8b 88 d8 04 00 00 48 8b 99 80 00 00 00 


Stack slot to memory mapping:
stack at sp + 0 slots: 0x00000081740fb610 is pointing into the stack for thread: 0x0000020978eb2cc0
stack at sp + 1 slots: 0x000000000000003d is an unknown value
stack at sp + 2 slots: 0x00007ffad8d880f8 jvm.dll
stack at sp + 3 slots: 0x00007ffad83ff113 jvm.dll
stack at sp + 4 slots: 0x000002095165b990 points into unknown readable memory: 0x3dbf6d2583809766 | 66 97 80 83 25 6d bf 3d
stack at sp + 5 slots: 0x00007ffad8568b0d jvm.dll
stack at sp + 6 slots: 0x00000081740fb8b0 is pointing into the stack for thread: 0x0000020978eb2cc0
stack at sp + 7 slots: 0x000000000000263c is an unknown value


---------------  P R O C E S S  ---------------

Threads class SMR info:
_java_thread_list=0x00000209948435d0, length=107, elements={
0x00000209572a7720, 0x0000020973682010, 0x00000209736828e0, 0x0000020973670750,
0x000002096a4a63e0, 0x000002096a4a7450, 0x000002097368b760, 0x0000020973690ba0,
0x00000209736ab850, 0x00000209736b54e0, 0x0000020973806760, 0x00000209739a1440,
0x000002097d6d3240, 0x0000020978eb61e0, 0x000002092d82adc0, 0x000002097b58ad80,
0x000002097b58a830, 0x000002092d831d20, 0x000002092d832230, 0x000002092d82b2d0,
0x000002092d82b7e0, 0x000002092d82e570, 0x000002092d82c200, 0x000002092d82f4a0,
0x000002097d6d3750, 0x000002097d6d1e00, 0x000002092d475e20, 0x000002092d473fc0,
0x000002092d478190, 0x000002092d4786a0, 0x000002092d475400, 0x000002092d477260,
0x000002092d476330, 0x000002092d475910, 0x000002092d476840, 0x000002092f579080,
0x00000209303a2620, 0x000002092f5753c0, 0x000002092f579fb0, 0x000002092f5749a0,
0x000002092f57a4c0, 0x000002092f576d10, 0x000002092f579590, 0x000002092f576800,
0x000002092f5758d0, 0x000002092f57b3f0, 0x000002092f579aa0, 0x000002092f573f80,
0x000002092f57a9d0, 0x000002092f578b70, 0x000002092f575de0, 0x000002092f577220,
0x000002097c3f4570, 0x000002097c3f4060, 0x000002097c3f7810, 0x000002097c3f4f90,
0x000002097a6e86e0, 0x000002097a6e9c20, 0x000002097c3f7d20, 0x000002097c3f4a80,
0x000002097c3f8230, 0x000002097c3f9b80, 0x000002097c3f8740, 0x000002097c3fa090,
0x000002097c3fafc0, 0x000002097c3f63d0, 0x000002097c3fa5a0, 0x000002097c3f8c50,
0x000002097c3fb4d0, 0x000002097c3f54a0, 0x000002097c3fb9e0, 0x000002097c3f59b0,
0x000002097c3faab0, 0x000002097c3f5ec0, 0x000002097c3f68e0, 0x000002097c3f9160,
0x000002097c3f6df0, 0x000002097c3f7300, 0x000002097c3f9670, 0x000002097d6d2310,
0x000002097d6d2820, 0x000002092f578660, 0x00000209793cef40, 0x00000209793cbca0,
0x00000209793c9930, 0x00000209793cad70, 0x00000209793ce520, 0x00000209793cf960,
0x00000209793cfe70, 0x00000209793c8a00, 0x00000209793cd5f0, 0x00000209793d0380,
0x00000209793ca860, 0x0000020978eb2cc0, 0x0000020978eb3210, 0x00000209793cc1b0,
0x00000209793cd0e0, 0x00000209793cb790, 0x00000209793ce010, 0x00000209793cea30,
0x00000209793c8f10, 0x000002092c18bb60, 0x000002092c18c0b0, 0x0000020930cc45d0,
0x0000020930cc8290, 0x0000020930cc5f20, 0x0000020930cc7360
}

Java Threads: ( => current thread )
  0x00000209572a7720 JavaThread "Render thread" [_thread_blocked, id=7172, stack(0x000000816bf00000,0x000000816c000000)]
  0x0000020973682010 JavaThread "Reference Handler" daemon [_thread_blocked, id=5580, stack(0x000000816c600000,0x000000816c700000)]
  0x00000209736828e0 JavaThread "Finalizer" daemon [_thread_blocked, id=18992, stack(0x000000816c700000,0x000000816c800000)]
  0x0000020973670750 JavaThread "Signal Dispatcher" daemon [_thread_blocked, id=1444, stack(0x000000816c800000,0x000000816c900000)]
  0x000002096a4a63e0 JavaThread "Attach Listener" daemon [_thread_blocked, id=15744, stack(0x000000816c900000,0x000000816ca00000)]
  0x000002096a4a7450 JavaThread "Service Thread" daemon [_thread_blocked, id=12988, stack(0x000000816ca00000,0x000000816cb00000)]
  0x000002097368b760 JavaThread "Monitor Deflation Thread" daemon [_thread_blocked, id=18928, stack(0x000000816cb00000,0x000000816cc00000)]
  0x0000020973690ba0 JavaThread "C2 CompilerThread0" daemon [_thread_in_native, id=5008, stack(0x000000816cc00000,0x000000816cd00000)]
  0x00000209736ab850 JavaThread "C1 CompilerThread0" daemon [_thread_blocked, id=5016, stack(0x000000816cd00000,0x000000816ce00000)]
  0x00000209736b54e0 JavaThread "Sweeper thread" daemon [_thread_blocked, id=16168, stack(0x000000816ce00000,0x000000816cf00000)]
  0x0000020973806760 JavaThread "Common-Cleaner" daemon [_thread_blocked, id=4520, stack(0x000000816cf00000,0x000000816d000000)]
  0x00000209739a1440 JavaThread "Notification Thread" daemon [_thread_blocked, id=1868, stack(0x000000816d300000,0x000000816d400000)]
  0x000002097d6d3240 JavaThread "pool-2-thread-1" daemon [_thread_blocked, id=6384, stack(0x000000816df00000,0x000000816e000000)]
  0x0000020978eb61e0 JavaThread "C1 CompilerThread1" daemon [_thread_blocked, id=18668, stack(0x000000816eb00000,0x000000816ec00000)]
  0x000002092d82adc0 JavaThread "JNA Cleaner" daemon [_thread_blocked, id=18612, stack(0x000000816f300000,0x000000816f400000)]
  0x000002097b58ad80 JavaThread "C1 CompilerThread2" daemon [_thread_blocked, id=19244, stack(0x000000816f600000,0x000000816f700000)]
  0x000002097b58a830 JavaThread "C1 CompilerThread3" daemon [_thread_blocked, id=16948, stack(0x000000816f700000,0x000000816f800000)]
  0x000002092d831d20 JavaThread "FileSystemWatchService" daemon [_thread_in_native, id=688, stack(0x000000816fa00000,0x000000816fb00000)]
  0x000002092d832230 JavaThread "Thread-3" daemon [_thread_in_native, id=11116, stack(0x000000816fb00000,0x000000816fc00000)]
  0x000002092d82b2d0 JavaThread "Thread-4" daemon [_thread_in_native, id=14112, stack(0x000000816fc00000,0x000000816fd00000)]
  0x000002092d82b7e0 JavaThread "Thread-5" daemon [_thread_in_native, id=16792, stack(0x000000816fd00000,0x000000816fe00000)]
  0x000002092d82e570 JavaThread "Thread-6" daemon [_thread_in_native, id=7252, stack(0x000000816fe00000,0x000000816ff00000)]
  0x000002092d82c200 JavaThread "Thread-7" daemon [_thread_in_native, id=5892, stack(0x000000816ff00000,0x0000008170000000)]
  0x000002092d82f4a0 JavaThread "Thread-8" daemon [_thread_in_native, id=10352, stack(0x0000008170000000,0x0000008170100000)]
  0x000002097d6d3750 JavaThread "Thread-9" daemon [_thread_in_native, id=15396, stack(0x0000008170100000,0x0000008170200000)]
  0x000002097d6d1e00 JavaThread "Thread-10" daemon [_thread_in_native, id=16728, stack(0x0000008170200000,0x0000008170300000)]
  0x000002092d475e20 JavaThread "Thread-11" daemon [_thread_in_native, id=11092, stack(0x0000008170300000,0x0000008170400000)]
  0x000002092d473fc0 JavaThread "Thread-12" daemon [_thread_in_native, id=21996, stack(0x0000008170400000,0x0000008170500000)]
  0x000002092d478190 JavaThread "Thread-13" daemon [_thread_in_native, id=19324, stack(0x0000008170500000,0x0000008170600000)]
  0x000002092d4786a0 JavaThread "Thread-14" daemon [_thread_in_native, id=21108, stack(0x0000008170600000,0x0000008170700000)]
  0x000002092d475400 JavaThread "Thread-15" daemon [_thread_in_native, id=2916, stack(0x0000008170700000,0x0000008170800000)]
  0x000002092d477260 JavaThread "Thread-16" daemon [_thread_in_native, id=20860, stack(0x0000008170800000,0x0000008170900000)]
  0x000002092d476330 JavaThread "Thread-17" daemon [_thread_in_native, id=2640, stack(0x0000008170900000,0x0000008170a00000)]
  0x000002092d475910 JavaThread "Thread-18" daemon [_thread_in_native, id=6388, stack(0x0000008170a00000,0x0000008170b00000)]
  0x000002092d476840 JavaThread "Thread-19" daemon [_thread_in_native, id=7680, stack(0x0000008170b00000,0x0000008170c00000)]
  0x000002092f579080 JavaThread "Timer hack thread" daemon [_thread_blocked, id=13556, stack(0x000000816f000000,0x000000816f100000)]
  0x00000209303a2620 JavaThread "C2 CompilerThread1" daemon [_thread_blocked, id=20124, stack(0x000000816d000000,0x000000816d100000)]
  0x000002092f5753c0 JavaThread "Yggdrasil Key Fetcher" daemon [_thread_blocked, id=21956, stack(0x0000008170e00000,0x0000008170f00000)]
  0x000002092f579fb0 JavaThread "Keep-Alive-Timer" daemon [_thread_blocked, id=8900, stack(0x0000008170f00000,0x0000008171000000)]
  0x000002092f5749a0 JavaThread "FileSystemWatchService" daemon [_thread_in_native, id=2712, stack(0x0000008170c00000,0x0000008170d00000)]
  0x000002092f57a4c0 JavaThread "Essential Thread 1" [_thread_blocked, id=8208, stack(0x000000816f800000,0x000000816f900000)]
  0x000002092f576d10 JavaThread "DefaultDispatcher-worker-1" daemon [_thread_blocked, id=1924, stack(0x000000816f900000,0x000000816fa00000)]
  0x000002092f579590 JavaThread "DefaultDispatcher-worker-2" daemon [_thread_blocked, id=8648, stack(0x0000008171000000,0x0000008171100000)]
  0x000002092f576800 JavaThread "DefaultDispatcher-worker-3" daemon [_thread_blocked, id=5876, stack(0x0000008171100000,0x0000008171200000)]
  0x000002092f5758d0 JavaThread "Essential Thread 2" [_thread_blocked, id=12724, stack(0x0000008171200000,0x0000008171300000)]
  0x000002092f57b3f0 JavaThread "FileSystemWatchService" daemon [_thread_in_native, id=20952, stack(0x0000008171300000,0x0000008171400000)]
  0x000002092f579aa0 JavaThread "Screenshot Worker Thread 1" [_thread_blocked, id=18376, stack(0x0000008171400000,0x0000008171500000)]
  0x000002092f573f80 JavaThread "Timer-1" daemon [_thread_blocked, id=1936, stack(0x000000816d100000,0x000000816d200000)]
  0x000002092f57a9d0 JavaThread "Essential Thread 3" [_thread_blocked, id=19984, stack(0x000000816f200000,0x000000816f300000)]
  0x000002092f578b70 JavaThread "Essential Thread 4" [_thread_blocked, id=16560, stack(0x0000008171500000,0x0000008171600000)]
  0x000002092f575de0 JavaThread "Essential Thread 5" [_thread_blocked, id=1904, stack(0x0000008171600000,0x0000008171700000)]
  0x000002092f577220 JavaThread "Essential Thread 6" [_thread_blocked, id=19944, stack(0x0000008171700000,0x0000008171800000)]
  0x000002097c3f4570 JavaThread "Essential Thread 7" [_thread_blocked, id=11716, stack(0x0000008171800000,0x0000008171900000)]
  0x000002097c3f4060 JavaThread "Essential Thread 8" [_thread_blocked, id=16256, stack(0x0000008171900000,0x0000008171a00000)]
  0x000002097c3f7810 JavaThread "ForkJoinPool.commonPool-worker-1" daemon [_thread_blocked, id=14564, stack(0x0000008171a00000,0x0000008171b00000)]
  0x000002097c3f4f90 JavaThread "Java2D Disposer" daemon [_thread_blocked, id=4392, stack(0x0000008171b00000,0x0000008171c00000)]
  0x000002097a6e86e0 JavaThread "C2 CompilerThread2" daemon [_thread_in_native, id=7440, stack(0x0000008171c00000,0x0000008171d00000)]
  0x000002097a6e9c20 JavaThread "C2 CompilerThread3" daemon [_thread_in_native, id=9808, stack(0x0000008171d00000,0x0000008171e00000)]
  0x000002097c3f7d20 JavaThread "ForkJoinPool.commonPool-worker-2" daemon [_thread_blocked, id=20404, stack(0x0000008171e00000,0x0000008171f00000)]
  0x000002097c3f4a80 JavaThread "ForkJoinPool.commonPool-worker-3" daemon [_thread_blocked, id=20416, stack(0x0000008171f00000,0x0000008172000000)]
  0x000002097c3f8230 JavaThread "ForkJoinPool.commonPool-worker-4" daemon [_thread_blocked, id=18788, stack(0x0000008172000000,0x0000008172100000)]
  0x000002097c3f9b80 JavaThread "ForkJoinPool.commonPool-worker-5" daemon [_thread_blocked, id=19776, stack(0x0000008172100000,0x0000008172200000)]
  0x000002097c3f8740 JavaThread "ForkJoinPool.commonPool-worker-6" daemon [_thread_blocked, id=19356, stack(0x0000008172200000,0x0000008172300000)]
  0x000002097c3fa090 JavaThread "ForkJoinPool.commonPool-worker-7" daemon [_thread_blocked, id=17184, stack(0x0000008172300000,0x0000008172400000)]
  0x000002097c3fafc0 JavaThread "ForkJoinPool.commonPool-worker-8" daemon [_thread_blocked, id=22168, stack(0x0000008172400000,0x0000008172500000)]
  0x000002097c3f63d0 JavaThread "ForkJoinPool.commonPool-worker-9" daemon [_thread_blocked, id=9068, stack(0x0000008172500000,0x0000008172600000)]
  0x000002097c3fa5a0 JavaThread "ForkJoinPool.commonPool-worker-10" daemon [_thread_blocked, id=10712, stack(0x0000008172600000,0x0000008172700000)]
  0x000002097c3f8c50 JavaThread "ForkJoinPool.commonPool-worker-11" daemon [_thread_blocked, id=6960, stack(0x0000008172700000,0x0000008172800000)]
  0x000002097c3fb4d0 JavaThread "ForkJoinPool.commonPool-worker-12" daemon [_thread_blocked, id=14924, stack(0x0000008172800000,0x0000008172900000)]
  0x000002097c3f54a0 JavaThread "ForkJoinPool.commonPool-worker-13" daemon [_thread_blocked, id=21848, stack(0x0000008172900000,0x0000008172a00000)]
  0x000002097c3fb9e0 JavaThread "ForkJoinPool.commonPool-worker-14" daemon [_thread_blocked, id=3524, stack(0x0000008172a00000,0x0000008172b00000)]
  0x000002097c3f59b0 JavaThread "ForkJoinPool.commonPool-worker-15" daemon [_thread_blocked, id=15248, stack(0x0000008172b00000,0x0000008172c00000)]
  0x000002097c3faab0 JavaThread "DefaultDispatcher-worker-4" daemon [_thread_blocked, id=16944, stack(0x0000008172c00000,0x0000008172d00000)]
  0x000002097c3f5ec0 JavaThread "DefaultDispatcher-worker-5" daemon [_thread_blocked, id=5552, stack(0x0000008172d00000,0x0000008172e00000)]
  0x000002097c3f68e0 JavaThread "WebSocketConnectReadThread-98" daemon [_thread_blocked, id=2292, stack(0x0000008172f00000,0x0000008173000000)]
  0x000002097c3f9160 JavaThread "WebSocketWriteThread-99" daemon [_thread_blocked, id=19996, stack(0x0000008173000000,0x0000008173100000)]
  0x000002097c3f6df0 JavaThread "Essential Thread 9" daemon [_thread_blocked, id=2908, stack(0x000000816f500000,0x000000816f600000)]
  0x000002097c3f7300 JavaThread "modloading-worker-0" daemon [_thread_blocked, id=19436, stack(0x0000008173100000,0x0000008173200000)]
  0x000002097c3f9670 JavaThread "modloading-worker-0" daemon [_thread_blocked, id=18052, stack(0x0000008173200000,0x0000008173300000)]
  0x000002097d6d2310 JavaThread "modloading-worker-0" daemon [_thread_blocked, id=7124, stack(0x0000008172e00000,0x0000008172f00000)]
  0x000002097d6d2820 JavaThread "modloading-worker-0" daemon [_thread_blocked, id=5188, stack(0x0000008173300000,0x0000008173400000)]
  0x000002092f578660 JavaThread "modloading-worker-0" daemon [_thread_blocked, id=5280, stack(0x0000008173400000,0x0000008173500000)]
  0x00000209793cef40 JavaThread "modloading-worker-0" daemon [_thread_blocked, id=5872, stack(0x0000008173500000,0x0000008173600000)]
  0x00000209793cbca0 JavaThread "modloading-worker-0" daemon [_thread_blocked, id=1820, stack(0x0000008173600000,0x0000008173700000)]
  0x00000209793c9930 JavaThread "modloading-worker-0" daemon [_thread_blocked, id=17124, stack(0x0000008173700000,0x0000008173800000)]
  0x00000209793cad70 JavaThread "modloading-worker-0" daemon [_thread_blocked, id=8548, stack(0x0000008173800000,0x0000008173900000)]
  0x00000209793ce520 JavaThread "modloading-worker-0" daemon [_thread_blocked, id=1108, stack(0x0000008173900000,0x0000008173a00000)]
  0x00000209793cf960 JavaThread "modloading-worker-0" daemon [_thread_blocked, id=20116, stack(0x0000008173a00000,0x0000008173b00000)]
  0x00000209793cfe70 JavaThread "modloading-worker-0" daemon [_thread_blocked, id=6200, stack(0x0000008173b00000,0x0000008173c00000)]
  0x00000209793c8a00 JavaThread "modloading-worker-0" daemon [_thread_blocked, id=6424, stack(0x0000008173c00000,0x0000008173d00000)]
  0x00000209793cd5f0 JavaThread "modloading-worker-0" daemon [_thread_blocked, id=16280, stack(0x0000008173d00000,0x0000008173e00000)]
  0x00000209793d0380 JavaThread "modloading-worker-0" daemon [_thread_blocked, id=15388, stack(0x0000008173e00000,0x0000008173f00000)]
  0x00000209793ca860 JavaThread "modloading-worker-0" daemon [_thread_blocked, id=3720, stack(0x0000008173f00000,0x0000008174000000)]
=>0x0000020978eb2cc0 JavaThread "C2 CompilerThread4" daemon [_thread_in_native, id=20448, stack(0x0000008174000000,0x0000008174100000)]
  0x0000020978eb3210 JavaThread "C2 CompilerThread5" daemon [_thread_blocked, id=8632, stack(0x0000008174100000,0x0000008174200000)]
  0x00000209793cc1b0 JavaThread "pool-7-thread-1" [_thread_blocked, id=20500, stack(0x0000008174200000,0x0000008174300000)]
  0x00000209793cd0e0 JavaThread "pool-7-thread-2" [_thread_blocked, id=22320, stack(0x0000008174300000,0x0000008174400000)]
  0x00000209793cb790 JavaThread "pool-7-thread-3" [_thread_blocked, id=3060, stack(0x0000008174400000,0x0000008174500000)]
  0x00000209793ce010 JavaThread "pool-7-thread-4" [_thread_blocked, id=9532, stack(0x0000008174500000,0x0000008174600000)]
  0x00000209793cea30 JavaThread "FileSystemWatchService" daemon [_thread_in_native, id=2116, stack(0x0000008174600000,0x0000008174700000)]
  0x00000209793c8f10 JavaThread "Keep-Alive-SocketCleaner" daemon [_thread_blocked, id=10568, stack(0x0000008174700000,0x0000008174800000)]
  0x000002092c18bb60 JavaThread "C2 CompilerThread6" daemon [_thread_in_native, id=2364, stack(0x0000008174800000,0x0000008174900000)]
  0x000002092c18c0b0 JavaThread "C2 CompilerThread7" daemon [_thread_in_native, id=18472, stack(0x0000008174900000,0x0000008174a00000)]
  0x0000020930cc45d0 JavaThread "FileSystemWatchService" daemon [_thread_in_native, id=18756, stack(0x0000008174a00000,0x0000008174b00000)]
  0x0000020930cc8290 JavaThread "DFU cleaning thread" daemon [_thread_blocked, id=20268, stack(0x0000008174d00000,0x0000008174e00000)]
  0x0000020930cc5f20 JavaThread "FileSystemWatchService" daemon [_thread_in_native, id=16188, stack(0x0000008174e00000,0x0000008174f00000)]
  0x0000020930cc7360 JavaThread "Voidscape Donator Loader" daemon [_thread_in_native, id=1060, stack(0x0000008174f00000,0x0000008175000000)]

Other Threads:
  0x000002096a496a00 VMThread "VM Thread" [stack: 0x000000816c500000,0x000000816c600000] [id=10876] _threads_hazard_ptr=0x00000209948435d0
  0x00000209739a1920 WatcherThread [stack: 0x000000816d400000,0x000000816d500000] [id=21824]
  0x0000020957311b30 GCTaskThread "GC Thread#0" [stack: 0x000000816c000000,0x000000816c100000] [id=3404]
  0x0000020978380b60 GCTaskThread "GC Thread#1" [stack: 0x000000816d500000,0x000000816d600000] [id=17648]
  0x00000209783d93a0 GCTaskThread "GC Thread#2" [stack: 0x000000816d600000,0x000000816d700000] [id=7780]
  0x00000209781598d0 GCTaskThread "GC Thread#3" [stack: 0x000000816d700000,0x000000816d800000] [id=20660]
  0x0000020978159b90 GCTaskThread "GC Thread#4" [stack: 0x000000816d800000,0x000000816d900000] [id=9884]
  0x0000020978159e50 GCTaskThread "GC Thread#5" [stack: 0x000000816d900000,0x000000816da00000] [id=10416]
  0x000002097d19cdb0 GCTaskThread "GC Thread#6" [stack: 0x000000816e100000,0x000000816e200000] [id=16984]
  0x000002097dd64270 GCTaskThread "GC Thread#7" [stack: 0x000000816e200000,0x000000816e300000] [id=6820]
  0x000002097dd64530 GCTaskThread "GC Thread#8" [stack: 0x000000816e300000,0x000000816e400000] [id=21672]
  0x000002097b4a4d40 GCTaskThread "GC Thread#9" [stack: 0x000000816e400000,0x000000816e500000] [id=16464]
  0x000002097b4a5000 GCTaskThread "GC Thread#10" [stack: 0x000000816e500000,0x000000816e600000] [id=20832]
  0x0000020978888310 GCTaskThread "GC Thread#11" [stack: 0x000000816d200000,0x000000816d300000] [id=19368]
  0x0000020978889910 GCTaskThread "GC Thread#12" [stack: 0x000000816db00000,0x000000816dc00000] [id=20508]
  0x000002095731b410 ConcurrentGCThread "G1 Main Marker" [stack: 0x000000816c100000,0x000000816c200000] [id=5448]
  0x000002095731bbd0 ConcurrentGCThread "G1 Conc#0" [stack: 0x000000816c200000,0x000000816c300000] [id=21096]
  0x000002097a7b7c40 ConcurrentGCThread "G1 Conc#1" [stack: 0x000000816e600000,0x000000816e700000] [id=12616]
  0x000002097c8e9ac0 ConcurrentGCThread "G1 Conc#2" [stack: 0x000000816e700000,0x000000816e800000] [id=19404]
  0x000002096a38e330 ConcurrentGCThread "G1 Refine#0" [stack: 0x000000816c300000,0x000000816c400000] [id=20084]
  0x000002097d9fe9e0 ConcurrentGCThread "G1 Refine#1" [stack: 0x000000816ed00000,0x000000816ee00000] [id=3744]
  0x000002097d9fe400 ConcurrentGCThread "G1 Refine#2" [stack: 0x000000816ee00000,0x000000816ef00000] [id=13440]
  0x000002097da00160 ConcurrentGCThread "G1 Refine#3" [stack: 0x000000816f100000,0x000000816f200000] [id=6376]
  0x000002097ade70c0 ConcurrentGCThread "G1 Refine#4" [stack: 0x0000008170d00000,0x0000008170e00000] [id=7416]
  0x000002097ade6ae0 ConcurrentGCThread "G1 Refine#5" [stack: 0x000000816ef00000,0x000000816f000000] [id=9164]
  0x000002096a38eb10 ConcurrentGCThread "G1 Service" [stack: 0x000000816c400000,0x000000816c500000] [id=2792]

Threads with active compile tasks:
C2 CompilerThread0    36789 20018       4       java.lang.Class::getDeclaredConstructors (27 bytes)
C1 CompilerThread0    36789 20880       3       net.mehvahdjukaar.moonlight.api.platform.configs.forge.ConfigBuilderImpl::define (26 bytes)
C2 CompilerThread1    36789 20561   !   4       java.lang.reflect.Executable::declaredAnnotations (85 bytes)
C2 CompilerThread2    36789 20028       4       net.minecraftforge.eventbus.EventAccessTransformer::transform (89 bytes)
C2 CompilerThread3    36789 20597       4       cpw.mods.cl.ModuleClassLoader$$Lambda$192/0x0000000800108fb8::apply (20 bytes)
C2 CompilerThread4    36789 20027   !   4       net.minecraftforge.eventbus.EventSubclassTransformer::buildEvents (742 bytes)
C2 CompilerThread5    36789 19970   !   4       org.spongepowered.asm.service.modlauncher.ModLauncherClassTracker::handlesClass (68 bytes)
C2 CompilerThread6    36789 20845       4       net.minecraft.nbt.TagParser::m_129373_ (140 bytes)
C2 CompilerThread7    36789 20712       4       net.minecraft.nbt.TagParser::m_129371_ (63 bytes)

VM state: synchronizing (normal execution)

VM Mutex/Monitor currently owned by a thread:  ([mutex/lock_event])
[0x00000209572a2900] Threads_lock - owner thread: 0x000002096a496a00
[0x00000209572a27e0] Heap_lock - owner thread: 0x00000209793cfe70

Heap address: 0x00000003de000000, size: 16928 MB, Compressed Oops mode: Zero based, Oop shift amount: 3

CDS archive(s) not mapped
Compressed class space mapped at: 0x0000000800000000-0x0000000840000000, reserved size: 1073741824
Narrow klass base: 0x0000000800000000, Narrow klass shift: 0, Narrow klass range: 0x40000000

GC Precious Log:
 CPUs: 16 total, 16 available
 Memory: 16167M
 Large Page Support: Disabled
 NUMA Support: Disabled
 Compressed Oops: Enabled (Zero based)
 Heap Region Size: 16M
 Heap Min Capacity: 256M
 Heap Initial Capacity: 256M
 Heap Max Capacity: 16928M
 Pre-touch: Disabled
 Parallel Workers: 13
 Concurrent Workers: 3
 Concurrent Refinement Workers: 13
 Periodic GC: Disabled

Heap:
 garbage-first heap   total 1818624K, used 758862K [0x00000003de000000, 0x0000000800000000)
  region size 16384K, 10 young (163840K), 5 survivors (81920K)
 Metaspace       used 229591K, committed 232192K, reserved 1245184K
  class space    used 45259K, committed 46400K, reserved 1048576K

Heap Regions: E=young(eden), S=young(survivor), O=old, HS=humongous(starts), HC=humongous(continues), CS=collection set, F=free, OA=open archive, CA=closed archive, TAMS=top-at-mark-start (previous, next)
|   0|0x00000003de000000, 0x00000003df000000, 0x00000003df000000|100%| O|  |TAMS 0x00000003df000000, 0x00000003df000000| Untracked 
|   1|0x00000003df000000, 0x00000003e0000000, 0x00000003e0000000|100%| O|  |TAMS 0x00000003e0000000, 0x00000003e0000000| Untracked 
|   2|0x00000003e0000000, 0x00000003e1000000, 0x00000003e1000000|100%| O|  |TAMS 0x00000003e1000000, 0x00000003e1000000| Untracked 
|   3|0x00000003e1000000, 0x00000003e2000000, 0x00000003e2000000|100%| O|  |TAMS 0x00000003e2000000, 0x00000003e2000000| Untracked 
|   4|0x00000003e2000000, 0x00000003e3000000, 0x00000003e3000000|100%| O|  |TAMS 0x00000003e3000000, 0x00000003e3000000| Untracked 
|   5|0x00000003e3000000, 0x00000003e4000000, 0x00000003e4000000|100%| O|  |TAMS 0x00000003e4000000, 0x00000003e4000000| Untracked 
|   6|0x00000003e4000000, 0x00000003e5000000, 0x00000003e5000000|100%| O|  |TAMS 0x00000003e5000000, 0x00000003e5000000| Untracked 
|   7|0x00000003e5000000, 0x00000003e6000000, 0x00000003e6000000|100%| O|  |TAMS 0x00000003e6000000, 0x00000003e6000000| Untracked 
|   8|0x00000003e6000000, 0x00000003e7000000, 0x00000003e7000000|100%| O|  |TAMS 0x00000003e7000000, 0x00000003e7000000| Untracked 
|   9|0x00000003e7000000, 0x00000003e8000000, 0x00000003e8000000|100%| O|  |TAMS 0x00000003e8000000, 0x00000003e8000000| Untracked 
|  10|0x00000003e8000000, 0x00000003e9000000, 0x00000003e9000000|100%| O|  |TAMS 0x00000003e9000000, 0x00000003e9000000| Untracked 
|  11|0x00000003e9000000, 0x00000003ea000000, 0x00000003ea000000|100%| O|  |TAMS 0x00000003ea000000, 0x00000003ea000000| Untracked 
|  12|0x00000003ea000000, 0x00000003eb000000, 0x00000003eb000000|100%| O|  |TAMS 0x00000003eb000000, 0x00000003eb000000| Untracked 
|  13|0x00000003eb000000, 0x00000003ec000000, 0x00000003ec000000|100%| O|  |TAMS 0x00000003ec000000, 0x00000003ec000000| Untracked 
|  14|0x00000003ec000000, 0x00000003ed000000, 0x00000003ed000000|100%| O|  |TAMS 0x00000003ed000000, 0x00000003ed000000| Untracked 
|  15|0x00000003ed000000, 0x00000003ee000000, 0x00000003ee000000|100%| O|  |TAMS 0x00000003ee000000, 0x00000003ee000000| Untracked 
|  16|0x00000003ee000000, 0x00000003ef000000, 0x00000003ef000000|100%| O|  |TAMS 0x00000003ef000000, 0x00000003ef000000| Untracked 
|  17|0x00000003ef000000, 0x00000003f0000000, 0x00000003f0000000|100%| O|  |TAMS 0x00000003f0000000, 0x00000003f0000000| Untracked 
|  18|0x00000003f0000000, 0x00000003f1000000, 0x00000003f1000000|100%| O|  |TAMS 0x00000003f1000000, 0x00000003f1000000| Untracked 
|  19|0x00000003f1000000, 0x00000003f2000000, 0x00000003f2000000|100%| O|  |TAMS 0x00000003f2000000, 0x00000003f2000000| Untracked 
|  20|0x00000003f2000000, 0x00000003f3000000, 0x00000003f3000000|100%| O|  |TAMS 0x00000003f3000000, 0x00000003f3000000| Untracked 
|  21|0x00000003f3000000, 0x00000003f4000000, 0x00000003f4000000|100%| O|  |TAMS 0x00000003f4000000, 0x00000003f4000000| Untracked 
|  22|0x00000003f4000000, 0x00000003f5000000, 0x00000003f5000000|100%| O|  |TAMS 0x00000003f5000000, 0x00000003f5000000| Untracked 
|  23|0x00000003f5000000, 0x00000003f6000000, 0x00000003f6000000|100%| O|  |TAMS 0x00000003f6000000, 0x00000003f6000000| Untracked 
|  24|0x00000003f6000000, 0x00000003f7000000, 0x00000003f7000000|100%| O|  |TAMS 0x00000003f7000000, 0x00000003f7000000| Untracked 
|  25|0x00000003f7000000, 0x00000003f8000000, 0x00000003f8000000|100%| O|  |TAMS 0x00000003f8000000, 0x00000003f8000000| Untracked 
|  26|0x00000003f8000000, 0x00000003f9000000, 0x00000003f9000000|100%| O|  |TAMS 0x00000003f8000000, 0x00000003f9000000| Untracked 
|  27|0x00000003f9000000, 0x00000003fa000000, 0x00000003fa000000|100%| O|  |TAMS 0x00000003fa000000, 0x00000003fa000000| Untracked 
|  28|0x00000003fa000000, 0x00000003fb000000, 0x00000003fb000000|100%| O|  |TAMS 0x00000003fb000000, 0x00000003fb000000| Untracked 
|  29|0x00000003fb000000, 0x00000003fc000000, 0x00000003fc000000|100%| O|  |TAMS 0x00000003fc000000, 0x00000003fc000000| Untracked 
|  30|0x00000003fc000000, 0x00000003fd000000, 0x00000003fd000000|100%| O|  |TAMS 0x00000003fceb0e00, 0x00000003fd000000| Untracked 
|  31|0x00000003fd000000, 0x00000003fe000000, 0x00000003fe000000|100%| O|  |TAMS 0x00000003fd000000, 0x00000003fe000000| Untracked 
|  32|0x00000003fe000000, 0x00000003ff000000, 0x00000003ff000000|100%| O|  |TAMS 0x00000003fe000000, 0x00000003ff000000| Untracked 
|  33|0x00000003ff000000, 0x0000000400000000, 0x0000000400000000|100%| O|  |TAMS 0x00000003ff000000, 0x0000000400000000| Untracked 
|  34|0x0000000400000000, 0x0000000401000000, 0x0000000401000000|100%| O|  |TAMS 0x0000000400000000, 0x00000004003f4000| Untracked 
|  35|0x0000000401000000, 0x0000000402000000, 0x0000000402000000|100%| O|  |TAMS 0x0000000401000000, 0x0000000401000000| Untracked 
|  36|0x0000000402000000, 0x0000000403000000, 0x0000000403000000|100%| O|  |TAMS 0x0000000402000000, 0x0000000402000000| Untracked 
|  37|0x0000000403000000, 0x0000000403684e00, 0x0000000404000000| 40%| O|  |TAMS 0x0000000403000000, 0x0000000403000000| Untracked 
|  38|0x0000000404000000, 0x0000000404000000, 0x0000000405000000|  0%| F|  |TAMS 0x0000000404000000, 0x0000000404000000| Untracked 
|  39|0x0000000405000000, 0x0000000405000000, 0x0000000406000000|  0%| F|  |TAMS 0x0000000405000000, 0x0000000405000000| Untracked 
|  40|0x0000000406000000, 0x0000000406000000, 0x0000000407000000|  0%| F|  |TAMS 0x0000000406000000, 0x0000000406000000| Untracked 
|  41|0x0000000407000000, 0x0000000407000000, 0x0000000408000000|  0%| F|  |TAMS 0x0000000407000000, 0x0000000407000000| Untracked 
|  42|0x0000000408000000, 0x0000000408000000, 0x0000000409000000|  0%| F|  |TAMS 0x0000000408000000, 0x0000000408000000| Untracked 
|  43|0x0000000409000000, 0x0000000409000000, 0x000000040a000000|  0%| F|  |TAMS 0x0000000409000000, 0x0000000409000000| Untracked 
|  44|0x000000040a000000, 0x000000040a000000, 0x000000040b000000|  0%| F|  |TAMS 0x000000040a000000, 0x000000040a000000| Untracked 
|  45|0x000000040b000000, 0x000000040b000000, 0x000000040c000000|  0%| F|  |TAMS 0x000000040b000000, 0x000000040b000000| Untracked 
|  46|0x000000040c000000, 0x000000040c000000, 0x000000040d000000|  0%| F|  |TAMS 0x000000040c000000, 0x000000040c000000| Untracked 
|  47|0x000000040d000000, 0x000000040d000000, 0x000000040e000000|  0%| F|  |TAMS 0x000000040d000000, 0x000000040d000000| Untracked 
|  48|0x000000040e000000, 0x000000040e000000, 0x000000040f000000|  0%| F|  |TAMS 0x000000040e000000, 0x000000040e000000| Untracked 
|  49|0x000000040f000000, 0x000000040f000000, 0x0000000410000000|  0%| F|  |TAMS 0x000000040f000000, 0x000000040f000000| Untracked 
|  50|0x0000000410000000, 0x0000000410000000, 0x0000000411000000|  0%| F|  |TAMS 0x0000000410000000, 0x0000000410000000| Untracked 
|  51|0x0000000411000000, 0x0000000411000000, 0x0000000412000000|  0%| F|  |TAMS 0x0000000411000000, 0x0000000411000000| Untracked 
|  52|0x0000000412000000, 0x0000000412000000, 0x0000000413000000|  0%| F|  |TAMS 0x0000000412000000, 0x0000000412000000| Untracked 
|  53|0x0000000413000000, 0x0000000413000000, 0x0000000414000000|  0%| F|  |TAMS 0x0000000413000000, 0x0000000413000000| Untracked 
|  54|0x0000000414000000, 0x0000000414000000, 0x0000000415000000|  0%| F|  |TAMS 0x0000000414000000, 0x0000000414000000| Untracked 
|  55|0x0000000415000000, 0x0000000415000000, 0x0000000416000000|  0%| F|  |TAMS 0x0000000415000000, 0x0000000415000000| Untracked 
|  56|0x0000000416000000, 0x0000000416000000, 0x0000000417000000|  0%| F|  |TAMS 0x0000000416000000, 0x0000000416000000| Untracked 
|  57|0x0000000417000000, 0x0000000417000000, 0x0000000418000000|  0%| F|  |TAMS 0x0000000417000000, 0x0000000417000000| Untracked 
|  58|0x0000000418000000, 0x0000000418000000, 0x0000000419000000|  0%| F|  |TAMS 0x0000000418000000, 0x0000000418000000| Untracked 
|  59|0x0000000419000000, 0x0000000419000000, 0x000000041a000000|  0%| F|  |TAMS 0x0000000419000000, 0x0000000419000000| Untracked 
|  60|0x000000041a000000, 0x000000041a000000, 0x000000041b000000|  0%| F|  |TAMS 0x000000041a000000, 0x000000041a000000| Untracked 
|  61|0x000000041b000000, 0x000000041b000000, 0x000000041c000000|  0%| F|  |TAMS 0x000000041b000000, 0x000000041b000000| Untracked 
|  62|0x000000041c000000, 0x000000041c000000, 0x000000041d000000|  0%| F|  |TAMS 0x000000041c000000, 0x000000041c000000| Untracked 
|  63|0x000000041d000000, 0x000000041de8eda0, 0x000000041e000000| 90%| S|CS|TAMS 0x000000041d000000, 0x000000041d000000| Complete 
|  64|0x000000041e000000, 0x000000041f000000, 0x000000041f000000|100%| S|CS|TAMS 0x000000041e000000, 0x000000041e000000| Complete 
|  65|0x000000041f000000, 0x0000000420000000, 0x0000000420000000|100%| S|CS|TAMS 0x000000041f000000, 0x000000041f000000| Complete 
|  66|0x0000000420000000, 0x0000000421000000, 0x0000000421000000|100%| S|CS|TAMS 0x0000000420000000, 0x0000000420000000| Complete 
|  67|0x0000000421000000, 0x0000000422000000, 0x0000000422000000|100%| S|CS|TAMS 0x0000000421000000, 0x0000000421000000| Complete 
|  68|0x0000000422000000, 0x0000000422000000, 0x0000000423000000|  0%| F|  |TAMS 0x0000000422000000, 0x0000000422000000| Untracked 
|  69|0x0000000423000000, 0x0000000423000000, 0x0000000424000000|  0%| F|  |TAMS 0x0000000423000000, 0x0000000423000000| Untracked 
|  70|0x0000000424000000, 0x0000000424000000, 0x0000000425000000|  0%| F|  |TAMS 0x0000000424000000, 0x0000000424000000| Untracked 
|  71|0x0000000425000000, 0x0000000425000000, 0x0000000426000000|  0%| F|  |TAMS 0x0000000425000000, 0x0000000425000000| Untracked 
|  72|0x0000000426000000, 0x0000000426000000, 0x0000000427000000|  0%| F|  |TAMS 0x0000000426000000, 0x0000000426000000| Untracked 
|  73|0x0000000427000000, 0x0000000427000000, 0x0000000428000000|  0%| F|  |TAMS 0x0000000427000000, 0x0000000427000000| Untracked 
|  74|0x0000000428000000, 0x0000000428000000, 0x0000000429000000|  0%| F|  |TAMS 0x0000000428000000, 0x0000000428000000| Untracked 
|  75|0x0000000429000000, 0x0000000429000000, 0x000000042a000000|  0%| F|  |TAMS 0x0000000429000000, 0x0000000429000000| Untracked 
|  76|0x000000042a000000, 0x000000042a000000, 0x000000042b000000|  0%| F|  |TAMS 0x000000042a000000, 0x000000042a000000| Untracked 
|  77|0x000000042b000000, 0x000000042b000000, 0x000000042c000000|  0%| F|  |TAMS 0x000000042b000000, 0x000000042b000000| Untracked 
|  78|0x000000042c000000, 0x000000042c000000, 0x000000042d000000|  0%| F|  |TAMS 0x000000042c000000, 0x000000042c000000| Untracked 
|  79|0x000000042d000000, 0x000000042d000000, 0x000000042e000000|  0%| F|  |TAMS 0x000000042d000000, 0x000000042d000000| Untracked 
|  80|0x000000042e000000, 0x000000042e000000, 0x000000042f000000|  0%| F|  |TAMS 0x000000042e000000, 0x000000042e000000| Untracked 
|  81|0x000000042f000000, 0x000000042f000000, 0x0000000430000000|  0%| F|  |TAMS 0x000000042f000000, 0x000000042f000000| Untracked 
|  82|0x0000000430000000, 0x0000000430000000, 0x0000000431000000|  0%| F|  |TAMS 0x0000000430000000, 0x0000000430000000| Untracked 
|  83|0x0000000431000000, 0x0000000431000000, 0x0000000432000000|  0%| F|  |TAMS 0x0000000431000000, 0x0000000431000000| Untracked 
|  84|0x0000000432000000, 0x0000000432000000, 0x0000000433000000|  0%| F|  |TAMS 0x0000000432000000, 0x0000000432000000| Untracked 
|  85|0x0000000433000000, 0x0000000433000000, 0x0000000434000000|  0%| F|  |TAMS 0x0000000433000000, 0x0000000433000000| Untracked 
|  86|0x0000000434000000, 0x0000000434000000, 0x0000000435000000|  0%| F|  |TAMS 0x0000000434000000, 0x0000000434000000| Untracked 
|  87|0x0000000435000000, 0x0000000435000000, 0x0000000436000000|  0%| F|  |TAMS 0x0000000435000000, 0x0000000435000000| Untracked 
|  88|0x0000000436000000, 0x0000000436000000, 0x0000000437000000|  0%| F|  |TAMS 0x0000000436000000, 0x0000000436000000| Untracked 
|  89|0x0000000437000000, 0x0000000437000000, 0x0000000438000000|  0%| F|  |TAMS 0x0000000437000000, 0x0000000437000000| Untracked 
|  90|0x0000000438000000, 0x0000000438000000, 0x0000000439000000|  0%| F|  |TAMS 0x0000000438000000, 0x0000000438000000| Untracked 
|  91|0x0000000439000000, 0x0000000439000000, 0x000000043a000000|  0%| F|  |TAMS 0x0000000439000000, 0x0000000439000000| Untracked 
|  92|0x000000043a000000, 0x000000043a000000, 0x000000043b000000|  0%| F|  |TAMS 0x000000043a000000, 0x000000043a000000| Untracked 
|  93|0x000000043b000000, 0x000000043b000000, 0x000000043c000000|  0%| F|  |TAMS 0x000000043b000000, 0x000000043b000000| Untracked 
|  94|0x000000043c000000, 0x000000043c000000, 0x000000043d000000|  0%| F|  |TAMS 0x000000043c000000, 0x000000043c000000| Untracked 
|  95|0x000000043d000000, 0x000000043d000000, 0x000000043e000000|  0%| F|  |TAMS 0x000000043d000000, 0x000000043d000000| Untracked 
|  96|0x000000043e000000, 0x000000043e000000, 0x000000043f000000|  0%| F|  |TAMS 0x000000043e000000, 0x000000043e000000| Untracked 
|  97|0x000000043f000000, 0x000000043f000000, 0x0000000440000000|  0%| F|  |TAMS 0x000000043f000000, 0x000000043f000000| Untracked 
|  98|0x0000000440000000, 0x0000000440000000, 0x0000000441000000|  0%| F|  |TAMS 0x0000000440000000, 0x0000000440000000| Untracked 
|  99|0x0000000441000000, 0x0000000441000000, 0x0000000442000000|  0%| F|  |TAMS 0x0000000441000000, 0x0000000441000000| Untracked 
| 100|0x0000000442000000, 0x0000000442000000, 0x0000000443000000|  0%| F|  |TAMS 0x0000000442000000, 0x0000000442000000| Untracked 
| 101|0x0000000443000000, 0x0000000443000000, 0x0000000444000000|  0%| F|  |TAMS 0x0000000443000000, 0x0000000443000000| Untracked 
| 102|0x0000000444000000, 0x0000000444000000, 0x0000000445000000|  0%| F|  |TAMS 0x0000000444000000, 0x0000000444000000| Untracked 
| 103|0x0000000445000000, 0x0000000445000000, 0x0000000446000000|  0%| F|  |TAMS 0x0000000445000000, 0x0000000445000000| Untracked 
| 104|0x0000000446000000, 0x0000000446000000, 0x0000000447000000|  0%| F|  |TAMS 0x0000000446000000, 0x0000000446000000| Untracked 
| 105|0x0000000447000000, 0x0000000447000000, 0x0000000448000000|  0%| F|  |TAMS 0x0000000447000000, 0x0000000447000000| Untracked 
| 106|0x0000000448000000, 0x0000000448d90ec0, 0x0000000449000000| 84%| E|  |TAMS 0x0000000448000000, 0x0000000448000000| Complete 
| 107|0x0000000449000000, 0x000000044a000000, 0x000000044a000000|100%| E|CS|TAMS 0x0000000449000000, 0x0000000449000000| Complete 
| 108|0x000000044a000000, 0x000000044b000000, 0x000000044b000000|100%| E|CS|TAMS 0x000000044a000000, 0x000000044a000000| Complete 
| 109|0x000000044b000000, 0x000000044c000000, 0x000000044c000000|100%| E|CS|TAMS 0x000000044b000000, 0x000000044b000000| Complete 
| 110|0x000000044c000000, 0x000000044d000000, 0x000000044d000000|100%| E|CS|TAMS 0x000000044c000000, 0x000000044c000000| Complete 

Card table byte_map: [0x000002096c5c0000,0x000002096e6d0000] _byte_map_base: 0x000002096a6d0000

Marking Bits (Prev, Next): (CMBitMap*) 0x0000020957311f00, (CMBitMap*) 0x0000020957311f40
 Prev Bits: [0x0000020900000000, 0x0000020910880000)
 Next Bits: [0x0000020910880000, 0x0000020921100000)

Polling page: 0x0000020956a40000

Metaspace:

Usage:
  Non-class:    180.04 MB used.
      Class:     44.21 MB used.
       Both:    224.25 MB used.

Virtual space:
  Non-class space:      192.00 MB reserved,     181.50 MB ( 95%) committed,  3 nodes.
      Class space:        1.00 GB reserved,      45.31 MB (  4%) committed,  1 nodes.
             Both:        1.19 GB reserved,     226.81 MB ( 19%) committed. 

Chunk freelists:
   Non-Class:  9.78 MB
       Class:  2.72 MB
        Both:  12.50 MB

MaxMetaspaceSize: unlimited
CompressedClassSpaceSize: 1.00 GB
Initial GC threshold: 21.00 MB
Current GC threshold: 227.00 MB
CDS: off
MetaspaceReclaimPolicy: balanced
 - commit_granule_bytes: 65536.
 - commit_granule_words: 8192.
 - virtual_space_node_default_size: 8388608.
 - enlarge_chunks_in_place: 1.
 - new_chunks_are_fully_committed: 0.
 - uncommit_free_chunks: 1.
 - use_allocation_guard: 0.
 - handle_deallocations: 1.


Internal statistics:

num_allocs_failed_limit: 264.
num_arena_births: 3954.
num_arena_deaths: 2.
num_vsnodes_births: 4.
num_vsnodes_deaths: 0.
num_space_committed: 3623.
num_space_uncommitted: 0.
num_chunks_returned_to_freelist: 267.
num_chunks_taken_from_freelist: 12950.
num_chunk_merges: 261.
num_chunk_splits: 9217.
num_chunks_enlarged: 6362.
num_inconsistent_stats: 0.

CodeHeap 'non-profiled nmethods': size=119168Kb used=14516Kb max_used=14516Kb free=104651Kb
 bounds [0x00000209625d0000, 0x0000020963410000, 0x0000020969a30000]
CodeHeap 'profiled nmethods': size=119104Kb used=31477Kb max_used=31477Kb free=87626Kb
 bounds [0x000002095aa30000, 0x000002095c8f0000, 0x0000020961e80000]
CodeHeap 'non-nmethods': size=7488Kb used=4206Kb max_used=4293Kb free=3281Kb
 bounds [0x0000020961e80000, 0x00000209622c0000, 0x00000209625d0000]
 total_blobs=18069 nmethods=15878 adapters=2098
 compilation: enabled
              stopped_count=0, restarted_count=0
 full_count=0

Compilation events (20 events):
Event: 36.632 Thread 0x00000209303a2620 nmethod 20624 0x0000020962c6b690 code [0x0000020962c6b800, 0x0000020962c6b8b8]
Event: 36.632 Thread 0x00000209303a2620 20611       4       com.mojang.brigadier.StringReader::skip (11 bytes)
Event: 36.633 Thread 0x000002097a6e86e0 nmethod 20694 0x0000020962c6a290 code [0x0000020962c6a440, 0x0000020962c6afc8]
Event: 36.633 Thread 0x000002092c18c0b0 nmethod 20693 0x00000209632bac90 code [0x00000209632baea0, 0x00000209632bc038]
Event: 36.633 Thread 0x00000209303a2620 nmethod 20611 0x00000209632ba990 code [0x00000209632bab00, 0x00000209632bab78]
Event: 36.634 Thread 0x000002097a6e86e0 20646       4       com.mojang.brigadier.StringReader::read (19 bytes)
Event: 36.634 Thread 0x000002092c18c0b0 20664       4       com.mojang.brigadier.StringReader::skipWhitespace (25 bytes)
Event: 36.634 Thread 0x00000209303a2620 20655       4       com.mojang.brigadier.StringReader::isAllowedInUnquotedString (66 bytes)
Event: 36.635 Thread 0x00000209303a2620 nmethod 20655 0x00000209632ba610 code [0x00000209632ba780, 0x00000209632ba858]
Event: 36.635 Thread 0x00000209303a2620 20696       4       com.mojang.brigadier.StringReader::expect (37 bytes)
Event: 36.635 Thread 0x000002092c18bb60 nmethod 20638 0x00000209632ba210 code [0x00000209632ba3a0, 0x00000209632ba4b8]
Event: 36.635 Thread 0x000002097a6e86e0 nmethod 20646 0x00000209632b9e10 code [0x00000209632b9fa0, 0x00000209632ba0b8]
Event: 36.635 Thread 0x000002092c18bb60 20706       4       net.minecraft.nbt.StringTag::hashCode (8 bytes)
Event: 36.635 Thread 0x000002097a6e86e0 20734       4       com.mrcrayfish.framework.platform.ForgeRegistrationHelper$$Lambda$18255/0x0000000802bd8998::test (8 bytes)
Event: 36.637 Thread 0x000002092c18c0b0 nmethod 20664 0x00000209632b9810 code [0x00000209632b99a0, 0x00000209632b9b78]
Event: 36.637 Thread 0x000002092c18c0b0 20710       4       net.minecraft.nbt.TagParser::m_129364_ (36 bytes)
Event: 36.639 Thread 0x00000209303a2620 nmethod 20696 0x00000209632b9310 code [0x00000209632b94a0, 0x00000209632b95f8]
Event: 36.639 Thread 0x00000209303a2620 20831       4       it.unimi.dsi.fastutil.objects.Object2ObjectOpenHashMap::hashCode (143 bytes)
Event: 36.643 Thread 0x000002092c18bb60 nmethod 20706 0x00000209632b8b10 code [0x00000209632b8ca0, 0x00000209632b8ee8]
Event: 36.645 Thread 0x000002092c18bb60 20836       4       it.unimi.dsi.fastutil.objects.Object2ObjectOpenHashMap$MapEntrySet::contains (186 bytes)

GC Heap History (20 events):
Event: 26.909 GC heap before
{Heap before GC invocations=55 (full 0):
 garbage-first heap   total 1507328K, used 1250351K [0x00000003de000000, 0x0000000800000000)
  region size 16384K, 50 young (819200K), 5 survivors (81920K)
 Metaspace       used 68035K, committed 70144K, reserved 1114112K
  class space    used 7865K, committed 8768K, reserved 1048576K
}
Event: 26.927 GC heap after
{Heap after GC invocations=56 (full 0):
 garbage-first heap   total 1507328K, used 522471K [0x00000003de000000, 0x0000000800000000)
  region size 16384K, 4 young (65536K), 4 survivors (65536K)
 Metaspace       used 68035K, committed 70144K, reserved 1114112K
  class space    used 7865K, committed 8768K, reserved 1048576K
}
Event: 27.611 GC heap before
{Heap before GC invocations=56 (full 0):
 garbage-first heap   total 1507328K, used 1243367K [0x00000003de000000, 0x0000000800000000)
  region size 16384K, 49 young (802816K), 4 survivors (65536K)
 Metaspace       used 68929K, committed 71040K, reserved 1114112K
  class space    used 7988K, committed 8896K, reserved 1048576K
}
Event: 27.627 GC heap after
{Heap after GC invocations=57 (full 0):
 garbage-first heap   total 1507328K, used 529640K [0x00000003de000000, 0x0000000800000000)
  region size 16384K, 5 young (81920K), 5 survivors (81920K)
 Metaspace       used 68929K, committed 71040K, reserved 1114112K
  class space    used 7988K, committed 8896K, reserved 1048576K
}
Event: 28.028 GC heap before
{Heap before GC invocations=57 (full 0):
 garbage-first heap   total 1507328K, used 1234152K [0x00000003de000000, 0x0000000800000000)
  region size 16384K, 48 young (786432K), 5 survivors (81920K)
 Metaspace       used 70337K, committed 72384K, reserved 1114112K
  class space    used 8085K, committed 8960K, reserved 1048576K
}
Event: 28.043 GC heap after
{Heap after GC invocations=58 (full 0):
 garbage-first heap   total 1818624K, used 537715K [0x00000003de000000, 0x0000000800000000)
  region size 16384K, 4 young (65536K), 4 survivors (65536K)
 Metaspace       used 70337K, committed 72384K, reserved 1114112K
  class space    used 8085K, committed 8960K, reserved 1048576K
}
Event: 29.259 GC heap before
{Heap before GC invocations=58 (full 0):
 garbage-first heap   total 1818624K, used 1520755K [0x00000003de000000, 0x0000000800000000)
  region size 16384K, 64 young (1048576K), 4 survivors (65536K)
 Metaspace       used 78521K, committed 80576K, reserved 1179648K
  class space    used 9413K, committed 10304K, reserved 1048576K
}
Event: 29.274 GC heap after
{Heap after GC invocations=59 (full 0):
 garbage-first heap   total 1818624K, used 555610K [0x00000003de000000, 0x0000000800000000)
  region size 16384K, 5 young (81920K), 5 survivors (81920K)
 Metaspace       used 78521K, committed 80576K, reserved 1179648K
  class space    used 9413K, committed 10304K, reserved 1048576K
}
Event: 30.458 GC heap before
{Heap before GC invocations=59 (full 0):
 garbage-first heap   total 1818624K, used 1505882K [0x00000003de000000, 0x0000000800000000)
  region size 16384K, 63 young (1032192K), 5 survivors (81920K)
 Metaspace       used 87524K, committed 89792K, reserved 1179648K
  class space    used 11209K, committed 12224K, reserved 1048576K
}
Event: 30.476 GC heap after
{Heap after GC invocations=60 (full 0):
 garbage-first heap   total 1818624K, used 570906K [0x00000003de000000, 0x0000000800000000)
  region size 16384K, 4 young (65536K), 4 survivors (65536K)
 Metaspace       used 87524K, committed 89792K, reserved 1179648K
  class space    used 11209K, committed 12224K, reserved 1048576K
}
Event: 31.721 GC heap before
{Heap before GC invocations=60 (full 0):
 garbage-first heap   total 1818624K, used 1357338K [0x00000003de000000, 0x0000000800000000)
  region size 16384K, 53 young (868352K), 4 survivors (65536K)
 Metaspace       used 101312K, committed 103680K, reserved 1179648K
  class space    used 14326K, committed 15360K, reserved 1048576K
}
Event: 31.738 GC heap after
{Heap after GC invocations=61 (full 0):
 garbage-first heap   total 1818624K, used 582134K [0x00000003de000000, 0x0000000800000000)
  region size 16384K, 5 young (81920K), 5 survivors (81920K)
 Metaspace       used 101312K, committed 103680K, reserved 1179648K
  class space    used 14326K, committed 15360K, reserved 1048576K
}
Event: 34.189 GC heap before
{Heap before GC invocations=62 (full 0):
 garbage-first heap   total 1818624K, used 1532406K [0x00000003de000000, 0x0000000800000000)
  region size 16384K, 63 young (1032192K), 5 survivors (81920K)
 Metaspace       used 127226K, committed 129664K, reserved 1179648K
  class space    used 17556K, committed 18624K, reserved 1048576K
}
Event: 34.211 GC heap after
{Heap after GC invocations=63 (full 0):
 garbage-first heap   total 1818624K, used 603011K [0x00000003de000000, 0x0000000800000000)
  region size 16384K, 6 young (98304K), 6 survivors (98304K)
 Metaspace       used 127226K, committed 129664K, reserved 1179648K
  class space    used 17556K, committed 18624K, reserved 1048576K
}
Event: 34.890 GC heap before
{Heap before GC invocations=64 (full 0):
 garbage-first heap   total 1818624K, used 1504131K [0x00000003de000000, 0x0000000800000000)
  region size 16384K, 61 young (999424K), 6 survivors (98304K)
 Metaspace       used 151966K, committed 154432K, reserved 1179648K
  class space    used 24489K, committed 25536K, reserved 1048576K
}
Event: 34.917 GC heap after
{Heap after GC invocations=65 (full 0):
 garbage-first heap   total 1818624K, used 630256K [0x00000003de000000, 0x0000000800000000)
  region size 16384K, 8 young (131072K), 8 survivors (131072K)
 Metaspace       used 151966K, committed 154432K, reserved 1179648K
  class space    used 24489K, committed 25536K, reserved 1048576K
}
Event: 35.787 GC heap before
{Heap before GC invocations=65 (full 0):
 garbage-first heap   total 1818624K, used 1465840K [0x00000003de000000, 0x0000000800000000)
  region size 16384K, 59 young (966656K), 8 survivors (131072K)
 Metaspace       used 189575K, committed 192064K, reserved 1245184K
  class space    used 34553K, committed 35648K, reserved 1048576K
}
Event: 35.822 GC heap after
{Heap after GC invocations=66 (full 0):
 garbage-first heap   total 1818624K, used 659408K [0x00000003de000000, 0x0000000800000000)
  region size 16384K, 6 young (98304K), 6 survivors (98304K)
 Metaspace       used 189575K, committed 192064K, reserved 1245184K
  class space    used 34553K, committed 35648K, reserved 1048576K
}
Event: 36.595 GC heap before
{Heap before GC invocations=66 (full 0):
 garbage-first heap   total 1818624K, used 1331152K [0x00000003de000000, 0x0000000800000000)
  region size 16384K, 49 young (802816K), 6 survivors (98304K)
 Metaspace       used 225748K, committed 228288K, reserved 1245184K
  class space    used 44212K, committed 45312K, reserved 1048576K
}
Event: 36.630 GC heap after
{Heap after GC invocations=67 (full 0):
 garbage-first heap   total 1818624K, used 693326K [0x00000003de000000, 0x0000000800000000)
  region size 16384K, 5 young (81920K), 5 survivors (81920K)
 Metaspace       used 225748K, committed 228288K, reserved 1245184K
  class space    used 44212K, committed 45312K, reserved 1048576K
}

Dll operation events (16 events):
Event: 0.006 Loaded shared library C:\Users\toast\curseforge\minecraft\Install\runtime\java-runtime-gamma\windows-x64\java-runtime-gamma\bin\java.dll
Event: 0.030 Loaded shared library C:\Users\toast\curseforge\minecraft\Install\runtime\java-runtime-gamma\windows-x64\java-runtime-gamma\bin\jsvml.dll
Event: 0.138 Loaded shared library C:\Users\toast\curseforge\minecraft\Install\runtime\java-runtime-gamma\windows-x64\java-runtime-gamma\bin\net.dll
Event: 0.139 Loaded shared library C:\Users\toast\curseforge\minecraft\Install\runtime\java-runtime-gamma\windows-x64\java-runtime-gamma\bin\nio.dll
Event: 0.143 Loaded shared library C:\Users\toast\curseforge\minecraft\Install\runtime\java-runtime-gamma\windows-x64\java-runtime-gamma\bin\zip.dll
Event: 0.200 Loaded shared library C:\Users\toast\curseforge\minecraft\Install\runtime\java-runtime-gamma\windows-x64\java-runtime-gamma\bin\jimage.dll
Event: 0.371 Loaded shared library C:\Users\toast\curseforge\minecraft\Install\runtime\java-runtime-gamma\windows-x64\java-runtime-gamma\bin\verify.dll
Event: 1.702 Loaded shared library C:\Users\toast\curseforge\minecraft\Install\runtime\java-runtime-gamma\windows-x64\java-runtime-gamma\bin\management.dll
Event: 1.704 Loaded shared library C:\Users\toast\curseforge\minecraft\Install\runtime\java-runtime-gamma\windows-x64\java-runtime-gamma\bin\management_ext.dll
Event: 8.854 Loaded shared library C:\Users\toast\curseforge\minecraft\Install\bin\c5f7c7853211da0bcae57c182c66a4c55c6919c3\lwjgl.dll
Event: 9.202 Loaded shared library C:\Users\toast\curseforge\minecraft\Install\bin\c5f7c7853211da0bcae57c182c66a4c55c6919c3\lwjgl_opengl.dll
Event: 9.303 Loaded shared library C:\Users\toast\curseforge\minecraft\Install\bin\c5f7c7853211da0bcae57c182c66a4c55c6919c3\lwjgl_stb.dll
Event: 9.356 Loaded shared library C:\Users\toast\curseforge\minecraft\Install\runtime\java-runtime-gamma\windows-x64\java-runtime-gamma\bin\sunmscapi.dll
Event: 21.086 Loaded shared library C:\Users\toast\curseforge\minecraft\Install\bin\c5f7c7853211da0bcae57c182c66a4c55c6919c3\jna13514556641150800104.dll
Event: 32.731 Loaded shared library C:\Users\toast\curseforge\minecraft\Instances\GH2 The Book of John\EffekseerNativeForJava.dll
Event: 32.881 Loaded shared library C:\Users\toast\curseforge\minecraft\Install\runtime\java-runtime-gamma\windows-x64\java-runtime-gamma\bin\awt.dll

Deoptimization events (20 events):
Event: 36.501 Thread 0x000002097d6d2310 Uncommon trap: reason=class_check action=maybe_recompile pc=0x0000020963354200 method=com.electronwill.nightconfig.core.AbstractConfig.getOrCreateMap(Ljava/util/List;)Ljava/util/Map; @ 69 c2
Event: 36.501 Thread 0x000002097d6d2310 DEOPT PACKING pc=0x0000020963354200 sp=0x0000008172efda90
Event: 36.501 Thread 0x000002097d6d2310 DEOPT UNPACKING pc=0x0000020961ed69a3 sp=0x0000008172efda38 mode 2
Event: 36.552 Thread 0x00000209793c8a00 Uncommon trap: trap_request=0xffffffde fr.pc=0x00000209631706c4 relative=0x0000000000005c24
Event: 36.553 Thread 0x00000209793c8a00 Uncommon trap: reason=class_check action=maybe_recompile pc=0x00000209631706c4 method=org.objectweb.asm.tree.AnnotationNode.visitEnum(Ljava/lang/String;Ljava/lang/String;Ljava/lang/String;)V @ 64 c2
Event: 36.553 Thread 0x00000209793c8a00 DEOPT PACKING pc=0x00000209631706c4 sp=0x0000008173cfb900
Event: 36.553 Thread 0x00000209793c8a00 DEOPT UNPACKING pc=0x0000020961ed69a3 sp=0x0000008173cfb820 mode 2
Event: 36.553 Thread 0x00000209793c8a00 Uncommon trap: trap_request=0xffffffde fr.pc=0x0000020963171214 relative=0x0000000000006774
Event: 36.553 Thread 0x00000209793c8a00 Uncommon trap: reason=class_check action=maybe_recompile pc=0x0000020963171214 method=org.objectweb.asm.ClassReader.readElementValue(Lorg/objectweb/asm/AnnotationVisitor;ILjava/lang/String;[C)I @ 375 c2
Event: 36.553 Thread 0x00000209793c8a00 DEOPT PACKING pc=0x0000020963171214 sp=0x0000008173cfb900
Event: 36.553 Thread 0x00000209793c8a00 DEOPT UNPACKING pc=0x0000020961ed69a3 sp=0x0000008173cfb890 mode 2
Event: 36.559 Thread 0x00000209793cad70 Uncommon trap: trap_request=0xffffff6e fr.pc=0x00000209631260c0 relative=0x0000000000000600
Event: 36.559 Thread 0x00000209793cad70 Uncommon trap: reason=loop_limit_check action=maybe_recompile pc=0x00000209631260c0 method=it.unimi.dsi.fastutil.objects.Object2ObjectOpenHashMap.hashCode()I @ 16 c2
Event: 36.559 Thread 0x00000209793cad70 DEOPT PACKING pc=0x00000209631260c0 sp=0x00000081738fb960
Event: 36.559 Thread 0x00000209793cad70 DEOPT UNPACKING pc=0x0000020961ed69a3 sp=0x00000081738fb8f8 mode 2
Event: 36.644 Thread 0x0000020973806760 Uncommon trap: trap_request=0xffffffde fr.pc=0x00000209628bc7d4 relative=0x00000000000004b4
Event: 36.644 Thread 0x0000020973806760 Uncommon trap: reason=class_check action=maybe_recompile pc=0x00000209628bc7d4 method=jdk.internal.ref.PhantomCleanable.clean()V @ 12 c2
Event: 36.646 Thread 0x0000020973806760 DEOPT PACKING pc=0x00000209628bc7d4 sp=0x000000816cfff320
Event: 36.646 Thread 0x0000020973806760 DEOPT UNPACKING pc=0x0000020961ed69a3 sp=0x000000816cfff300 mode 2
Event: 36.649 Thread 0x0000020973806760 Uncommon trap: trap_request=0xffffffde fr.pc=0x00000209628bc7d4 relative=0x00000000000004b4

Classes unloaded (3 events):
Event: 22.542 Thread 0x000002096a496a00 Unloading class 0x00000008004c9c18 'kotlin/KotlinVersionCurrentValue'
Event: 22.542 Thread 0x000002096a496a00 Unloading class 0x00000008004c9a18 'kotlin/KotlinVersion$Companion'
Event: 22.542 Thread 0x000002096a496a00 Unloading class 0x00000008004c9800 'kotlin/KotlinVersion'

Classes redefined (0 events):
No events

Internal exceptions (20 events):
Event: 36.583 Thread 0x000002097c3f7300 Exception <a 'java/lang/IllegalArgumentException'{0x000000042307a180}: Wrong type at constant pool index> (0x000000042307a180) 
thrown [s\src\hotspot\share\prims\jvm.cpp, line 2095]
Event: 36.583 Thread 0x000002097c3f7300 Exception <a 'java/lang/IllegalArgumentException'{0x000000042307a788}: Wrong type at constant pool index> (0x000000042307a788) 
thrown [s\src\hotspot\share\prims\jvm.cpp, line 2095]
Event: 36.584 Thread 0x000002097c3f7300 Exception <a 'java/lang/IllegalArgumentException'{0x000000042307dfe0}: Wrong type at constant pool index> (0x000000042307dfe0) 
thrown [s\src\hotspot\share\prims\jvm.cpp, line 2095]
Event: 36.584 Thread 0x000002097c3f7300 Exception <a 'java/lang/IllegalArgumentException'{0x000000042307e5e8}: Wrong type at constant pool index> (0x000000042307e5e8) 
thrown [s\src\hotspot\share\prims\jvm.cpp, line 2095]
Event: 36.585 Thread 0x000002097c3f7300 Exception <a 'java/lang/IllegalArgumentException'{0x0000000423081868}: Wrong type at constant pool index> (0x0000000423081868) 
thrown [s\src\hotspot\share\prims\jvm.cpp, line 2095]
Event: 36.585 Thread 0x000002097c3f7300 Exception <a 'java/lang/IllegalArgumentException'{0x0000000423081e70}: Wrong type at constant pool index> (0x0000000423081e70) 
thrown [s\src\hotspot\share\prims\jvm.cpp, line 2095]
Event: 36.586 Thread 0x000002097c3f7300 Exception <a 'java/lang/IllegalArgumentException'{0x0000000423085650}: Wrong type at constant pool index> (0x0000000423085650) 
thrown [s\src\hotspot\share\prims\jvm.cpp, line 2095]
Event: 36.586 Thread 0x000002097c3f7300 Exception <a 'java/lang/IllegalArgumentException'{0x0000000423085c58}: Wrong type at constant pool index> (0x0000000423085c58) 
thrown [s\src\hotspot\share\prims\jvm.cpp, line 2095]
Event: 36.587 Thread 0x000002097c3f7300 Exception <a 'java/lang/IllegalArgumentException'{0x00000004230893a8}: Wrong type at constant pool index> (0x00000004230893a8) 
thrown [s\src\hotspot\share\prims\jvm.cpp, line 2095]
Event: 36.587 Thread 0x000002097c3f7300 Exception <a 'java/lang/IllegalArgumentException'{0x00000004230899b0}: Wrong type at constant pool index> (0x00000004230899b0) 
thrown [s\src\hotspot\share\prims\jvm.cpp, line 2095]
Event: 36.588 Thread 0x00000209793cbca0 Exception <a 'java/lang/IllegalArgumentException'{0x00000004238d83d0}: Wrong type at constant pool index> (0x00000004238d83d0) 
thrown [s\src\hotspot\share\prims\jvm.cpp, line 2095]
Event: 36.588 Thread 0x00000209793cbca0 Exception <a 'java/lang/IllegalArgumentException'{0x00000004238d8c80}: Wrong type at constant pool index> (0x00000004238d8c80) 
thrown [s\src\hotspot\share\prims\jvm.cpp, line 2095]
Event: 36.591 Thread 0x00000209793cbca0 Exception <a 'java/lang/IllegalArgumentException'{0x00000004238eb318}: Wrong type at constant pool index> (0x00000004238eb318) 
thrown [s\src\hotspot\share\prims\jvm.cpp, line 2095]
Event: 36.591 Thread 0x00000209793cbca0 Exception <a 'java/lang/IllegalArgumentException'{0x00000004238ebbc8}: Wrong type at constant pool index> (0x00000004238ebbc8) 
thrown [s\src\hotspot\share\prims\jvm.cpp, line 2095]
Event: 36.592 Thread 0x00000209793cbca0 Exception <a 'java/lang/IllegalArgumentException'{0x00000004238efb88}: Wrong type at constant pool index> (0x00000004238efb88) 
thrown [s\src\hotspot\share\prims\jvm.cpp, line 2095]
Event: 36.592 Thread 0x00000209793cbca0 Exception <a 'java/lang/IllegalArgumentException'{0x00000004238f0438}: Wrong type at constant pool index> (0x00000004238f0438) 
thrown [s\src\hotspot\share\prims\jvm.cpp, line 2095]
Event: 36.593 Thread 0x00000209793cbca0 Exception <a 'java/lang/IllegalArgumentException'{0x00000004238f46a8}: Wrong type at constant pool index> (0x00000004238f46a8) 
thrown [s\src\hotspot\share\prims\jvm.cpp, line 2095]
Event: 36.593 Thread 0x00000209793cbca0 Exception <a 'java/lang/IllegalArgumentException'{0x00000004238f4f58}: Wrong type at constant pool index> (0x00000004238f4f58) 
thrown [s\src\hotspot\share\prims\jvm.cpp, line 2095]
Event: 36.635 Thread 0x00000209793cbca0 Exception <a 'java/lang/IllegalArgumentException'{0x000000044c52c498}: Wrong type at constant pool index> (0x000000044c52c498) 
thrown [s\src\hotspot\share\prims\jvm.cpp, line 2095]
Event: 36.635 Thread 0x00000209793cbca0 Exception <a 'java/lang/IllegalArgumentException'{0x000000044c52caa0}: Wrong type at constant pool index> (0x000000044c52caa0) 
thrown [s\src\hotspot\share\prims\jvm.cpp, line 2095]

VM Operations (20 events):
Event: 36.630 Executing VM operation: CollectForMetadataAllocation done
Event: 36.631 Executing VM operation: CollectForMetadataAllocation
Event: 36.631 Executing VM operation: CollectForMetadataAllocation done
Event: 36.632 Executing VM operation: CollectForMetadataAllocation
Event: 36.632 Executing VM operation: CollectForMetadataAllocation done
Event: 36.633 Executing VM operation: CollectForMetadataAllocation
Event: 36.633 Executing VM operation: CollectForMetadataAllocation done
Event: 36.633 Executing VM operation: CollectForMetadataAllocation
Event: 36.634 Executing VM operation: CollectForMetadataAllocation done
Event: 36.635 Executing VM operation: CollectForMetadataAllocation
Event: 36.635 Executing VM operation: CollectForMetadataAllocation done
Event: 36.635 Executing VM operation: CollectForMetadataAllocation
Event: 36.636 Executing VM operation: CollectForMetadataAllocation done
Event: 36.636 Executing VM operation: CollectForMetadataAllocation
Event: 36.637 Executing VM operation: CollectForMetadataAllocation done
Event: 36.638 Executing VM operation: CollectForMetadataAllocation
Event: 36.641 Executing VM operation: CollectForMetadataAllocation done
Event: 36.641 Executing VM operation: CollectForMetadataAllocation
Event: 36.644 Executing VM operation: CollectForMetadataAllocation done
Event: 36.644 Executing VM operation: CollectForMetadataAllocation

Events (20 events):
Event: 36.332 Thread 0x00000209736b54e0 flushing nmethod 0x000002095b322590
Event: 36.337 Thread 0x00000209736b54e0 flushing nmethod 0x000002095b5ee490
Event: 36.338 Thread 0x00000209736b54e0 flushing nmethod 0x000002095b65a690
Event: 36.343 Thread 0x00000209736b54e0 flushing nmethod 0x000002095b99e890
Event: 36.343 Thread 0x00000209736b54e0 flushing nmethod 0x000002095b99f110
Event: 36.352 Thread 0x00000209736b54e0 flushing nmethod 0x000002095bdfe810
Event: 36.352 Thread 0x00000209736b54e0 flushing nmethod 0x000002095bdfec10
Event: 36.371 Thread 0x00000209736b54e0 flushing nmethod 0x000002095c2ee710
Event: 36.376 Thread 0x00000209736b54e0 flushing nmethod 0x000002095c577410
Event: 36.376 Thread 0x00000209736b54e0 flushing nmethod 0x000002095c5c1c90
Event: 36.376 Thread 0x00000209736b54e0 flushing nmethod 0x000002095c5c2610
Event: 36.376 Thread 0x00000209736b54e0 flushing nmethod 0x000002095c5c3a10
Event: 36.377 Thread 0x00000209736b54e0 flushing nmethod 0x000002095c668a90
Event: 36.378 Thread 0x00000209736b54e0 flushing nmethod 0x000002095c6c3f10
Event: 36.510 Thread 0x0000020930cc5f20 Thread added: 0x0000020930cc5f20
Event: 36.528 Thread 0x0000020930cc7360 Thread added: 0x0000020930cc7360
Event: 36.583 Thread 0x0000020930cc96d0 Thread added: 0x0000020930cc96d0
Event: 36.584 loading class java/net/CookieManager$CookieComparator
Event: 36.584 loading class java/net/CookieManager$CookieComparator done
Event: 36.585 Thread 0x0000020930cc96d0 Thread exited: 0x0000020930cc96d0


Dynamic libraries:
0x00007ff7e26c0000 - 0x00007ff7e26ce000 	C:\Users\toast\curseforge\minecraft\Install\runtime\java-runtime-gamma\windows-x64\java-runtime-gamma\bin\javaw.exe
0x00007ffb68650000 - 0x00007ffb68867000 	C:\Windows\SYSTEM32\ntdll.dll
0x00007ffb66ff0000 - 0x00007ffb670b4000 	C:\Windows\System32\KERNEL32.DLL
0x00007ffb65ce0000 - 0x00007ffb6608d000 	C:\Windows\System32\KERNELBASE.dll
0x00007ffb65b50000 - 0x00007ffb65c61000 	C:\Windows\System32\ucrtbase.dll
0x00007ffb610c0000 - 0x00007ffb610db000 	C:\Users\toast\curseforge\minecraft\Install\runtime\java-runtime-gamma\windows-x64\java-runtime-gamma\bin\VCRUNTIME140.dll
0x00007ffb610a0000 - 0x00007ffb610b7000 	C:\Users\toast\curseforge\minecraft\Install\runtime\java-runtime-gamma\windows-x64\java-runtime-gamma\bin\jli.dll
0x00007ffb68330000 - 0x00007ffb684de000 	C:\Windows\System32\USER32.dll
0x00007ffb521c0000 - 0x00007ffb52453000 	C:\Windows\WinSxS\amd64_microsoft.windows.common-controls_6595b64144ccf1df_6.0.22621.3672_none_2713b9d173822955\COMCTL32.dll
0x00007ffb66200000 - 0x00007ffb66226000 	C:\Windows\System32\win32u.dll
0x00007ffb672b0000 - 0x00007ffb67357000 	C:\Windows\System32\msvcrt.dll
0x00007ffb66410000 - 0x00007ffb66439000 	C:\Windows\System32\GDI32.dll
0x00007ffb66260000 - 0x00007ffb66379000 	C:\Windows\System32\gdi32full.dll
0x00007ffb65ab0000 - 0x00007ffb65b4a000 	C:\Windows\System32\msvcp_win.dll
0x00007ffb66d40000 - 0x00007ffb66d71000 	C:\Windows\System32\IMM32.DLL
0x00007ffb5f670000 - 0x00007ffb5f67c000 	C:\Users\toast\curseforge\minecraft\Install\runtime\java-runtime-gamma\windows-x64\java-runtime-gamma\bin\vcruntime140_1.dll
0x00007ffb3c370000 - 0x00007ffb3c3fd000 	C:\Users\toast\curseforge\minecraft\Install\runtime\java-runtime-gamma\windows-x64\java-runtime-gamma\bin\msvcp140.dll
0x00007ffad8200000 - 0x00007ffad8e65000 	C:\Users\toast\curseforge\minecraft\Install\runtime\java-runtime-gamma\windows-x64\java-runtime-gamma\bin\server\jvm.dll
0x00007ffb671f0000 - 0x00007ffb672a2000 	C:\Windows\System32\ADVAPI32.dll
0x00007ffb68560000 - 0x00007ffb68609000 	C:\Windows\System32\sechost.dll
0x00007ffb66230000 - 0x00007ffb66258000 	C:\Windows\System32\bcrypt.dll
0x00007ffb670d0000 - 0x00007ffb671e4000 	C:\Windows\System32\RPCRT4.dll
0x00007ffb64820000 - 0x00007ffb6486d000 	C:\Windows\SYSTEM32\POWRPROF.dll
0x00007ffb617f0000 - 0x00007ffb61824000 	C:\Windows\SYSTEM32\WINMM.dll
0x00007ffb62be0000 - 0x00007ffb62be9000 	C:\Windows\SYSTEM32\WSOCK32.dll
0x00007ffb67a80000 - 0x00007ffb67af1000 	C:\Windows\System32\WS2_32.dll
0x00007ffb5f2f0000 - 0x00007ffb5f2fa000 	C:\Windows\SYSTEM32\VERSION.dll
0x00007ffb64800000 - 0x00007ffb64813000 	C:\Windows\SYSTEM32\UMPDC.dll
0x00007ffb64ab0000 - 0x00007ffb64ac8000 	C:\Windows\SYSTEM32\kernel.appcore.dll
0x00007ffb5f300000 - 0x00007ffb5f30a000 	C:\Users\toast\curseforge\minecraft\Install\runtime\java-runtime-gamma\windows-x64\java-runtime-gamma\bin\jimage.dll
0x00007ffb5ac40000 - 0x00007ffb5ae72000 	C:\Windows\SYSTEM32\DBGHELP.DLL
0x00007ffb67440000 - 0x00007ffb677ce000 	C:\Windows\System32\combase.dll
0x00007ffb67360000 - 0x00007ffb67437000 	C:\Windows\System32\OLEAUT32.dll
0x00007ffb4ba20000 - 0x00007ffb4ba52000 	C:\Windows\SYSTEM32\dbgcore.DLL
0x00007ffb65970000 - 0x00007ffb659eb000 	C:\Windows\System32\bcryptPrimitives.dll
0x00007ffb4aab0000 - 0x00007ffb4aad5000 	C:\Users\toast\curseforge\minecraft\Install\runtime\java-runtime-gamma\windows-x64\java-runtime-gamma\bin\java.dll
0x00007ffb4b9d0000 - 0x00007ffb4b9e8000 	C:\Users\toast\curseforge\minecraft\Install\runtime\java-runtime-gamma\windows-x64\java-runtime-gamma\bin\zip.dll
0x00007ffb3a290000 - 0x00007ffb3a367000 	C:\Users\toast\curseforge\minecraft\Install\runtime\java-runtime-gamma\windows-x64\java-runtime-gamma\bin\jsvml.dll
0x00007ffb664b0000 - 0x00007ffb66d17000 	C:\Windows\System32\SHELL32.dll
0x00007ffb638f0000 - 0x00007ffb641ef000 	C:\Windows\SYSTEM32\windows.storage.dll
0x00007ffb637b0000 - 0x00007ffb638ef000 	C:\Windows\SYSTEM32\wintypes.dll
0x00007ffb67b50000 - 0x00007ffb67c49000 	C:\Windows\System32\SHCORE.dll
0x00007ffb67850000 - 0x00007ffb678ae000 	C:\Windows\System32\shlwapi.dll
0x00007ffb658a0000 - 0x00007ffb658c7000 	C:\Windows\SYSTEM32\profapi.dll
0x00007ffb4aa90000 - 0x00007ffb4aaa9000 	C:\Users\toast\curseforge\minecraft\Install\runtime\java-runtime-gamma\windows-x64\java-runtime-gamma\bin\net.dll
0x00007ffb621e0000 - 0x00007ffb62316000 	C:\Windows\SYSTEM32\WINHTTP.dll
0x00007ffb64f20000 - 0x00007ffb64f89000 	C:\Windows\system32\mswsock.dll
0x00007ffb4aa70000 - 0x00007ffb4aa86000 	C:\Users\toast\curseforge\minecraft\Install\runtime\java-runtime-gamma\windows-x64\java-runtime-gamma\bin\nio.dll
0x00007ffb5f210000 - 0x00007ffb5f220000 	C:\Users\toast\curseforge\minecraft\Install\runtime\java-runtime-gamma\windows-x64\java-runtime-gamma\bin\verify.dll
0x00007ffb5a370000 - 0x00007ffb5a379000 	C:\Users\toast\curseforge\minecraft\Install\runtime\java-runtime-gamma\windows-x64\java-runtime-gamma\bin\management.dll
0x00007ffb4a880000 - 0x00007ffb4a88b000 	C:\Users\toast\curseforge\minecraft\Install\runtime\java-runtime-gamma\windows-x64\java-runtime-gamma\bin\management_ext.dll
0x00007ffb66d20000 - 0x00007ffb66d28000 	C:\Windows\System32\PSAPI.DLL
0x00007ffb295c0000 - 0x00007ffb295d7000 	C:\Windows\system32\napinsp.dll
0x00007ffb295a0000 - 0x00007ffb295bb000 	C:\Windows\system32\pnrpnsp.dll
0x00007ffb64540000 - 0x00007ffb64638000 	C:\Windows\SYSTEM32\DNSAPI.dll
0x00007ffb64500000 - 0x00007ffb6452d000 	C:\Windows\SYSTEM32\IPHLPAPI.DLL
0x00007ffb670c0000 - 0x00007ffb670c9000 	C:\Windows\System32\NSI.dll
0x00007ffb29500000 - 0x00007ffb29511000 	C:\Windows\System32\winrnr.dll
0x00007ffb41800000 - 0x00007ffb41815000 	C:\Windows\system32\wshbth.dll
0x00007ffb293f0000 - 0x00007ffb29417000 	C:\Windows\system32\nlansp_c.dll
0x00007ffb58090000 - 0x00007ffb5809a000 	C:\Windows\System32\rasadhlp.dll
0x00007ffb614a0000 - 0x00007ffb61523000 	C:\Windows\System32\fwpuclnt.dll
0x00007ffb61110000 - 0x00007ffb61185000 	C:\Users\toast\curseforge\minecraft\Install\bin\c5f7c7853211da0bcae57c182c66a4c55c6919c3\lwjgl.dll
0x00007ffb48990000 - 0x00007ffb489f1000 	C:\Users\toast\curseforge\minecraft\Install\bin\c5f7c7853211da0bcae57c182c66a4c55c6919c3\glfw.dll
0x00007ffb19fe0000 - 0x00007ffb1a026000 	C:\Windows\SYSTEM32\dinput8.dll
0x00007ffb62470000 - 0x00007ffb62481000 	C:\Windows\SYSTEM32\xinput1_4.dll
0x00007ffb65680000 - 0x00007ffb656ce000 	C:\Windows\SYSTEM32\cfgmgr32.dll
0x00007ffb65630000 - 0x00007ffb6565c000 	C:\Windows\SYSTEM32\DEVOBJ.dll
0x00007ffb63330000 - 0x00007ffb6335b000 	C:\Windows\SYSTEM32\dwmapi.dll
0x00007ffb53d60000 - 0x00007ffb53f73000 	C:\Windows\SYSTEM32\inputhost.dll
0x00007ffb60b30000 - 0x00007ffb60c63000 	C:\Windows\SYSTEM32\CoreMessaging.dll
0x00007ffb62e50000 - 0x00007ffb62f01000 	C:\Windows\system32\uxtheme.dll
0x00007ffb65170000 - 0x00007ffb6517c000 	C:\Windows\SYSTEM32\CRYPTBASE.DLL
0x00007ffb680d0000 - 0x00007ffb6822e000 	C:\Windows\System32\MSCTF.dll
0x00007ffb3d430000 - 0x00007ffb3d530000 	C:\Windows\SYSTEM32\opengl32.dll
0x00007ffb610e0000 - 0x00007ffb6110d000 	C:\Windows\SYSTEM32\GLU32.dll
0x00007ffb62ff0000 - 0x00007ffb63027000 	C:\Windows\SYSTEM32\dxcore.dll
0x00007ffb66d80000 - 0x00007ffb66e30000 	C:\Windows\System32\clbcatq.dll
0x00007ffb04110000 - 0x00007ffb066f8000 	C:\Windows\System32\DriverStore\FileRepository\nv_dispi.inf_amd64_dcf94619172aceb0\nvoglv64.dll
0x00007ffb67c50000 - 0x00007ffb680c4000 	C:\Windows\System32\SETUPAPI.dll
0x00007ffb678d0000 - 0x00007ffb67a75000 	C:\Windows\System32\ole32.dll
0x00007ffb64870000 - 0x00007ffb64884000 	C:\Windows\SYSTEM32\WTSAPI32.dll
0x00007ffb651d0000 - 0x00007ffb651e2000 	C:\Windows\SYSTEM32\msasn1.dll
0x00007ffb5f240000 - 0x00007ffb5f272000 	C:\Windows\SYSTEM32\cryptnet.dll
0x00007ffb66090000 - 0x00007ffb661f6000 	C:\Windows\System32\CRYPT32.dll
0x00007ffb65240000 - 0x00007ffb65289000 	C:\Windows\SYSTEM32\wldp.dll
0x00007ffb5ef50000 - 0x00007ffb5f0b2000 	C:\Windows\SYSTEM32\drvstore.dll
0x00007ffb65c70000 - 0x00007ffb65cdb000 	C:\Windows\System32\WINTRUST.dll
0x00007ffb64bc0000 - 0x00007ffb64bf4000 	C:\Windows\SYSTEM32\ntmarta.dll
0x00007ffb684e0000 - 0x00007ffb684ff000 	C:\Windows\System32\imagehlp.dll
0x00007ffb65180000 - 0x00007ffb6519b000 	C:\Windows\SYSTEM32\CRYPTSP.dll
0x00007ffb64a10000 - 0x00007ffb64a45000 	C:\Windows\system32\rsaenh.dll
0x00007ffb548a0000 - 0x00007ffb5688e000 	C:\Windows\System32\DriverStore\FileRepository\nv_dispi.inf_amd64_dcf94619172aceb0\nvgpucomp64.dll
0x00007ffb27d10000 - 0x00007ffb2800d000 	C:\Windows\system32\nvspcap64.dll
0x00007ffb64490000 - 0x00007ffb644f6000 	C:\Windows\SYSTEM32\WINSTA.dll
0x00007ffb38c30000 - 0x00007ffb38e89000 	C:\Users\toast\curseforge\minecraft\Install\bin\c5f7c7853211da0bcae57c182c66a4c55c6919c3\jemalloc.dll
0x00007ffb579d0000 - 0x00007ffb57b13000 	C:\Windows\SYSTEM32\textinputframework.dll
0x00007ffb433a0000 - 0x00007ffb433fd000 	C:\Users\toast\curseforge\minecraft\Install\bin\c5f7c7853211da0bcae57c182c66a4c55c6919c3\lwjgl_opengl.dll
0x00007ffb65010000 - 0x00007ffb65038000 	C:\Windows\SYSTEM32\USERENV.dll
0x00007ffb61e20000 - 0x00007ffb61e39000 	C:\Windows\SYSTEM32\dhcpcsvc6.DLL
0x00007ffb61dc0000 - 0x00007ffb61ddf000 	C:\Windows\SYSTEM32\dhcpcsvc.DLL
0x00007ffb3c560000 - 0x00007ffb3c5e1000 	C:\Users\toast\curseforge\minecraft\Install\bin\c5f7c7853211da0bcae57c182c66a4c55c6919c3\lwjgl_stb.dll
0x00007ffb61e00000 - 0x00007ffb61e0e000 	C:\Users\toast\curseforge\minecraft\Install\runtime\java-runtime-gamma\windows-x64\java-runtime-gamma\bin\sunmscapi.dll
0x00007ffb65330000 - 0x00007ffb6535e000 	C:\Windows\SYSTEM32\ncrypt.dll
0x00007ffb652f0000 - 0x00007ffb65327000 	C:\Windows\SYSTEM32\NTASN1.dll
0x00007ffb4a8a0000 - 0x00007ffb4a8e0000 	C:\Users\toast\curseforge\minecraft\Install\bin\c5f7c7853211da0bcae57c182c66a4c55c6919c3\jna13514556641150800104.dll
0x00007ffb52760000 - 0x00007ffb5277d000 	C:\Windows\SYSTEM32\amsi.dll
0x00007ffb526d0000 - 0x00007ffb52751000 	C:\ProgramData\Microsoft\Windows Defender\Platform\4.18.24080.9-0\MpOav.dll
0x00007ffb4c270000 - 0x00007ffb4c2c9000 	C:\Windows\SYSTEM32\Pdh.dll
0x00007ffaf93d0000 - 0x00007ffaf93e0000 	C:\Windows\System32\perfos.dll
0x00007ffb62fc0000 - 0x00007ffb62fd0000 	C:\Windows\SYSTEM32\pfclient.dll
0x00007ffb187b0000 - 0x00007ffb189ba000 	C:\Users\toast\curseforge\minecraft\Instances\GH2 The Book of John\EffekseerNativeForJava.dll
0x00007ffb5f8d0000 - 0x00007ffb5fcb6000 	C:\Windows\SYSTEM32\D3DCOMPILER_47.dll
0x00007ffb39270000 - 0x00007ffb393ff000 	C:\Users\toast\curseforge\minecraft\Install\runtime\java-runtime-gamma\windows-x64\java-runtime-gamma\bin\awt.dll
0x00007ffb615f0000 - 0x00007ffb61687000 	C:\Windows\SYSTEM32\apphelp.dll
0x00007ffb5a140000 - 0x00007ffb5a1fd000 	C:\Windows\SYSTEM32\mscms.dll
0x00007ffb3f5c0000 - 0x00007ffb3f60a000 	C:\Windows\SYSTEM32\icm32.dll
0x00007ffb49c70000 - 0x00007ffb49ca4000 	C:\Users\toast\AppData\Local\Temp\watermedia\videolan\libvlc.dll
0x00007ffb184f0000 - 0x00007ffb187a5000 	C:\Users\toast\AppData\Local\Temp\watermedia\videolan\libvlccore.dll
0x00007ffaea270000 - 0x00007ffaea312000 	C:\Windows\SYSTEM32\DSOUND.dll
0x00007ffaea1b0000 - 0x00007ffaea261000 	C:\Windows\SYSTEM32\ResampleDmo.DLL
0x00007ffaea320000 - 0x00007ffaea349000 	C:\Windows\SYSTEM32\winmmbase.dll
0x00007ffaf93e0000 - 0x00007ffaf93eb000 	C:\Windows\SYSTEM32\msdmo.dll
0x00007ffb0a900000 - 0x00007ffb0aa0e000 	C:\Users\toast\AppData\Local\Temp\watermedia\videolan\plugins\misc\libxml_plugin.dll
0x00007ffb18160000 - 0x00007ffb184f0000 	C:\Users\toast\AppData\Local\Temp\watermedia\videolan\plugins\access\libaccess_srt_plugin.dll
0x00007ffb17ec0000 - 0x00007ffb18156000 	C:\Users\toast\AppData\Local\Temp\watermedia\videolan\plugins\access\libdcp_plugin.dll
0x00007ffb4a7e0000 - 0x00007ffb4a7f8000 	C:\Users\toast\AppData\Local\Temp\watermedia\videolan\plugins\access\libfilesystem_plugin.dll
0x00007ffb3f850000 - 0x00007ffb3f876000 	C:\Users\toast\AppData\Local\Temp\watermedia\videolan\plugins\access\libftp_plugin.dll

dbghelp: loaded successfully - version: 4.0.5 - missing functions: none
symbol engine: initialized successfully - sym options: 0x614 - pdb path: .;C:\Users\toast\curseforge\minecraft\Install\runtime\java-runtime-gamma\windows-x64\java-runtime-gamma\bin;C:\Windows\SYSTEM32;C:\Windows\WinSxS\amd64_microsoft.windows.common-controls_6595b64144ccf1df_6.0.22621.3672_none_2713b9d173822955;C:\Users\toast\curseforge\minecraft\Install\runtime\java-runtime-gamma\windows-x64\java-runtime-gamma\bin\server;C:\Users\toast\curseforge\minecraft\Install\bin\c5f7c7853211da0bcae57c182c66a4c55c6919c3;C:\Windows\System32\DriverStore\FileRepository\nv_dispi.inf_amd64_dcf94619172aceb0;C:\ProgramData\Microsoft\Windows Defender\Platform\4.18.24080.9-0;C:\Users\toast\curseforge\minecraft\Instances\GH2 The Book of John;C:\Users\toast\AppData\Local\Temp\watermedia\videolan;C:\Users\toast\AppData\Local\Temp\watermedia\videolan\plugins\misc;C:\Users\toast\AppData\Local\Temp\watermedia\videolan\plugins\access;C:\Users\toast\AppData\Local\Temp\watermedia\videolan\plugins\audio_filter;C:\Users\toast\AppData\Local\Temp\watermedia\videolan\plugins\audio_mixer;C:\Users\toast\AppData\Local\Temp\watermedia\videolan\plugins\audio_output;C:\Users\toast\AppData\Local\Temp\watermedia\videolan\plugins\codec;C:\Users\toast\AppData\Local\Temp\watermedia\videolan\plugins\d3d11;C:\Users\toast\AppData\Local\Temp\watermedia\videolan\plugins\d3d9;C:\Users\toast\AppData\Local\Temp\watermedia\videolan\plugins\demux;C:\Users\toast\AppData\Local\Temp\watermedia\videolan\plugins\logger;C:\Users\toast\AppData\Local\Temp\watermedia\videolan\plugins\lua;C:\Users\toast\AppData\Local\Temp\watermedia\videolan\plugins\mux;C:\Users\toast\AppData\Local\Temp\watermedia\videolan\plugins\packetizer;C:\Users\toast\AppData\Local\Temp\watermedia\videolan\plugins\spu;C:\Users\toast\AppData\Local\Temp\watermedia\videolan\plugins\stream_filter;C:\Users\toast\AppData\Local\Temp\watermedia\videolan\plugins\video_chroma;C:\Users\toast\AppData\Local\Temp\watermedia\videolan\plugins\video_filter;C:\Users\toast\AppData\Local\Temp\watermedia\videolan\plugins\video_output

VM Arguments:
jvm_args: -XX:HeapDumpPath=MojangTricksIntelDriversForPerformance_javaw.exe_minecraft.exe.heapdump -Xss1M -Djava.library.path=C:\Users\toast\curseforge\minecraft\Install\bin\c5f7c7853211da0bcae57c182c66a4c55c6919c3 -Djna.tmpdir=C:\Users\toast\curseforge\minecraft\Install\bin\c5f7c7853211da0bcae57c182c66a4c55c6919c3 -Dorg.lwjgl.system.SharedLibraryExtractPath=C:\Users\toast\curseforge\minecraft\Install\bin\c5f7c7853211da0bcae57c182c66a4c55c6919c3 -Dio.netty.native.workdir=C:\Users\toast\curseforge\minecraft\Install\bin\c5f7c7853211da0bcae57c182c66a4c55c6919c3 -Dminecraft.launcher.brand=minecraft-launcher -Dminecraft.launcher.version=3.1.13 -Djava.net.preferIPv6Addresses=system -DignoreList=bootstraplauncher,securejarhandler,asm-commons,asm-util,asm-analysis,asm-tree,asm,JarJarFileSystems,client-extra,fmlcore,javafmllanguage,lowcodelanguage,mclanguage,forge-,forge-47.3.7.jar,forge-47.3.7 -DmergeModules=jna-5.10.0.jar,jna-platform-5.10.0.jar -DlibraryDirectory=C:\Users\toast\curseforge\minecraft\Install\libraries --module-path=C:\Users\toast\curseforge\minecraft\Install\libraries/cpw/mods/bootstraplauncher/1.1.2/bootstraplauncher-1.1.2.jar;C:\Users\toast\curseforge\minecraft\Install\libraries/cpw/mods/securejarhandler/2.1.10/securejarhandler-2.1.10.jar;C:\Users\toast\curseforge\minecraft\Install\libraries/org/ow2/asm/asm-commons/9.7/asm-commons-9.7.jar;C:\Users\toast\curseforge\minecraft\Install\libraries/org/ow2/asm/asm-util/9.7/asm-util-9.7.jar;C:\Users\toast\curseforge\minecraft\Install\libraries/org/ow2/asm/asm-analysis/9.7/asm-analysis-9.7.jar;C:\Users\toast\curseforge\minecraft\Install\libraries/org/ow2/asm/asm-tree/9.7/asm-tree-9.7.jar;C:\Users\toast\curseforge\minecraft\Install\libraries/org/ow2/asm/asm/9.7/asm-9.7.jar;C:\Users\toast\curseforge\minecraft\Install\libraries/net/minecraftforge/JarJarFileSystems/0.3.19/JarJarFileSystems-0.3.19.jar --add-modules=ALL-MODULE-PATH --add-opens=java.base/java.util.jar=cpw.mods.securejarhandler --add-opens=java.base/java.lang.invoke=cpw.mods.securejarhandler --add-exports=java.base/sun.security.util=cpw.mods.securejarhandler --add-exports=jdk.naming.dns/com.sun.jndi.dns=java.naming -Xmx16928m -Xms256m -Dminecraft.applet.TargetDirectory=C:\Users\toast\curseforge\minecraft\Instances\GH2 The Book of John -Dfml.ignorePatchDiscrepancies=true -Dfml.ignoreInvalidMinecraftCertificates=true -Duser.language=en -Duser.country=US -DlibraryDirectory=C:\Users\toast\curseforge\minecraft\Install\libraries 
java_command: cpw.mods.bootstraplauncher.BootstrapLauncher --username Sourpuss4444 --version forge-47.3.7 --gameDir C:\Users\toast\curseforge\minecraft\Instances\GH2 The Book of John --assetsDir C:\Users\toast\curseforge\minecraft\Install\assets --assetIndex 5 --uuid aa75050899824a13b9022db707176742 --accessToken eyJraWQiOiJhYzg0YSIsImFsZyI6IkhTMjU2In0.eyJ4dWlkIjoiMjUzNTQzMDQ1MzE1MTE5MCIsImFnZyI6IkFkdWx0Iiwic3ViIjoiZmQzYWI1OWUtZmE3My00ZDc1LWFjYTEtNTE4NmEyNTE3MGEwIiwiYXV0aCI6IlhCT1giLCJucyI6ImRlZmF1bHQiLCJyb2xlcyI6W10sImlzcyI6ImF1dGhlbnRpY2F0aW9uIiwiZmxhZ3MiOlsidHdvZmFjdG9yYXV0aCIsIm1zYW1pZ3JhdGlvbl9zdGFnZTQiLCJvcmRlcnNfMjAyMiIsIm11bHRpcGxheWVyIl0sInByb2ZpbGVzIjp7Im1jIjoiYWE3NTA1MDgtOTk4Mi00YTEzLWI5MDItMmRiNzA3MTc2NzQyIn0sInBsYXRmb3JtIjoiUENfTEFVTkNIRVIiLCJ5dWlkIjoiOWI4NTVjMGM2ZTliODU5YzU4OTZmNDgyZTEzNWY1MjgiLCJuYmYiOjE3MjY4OTc0ODUsImV4cCI6MTcyNjk4Mzg4NSwiaWF0IjoxNzI2ODk3NDg1fQ.i35wQJJag2WzJlSoNiEHMXQgnhfqPgWYecb6_tOdS9U --clientId YWU3YjUxN2UtMWY2ZC00NDgyLWEyZDQtYmU0YWJjMGMzZjVk --xuid 2535430453151190 --userType msa --versionType release --width 1920 --height 1080 --quickPlayPath C:\Users\toast\curseforge\minecraft\Install\quickPlay\java\1726897580406.json --launchTarget forgeclient --fml.forgeVersion 47.3.7 --fml.mcVersion 1.20.1 --fml.forgeGroup net.minecraftforge --fml.mcpVersion 20230612.114412
java_class_path (initial): C:\Users\toast\curseforge\minecraft\Install\libraries\cpw\mods\securejarhandler\2.1.10\securejarhandler-2.1.10.jar;C:\Users\toast\curseforge\minecraft\Install\libraries\org\ow2\asm\asm\9.7\asm-9.7.jar;C:\Users\toast\curseforge\minecraft\Install\libraries\org\ow2\asm\asm-commons\9.7\asm-commons-9.7.jar;C:\Users\toast\curseforge\minecraft\Install\libraries\org\ow2\asm\asm-tree\9.7\asm-tree-9.7.jar;C:\Users\toast\curseforge\minecraft\Install\libraries\org\ow2\asm\asm-util\9.7\asm-util-9.7.jar;C:\Users\toast\curseforge\minecraft\Install\libraries\org\ow2\asm\asm-analysis\9.7\asm-analysis-9.7.jar;C:\Users\toast\curseforge\minecraft\Install\libraries\net\minecraftforge\accesstransformers\8.0.4\accesstransformers-8.0.4.jar;C:\Users\toast\curseforge\minecraft\Install\libraries\org\antlr\antlr4-runtime\4.9.1\antlr4-runtime-4.9.1.jar;C:\Users\toast\curseforge\minecraft\Install\libraries\net\minecraftforge\eventbus\6.0.5\eventbus-6.0.5.jar;C:\Users\toast\curseforge\minecraft\Install\libraries\net\minecraftforge\forgespi\7.0.1\forgespi-7.0.1.jar;C:\Users\toast\curseforge\minecraft\Install\libraries\net\minecraftforge\coremods\5.1.6\coremods-5.1.6.jar;C:\Users\toast\curseforge\minecraft\Install\libraries\cpw\mods\modlauncher\10.0.9\modlauncher-10.0.9.jar;C:\Users\toast\curseforge\minecraft\Install\libraries\net\minecraftforge\unsafe\0.2.0\unsafe-0.2.0.jar;C:\Users\toast\curseforge\minecraft\Install\libraries\net\minecraftforge\mergetool\1.1.5\mergetool-1.1.5-api.jar;C:\Users\toast\curseforge\minecraft\Install\libraries\com\electronwill\night-config\core\3.6.4\core-3.6.4.jar;C:\Users\toast\curseforge\minecraft\Install\libraries\com\electronwill\night-config\toml\3.6.4\toml-3.6.4.jar;C:\Users\toast\curseforge\minecraft\Install\libraries\org\apache\maven\maven-artifact\3.8.5\maven-artifact-3.8.5.jar;C:\Users\toast\curseforge\minecraft\Install\libraries\net\jodah\typetools\0.6.3\typetools-0.6.3.jar;C:\Users\toast\curseforge\minecraft\Install\libraries\ne
Launcher Type: SUN_STANDARD

[Global flags]
     intx CICompilerCount                          = 12                                        {product} {ergonomic}
     uint ConcGCThreads                            = 3                                         {product} {ergonomic}
     uint G1ConcRefinementThreads                  = 13                                        {product} {ergonomic}
   size_t G1HeapRegionSize                         = 16777216                                  {product} {ergonomic}
    uintx GCDrainStackTargetSize                   = 64                                        {product} {ergonomic}
    ccstr HeapDumpPath                             = MojangTricksIntelDriversForPerformance_javaw.exe_minecraft.exe.heapdump         {manageable} {command line}
   size_t InitialHeapSize                          = 268435456                                 {product} {command line}
   size_t MarkStackSize                            = 4194304                                   {product} {ergonomic}
   size_t MaxHeapSize                              = 17750294528                               {product} {command line}
   size_t MaxNewSize                               = 10636754944                               {product} {ergonomic}
   size_t MinHeapDeltaBytes                        = 16777216                                  {product} {ergonomic}
   size_t MinHeapSize                              = 268435456                                 {product} {command line}
    uintx NonNMethodCodeHeapSize                   = 7602480                                {pd product} {ergonomic}
    uintx NonProfiledCodeHeapSize                  = 122027880                              {pd product} {ergonomic}
    uintx ProfiledCodeHeapSize                     = 122027880                              {pd product} {ergonomic}
    uintx ReservedCodeCacheSize                    = 251658240                              {pd product} {ergonomic}
     bool SegmentedCodeCache                       = true                                      {product} {ergonomic}
   size_t SoftMaxHeapSize                          = 17750294528                            {manageable} {ergonomic}
     intx ThreadStackSize                          = 1024                                   {pd product} {command line}
     bool UseCompressedClassPointers               = true                           {product lp64_product} {ergonomic}
     bool UseCompressedOops                        = true                           {product lp64_product} {ergonomic}
     bool UseG1GC                                  = true                                      {product} {ergonomic}
     bool UseLargePagesIndividualAllocation        = false                                  {pd product} {ergonomic}

Logging:
Log output configuration:
 #0: stdout all=warning uptime,level,tags
 #1: stderr all=off uptime,level,tags

Environment Variables:
PATH=C:\Program Files\Common Files\Oracle\Java\javapath;C:\Program Files (x86)\Common Files\Oracle\Java\java8path;C:\Program Files (x86)\Common Files\Oracle\Java\javapath;C:\Windows\system32;C:\Windows;C:\Windows\System32\Wbem;C:\Windows\System32\WindowsPowerShell\v1.0\;C:\Windows\System32\OpenSSH\;C:\Program Files (x86)\NVIDIA Corporation\PhysX\Common;C:\Program Files\dotnet\;C:\Program Files\NVIDIA Corporation\NVIDIA app\NvDLISR;C:\Users\toast\AppData\Local\Microsoft\WindowsApps;
USERNAME=toast
OS=Windows_NT
PROCESSOR_IDENTIFIER=AMD64 Family 25 Model 80 Stepping 0, AuthenticAMD
TMP=C:\Users\toast\AppData\Local\Temp
TEMP=C:\Users\toast\AppData\Local\Temp



---------------  S Y S T E M  ---------------

OS:
 Windows 11 , 64 bit Build 22621 (10.0.22621.3958)
OS uptime: 0 days 0:16 hours

CPU: total 16 (initial active 16) (16 cores per cpu, 2 threads per core) family 25 model 80 stepping 0 microcode 0x0, cx8, cmov, fxsr, ht, mmx, 3dnowpref, sse, sse2, sse3, ssse3, sse4a, sse4.1, sse4.2, popcnt, lzcnt, tsc, tscinvbit, avx, avx2, aes, erms, clmul, bmi1, bmi2, adx, sha, fma, vzeroupper, clflush, clflushopt
Processor Information for all 16 processors :
  Max Mhz: 3701, Current Mhz: 3701, Mhz Limit: 3701

Memory: 4k page, system-wide physical 16167M (7314M free)
TotalPageFile size 27431M (AvailPageFile size 16382M)
current process WorkingSet (physical memory assigned to process): 2838M, peak: 2841M
current process commit charge ("private bytes"): 3333M, peak: 3338M

vm_info: OpenJDK 64-Bit Server VM (17.0.8+7-LTS) for windows-amd64 JRE (17.0.8+7-LTS), built on Jul  7 2023 17:21:55 by "MicrosoftCorporation" with MS VC++ 16.10 / 16.11 (VS2019)

END.
