* This is the StructMobWeight report file that is output every time the server starts.
* 
* Spawn Balance Utility (SBU) will use this file ONLY if it is renamed to StructMobWeight.csv.
* Lines starting with '*' are comments and ignored
* It allows you to add and remove mobs and adjust their spawnweights for Structures
* like shipwrecks, nether fortresses, water monuments, etc.
* 
1, structory:abandoned_camp, HEADING, header:ignore, 0, 0, 0
2, structory:abandoned_chapel, HEADING, header:ignore, 0, 0, 0
3, legendary_monsters:abandoned_crypt, HEADING, header:ignore, 0, 0, 0
4, hauntedharvest:abandoned_farm, HEADING, header:ignore, 0, 0, 0
5, cave_stuff:abandonedgrottostructure, HEADING, header:ignore, 0, 0, 0
6, cave_stuff:albinocaveanthivegen, HEADING, header:ignore, 0, 0, 0
7, plenty_of_golems:amethyst_golem_structure, HEADING, header:ignore, 0, 0, 0
8, minecraft:ancient_city, HEADING, header:ignore, 0, 0, 0
9, philipsruins:ancient_crypt, HEADING, header:ignore, 0, 0, 0
10, philipsruins:ancient_dungeon, HEADING, header:ignore, 0, 0, 0
11, philipsruins:ancient_dungeon, MONSTER, minecraft:zombie, 10, 4, 12
12, unusualend:ancient_end_tower, HEADING, header:ignore, 0, 0, 0
13, the_bumblezone:ancient_hoops, HEADING, header:ignore, 0, 0, 0
14, plenty_of_golems:ancient_prismarine_structure, HEADING, header:ignore, 0, 0, 0
15, philipsruins:ancient_ruins, HEADING, header:ignore, 0, 0, 0
16, philipsruins:ancient_ruins, MONSTER, minecraft:zombie, 12, 10, 20
17, philipsruins:ancient_ruins, MONSTER, minecraft:skeleton, 12, 10, 20
18, the_bumblezone:ancient_shrine, HEADING, header:ignore, 0, 0, 0
19, legendary_monsters:ancient_stronghold, HEADING, header:ignore, 0, 0, 0
20, legendary_monsters:ancient_tower_remains, HEADING, header:ignore, 0, 0, 0
21, philipsruins:ancient_towers, HEADING, header:ignore, 0, 0, 0
22, philipsruins:ancient_towers, MONSTER, minecraft:zombie, 12, 5, 20
23, philipsruins:antiquus_crypta, HEADING, header:ignore, 0, 0, 0
24, philipsruins:antiquus_crypta, MONSTER, minecraft:skeleton, 15, 5, 15
25, philipsruins:antiquus_crypta, MONSTER, minecraft:zombie, 15, 7, 15
26, toybox:arcade, HEADING, header:ignore, 0, 0, 0
27, ars_additions:arcane_library, HEADING, header:ignore, 0, 0, 0
28, ars_additions:arcane_library, MONSTER, ars_nouveau:wilden_guardian, 10, 5, 10
29, ars_additions:arcane_library, MONSTER, ars_nouveau:wilden_stalker, 10, 5, 10
30, ars_additions:arcane_library, MONSTER, ars_nouveau:wilden_hunter, 10, 5, 10
31, atmospheric:arid_garden, HEADING, header:ignore, 0, 0, 0
32, cave_stuff:aridgrotto, HEADING, header:ignore, 0, 0, 0
33, scguns:asgharian_citadel, HEADING, header:ignore, 0, 0, 0
34, scguns:asgharian_tower, HEADING, header:ignore, 0, 0, 0
35, philipsruins:badlands_start_dungeon, HEADING, header:ignore, 0, 0, 0
36, philipsruins:badlands_structures, HEADING, header:ignore, 0, 0, 0
37, toybox:ball_pit, HEADING, header:ignore, 0, 0, 0
38, rats:baron_runway, HEADING, header:ignore, 0, 0, 0
39, plenty_of_golems:basalt_golem_structers, HEADING, header:ignore, 0, 0, 0
40, minecraft:bastion_remnant, HEADING, header:ignore, 0, 0, 0
41, the_bumblezone:battle_cubes, HEADING, header:ignore, 0, 0, 0
42, the_bumblezone:bee_house, HEADING, header:ignore, 0, 0, 0
43, the_bumblezone:bee_house, CREATURE, minecraft:bee, 10, 1, 1
44, cloudstorage:big_balloon, HEADING, header:ignore, 0, 0, 0
45, structory:boat, HEADING, header:ignore, 0, 0, 0
46, philipsruins:bone_dungeon, HEADING, header:ignore, 0, 0, 0
47, philipsruins:bone_dungeon, MONSTER, minecraft:skeleton, 10, 2, 8
48, philipsruins:bone_dungeon, MONSTER, minecraft:husk, 10, 5, 10
49, oreganized:boulder, HEADING, header:ignore, 0, 0, 0
50, rediscovered:brick_pyramid, HEADING, header:ignore, 0, 0, 0
51, the_bumblezone:bumbling_beepartments, HEADING, header:ignore, 0, 0, 0
52, the_bumblezone:bumbling_beepartments, CREATURE, minecraft:bee, 10, 1, 3
53, the_bumblezone:bumbling_beepartments, CREATURE, the_bumblezone:variant_bee, 10, 1, 2
54, the_bumblezone:bumbling_beepartments, CREATURE, the_bumblezone:beehemoth, 10, 1, 1
55, jellyfishing:buried_treasure, HEADING, header:ignore, 0, 0, 0
56, minecraft:buried_treasure, HEADING, header:ignore, 0, 0, 0
57, toybox:cafe, HEADING, header:ignore, 0, 0, 0
58, the_bumblezone:candle_parkour, HEADING, header:ignore, 0, 0, 0
59, the_bumblezone:cannon_range, HEADING, header:ignore, 0, 0, 0
60, bygonenether:catacomb, HEADING, header:ignore, 0, 0, 0
61, bygonenether:catacomb, MONSTER, minecraft:magma_cube, 10, 1, 1
62, cave_stuff:catacombs, HEADING, header:ignore, 0, 0, 0
63, undergarden:catacombs, HEADING, header:ignore, 0, 0, 0
64, undergarden:catacombs, MONSTER, undergarden:forgotten, 10, 1, 1
65, the_bumblezone:cell_maze, HEADING, header:ignore, 0, 0, 0
66, the_bumblezone:cherry_veteran_tree, HEADING, header:ignore, 0, 0, 0
67, unusualend:chorus_cane, HEADING, header:ignore, 0, 0, 0
68, toybox:circus, HEADING, header:ignore, 0, 0, 0
69, bygonenether:citadel, HEADING, header:ignore, 0, 0, 0
70, bygonenether:citadel, MONSTER, bygonenether:warped_enderman, 10, 1, 1
71, bygonenether:citadel, MONSTER, minecraft:enderman, 10, 1, 1
72, toybox:climbing_walls, HEADING, header:ignore, 0, 0, 0
73, legendary_monsters:cloudy_temple, HEADING, header:ignore, 0, 0, 0
74, born_in_chaos_v1:clown_caravan_plains, HEADING, header:ignore, 0, 0, 0
75, born_in_chaos_v1:clown_caravan_savanna, HEADING, header:ignore, 0, 0, 0
76, born_in_chaos_v1:clown_caravan_taiga, HEADING, header:ignore, 0, 0, 0
77, cave_stuff:coldgrotto, HEADING, header:ignore, 0, 0, 0
78, cave_stuff:coprolitealtar, HEADING, header:ignore, 0, 0, 0
79, the_bumblezone:dance_floor, HEADING, header:ignore, 0, 0, 0
80, the_bumblezone:dance_floor, CREATURE, minecraft:bee, 10, 1, 1
81, plenty_of_golems:dark_oak_golem_structure, HEADING, header:ignore, 0, 0, 0
82, born_in_chaos_v1:dark_tower_forest, HEADING, header:ignore, 0, 0, 0
83, born_in_chaos_v1:dark_tower_plain, HEADING, header:ignore, 0, 0, 0
84, born_in_chaos_v1:dark_tower_taiga, HEADING, header:ignore, 0, 0, 0
85, structory:dense_forest_ruin, HEADING, header:ignore, 0, 0, 0
86, minecraft:desert_pyramid, HEADING, header:ignore, 0, 0, 0
87, philipsruins:desert_structures, HEADING, header:ignore, 0, 0, 0
88, philipsruins:desert_structures, MONSTER, minecraft:husk, 15, 5, 15
89, betterdeserttemples:desert_temple, HEADING, header:ignore, 0, 0, 0
90, betterdeserttemples:desert_temple, MONSTER, minecraft:husk, 80, 10, 32
91, betterdeserttemples:desert_temple, CREATURE, minecraft:cat, 80, 4, 4
92, betterdeserttemples:desert_temple, CREATURE, minecraft:rabbit, 80, 4, 4
93, plenty_of_golems:dispenser_structure, HEADING, header:ignore, 0, 0, 0
94, toybox:double_slide, HEADING, header:ignore, 0, 0, 0
95, plenty_of_golems:dungeon_golem_structure, HEADING, header:ignore, 0, 0, 0
96, rats:dutchrat_ship, HEADING, header:ignore, 0, 0, 0
97, rats:dutchrat_ship, MONSTER, rats:ghost_pirat, 10, 1, 1
98, minecraft:end_city, HEADING, header:ignore, 0, 0, 0
99, minecraft:end_city, MONSTER, alexsmobs:mimicube, 40, 1, 3
100, philipsruins:end_gate_fortress, HEADING, header:ignore, 0, 0, 0
101, philipsruins:end_gate_fortress, MONSTER, minecraft:enderman, 15, 5, 15
102, endersdelight:end_house, HEADING, header:ignore, 0, 0, 0
103, unusualend:end_house, HEADING, header:ignore, 0, 0, 0
104, philipsruins:end_ruins, HEADING, header:ignore, 0, 0, 0
105, towns_and_towers:exclusives/pillager_outpost_classic, HEADING, header:ignore, 0, 0, 0
106, towns_and_towers:exclusives/pillager_outpost_classic, MONSTER, minecraft:pillager, 10, 1, 2
107, towns_and_towers:exclusives/pillager_outpost_iberian, HEADING, header:ignore, 0, 0, 0
108, towns_and_towers:exclusives/pillager_outpost_iberian, MONSTER, minecraft:pillager, 10, 1, 2
109, towns_and_towers:exclusives/pillager_outpost_mediterranean, HEADING, header:ignore, 0, 0, 0
110, towns_and_towers:exclusives/pillager_outpost_mediterranean, MONSTER, minecraft:pillager, 10, 1, 2
111, towns_and_towers:exclusives/pillager_outpost_oriental, HEADING, header:ignore, 0, 0, 0
112, towns_and_towers:exclusives/pillager_outpost_oriental, MONSTER, minecraft:pillager, 10, 1, 2
113, towns_and_towers:exclusives/pillager_outpost_rustic, HEADING, header:ignore, 0, 0, 0
114, towns_and_towers:exclusives/pillager_outpost_rustic, MONSTER, minecraft:pillager, 10, 1, 2
115, towns_and_towers:exclusives/pillager_outpost_swedish, HEADING, header:ignore, 0, 0, 0
116, towns_and_towers:exclusives/pillager_outpost_swedish, MONSTER, minecraft:pillager, 10, 1, 2
117, towns_and_towers:exclusives/pillager_outpost_tudor, HEADING, header:ignore, 0, 0, 0
118, towns_and_towers:exclusives/pillager_outpost_tudor, MONSTER, minecraft:pillager, 10, 1, 2
119, towns_and_towers:exclusives/village_classic, HEADING, header:ignore, 0, 0, 0
120, towns_and_towers:exclusives/village_iberian, HEADING, header:ignore, 0, 0, 0
121, towns_and_towers:exclusives/village_mediterranean, HEADING, header:ignore, 0, 0, 0
122, towns_and_towers:exclusives/village_nilotic, HEADING, header:ignore, 0, 0, 0
123, towns_and_towers:exclusives/village_piglin, HEADING, header:ignore, 0, 0, 0
124, towns_and_towers:exclusives/village_piglin, MONSTER, minecraft:piglin, 10, 6, 8
125, towns_and_towers:exclusives/village_piglin, MONSTER, minecraft:piglin_brute, 10, 2, 3
126, towns_and_towers:exclusives/village_rustic, HEADING, header:ignore, 0, 0, 0
127, towns_and_towers:exclusives/village_swedish, HEADING, header:ignore, 0, 0, 0
128, towns_and_towers:exclusives/village_tudor, HEADING, header:ignore, 0, 0, 0
129, towns_and_towers:exclusives/village_wandering_trader_camp, HEADING, header:ignore, 0, 0, 0
130, farlanders:farlander_village, HEADING, header:ignore, 0, 0, 0
131, born_in_chaos_v1:farm, HEADING, header:ignore, 0, 0, 0
132, philipsruins:field_stone_ruins, HEADING, header:ignore, 0, 0, 0
133, philipsruins:field_stone_ruins, MONSTER, minecraft:skeleton, 10, 2, 10
134, philipsruins:field_stone_ruins, MONSTER, minecraft:zombie, 12, 5, 12
135, philipsruins:field_stone_ruins_rocks, HEADING, header:ignore, 0, 0, 0
136, illagerinvasion:firecaller_hut, HEADING, header:ignore, 0, 0, 0
137, unusualend:firefly_nest, HEADING, header:ignore, 0, 0, 0
138, structory:firetower, HEADING, header:ignore, 0, 0, 0
139, born_in_chaos_v1:firewell, HEADING, header:ignore, 0, 0, 0
140, plenty_of_golems:first_of_sand_structure, HEADING, header:ignore, 0, 0, 0
141, plenty_of_golems:first_of_the_village_structure, HEADING, header:ignore, 0, 0, 0
142, plenty_of_golems:first_of_tundra_structure, HEADING, header:ignore, 0, 0, 0
143, unusualend:flying_end_ship, HEADING, header:ignore, 0, 0, 0
144, unusualend:flying_end_ship, MONSTER, unusualend:undead_enderling, 10, 3, 5
145, undergarden:forgotten_vestige, HEADING, header:ignore, 0, 0, 0
146, betterfortresses:fortress, HEADING, header:ignore, 0, 0, 0
147, betterfortresses:fortress, MONSTER, minecraft:blaze, 10, 2, 3
148, betterfortresses:fortress, MONSTER, minecraft:zombified_piglin, 10, 4, 4
149, betterfortresses:fortress, MONSTER, minecraft:wither_skeleton, 10, 5, 5
150, betterfortresses:fortress, MONSTER, minecraft:skeleton, 10, 5, 5
151, betterfortresses:fortress, MONSTER, minecraft:magma_cube, 10, 4, 4
152, minecraft:fortress, HEADING, header:ignore, 0, 0, 0
153, minecraft:fortress, MONSTER, minecraft:blaze, 10, 2, 3
154, minecraft:fortress, MONSTER, minecraft:zombified_piglin, 10, 4, 4
155, minecraft:fortress, MONSTER, minecraft:wither_skeleton, 10, 5, 5
156, minecraft:fortress, MONSTER, minecraft:skeleton, 10, 5, 5
157, minecraft:fortress, MONSTER, minecraft:magma_cube, 10, 4, 4
158, legendary_monsters:frostbitten_temple, HEADING, header:ignore, 0, 0, 0
159, mowziesmobs:frostmaw_spawn, HEADING, header:ignore, 0, 0, 0
160, toybox:game_post, HEADING, header:ignore, 0, 0, 0
161, toybox:garden, HEADING, header:ignore, 0, 0, 0
162, the_bumblezone:gazebuzz_cluster, HEADING, header:ignore, 0, 0, 0
163, unusualend:gloopy_nest, HEADING, header:ignore, 0, 0, 0
164, cave_stuff:glowwormgarden, HEADING, header:ignore, 0, 0, 0
165, the_bumblezone:goliath_honey_fountain, HEADING, header:ignore, 0, 0, 0
166, born_in_chaos_v1:grave_2003wise, HEADING, header:ignore, 0, 0, 0
167, born_in_chaos_v1:grave_2_dling, HEADING, header:ignore, 0, 0, 0
168, born_in_chaos_v1:grave_darktitan, HEADING, header:ignore, 0, 0, 0
169, born_in_chaos_v1:grave_derivas, HEADING, header:ignore, 0, 0, 0
170, born_in_chaos_v1:grave_euthymia, HEADING, header:ignore, 0, 0, 0
171, born_in_chaos_v1:grave_feral, HEADING, header:ignore, 0, 0, 0
172, born_in_chaos_v1:grave_fubuki_banzai, HEADING, header:ignore, 0, 0, 0
173, born_in_chaos_v1:grave_memesus, HEADING, header:ignore, 0, 0, 0
174, born_in_chaos_v1:grave_mike_and_rory, HEADING, header:ignore, 0, 0, 0
175, born_in_chaos_v1:grave_orion, HEADING, header:ignore, 0, 0, 0
176, born_in_chaos_v1:grave_petasi, HEADING, header:ignore, 0, 0, 0
177, born_in_chaos_v1:grave_somfunambulist, HEADING, header:ignore, 0, 0, 0
178, born_in_chaos_v1:gravecarrionexe, HEADING, header:ignore, 0, 0, 0
179, structory:graveyard, HEADING, header:ignore, 0, 0, 0
180, cave_stuff:guanodungeon, HEADING, header:ignore, 0, 0, 0
181, cave_stuff:guanogrotto, HEADING, header:ignore, 0, 0, 0
182, plenty_of_golems:guardian_of_the_deep_structure, HEADING, header:ignore, 0, 0, 0
183, ars_nouveau:guardian_wilden_den, HEADING, header:ignore, 0, 0, 0
184, ars_nouveau:guardian_wilden_den, MONSTER, ars_nouveau:wilden_guardian, 10, 1, 3
185, the_bumblezone:hanging_garden, HEADING, header:ignore, 0, 0, 0
186, scpo:helipad, HEADING, header:ignore, 0, 0, 0
187, the_bumblezone:hive_temple, HEADING, header:ignore, 0, 0, 0
188, the_bumblezone:hive_temple, CREATURE, the_bumblezone:honey_slime, 10, 1, 1
189, the_bumblezone:honey_cave_room, HEADING, header:ignore, 0, 0, 0
190, the_bumblezone:honey_cave_room, CREATURE, the_bumblezone:beehemoth, 10, 1, 1
191, the_bumblezone:honey_fountain, HEADING, header:ignore, 0, 0, 0
192, the_bumblezone:honey_slime_ranch, HEADING, header:ignore, 0, 0, 0
193, the_bumblezone:honey_slime_ranch, CREATURE, the_bumblezone:honey_slime, 10, 1, 1
194, the_bumblezone:honitel, HEADING, header:ignore, 0, 0, 0
195, the_bumblezone:honitel, CREATURE, minecraft:bee, 10, 1, 1
196, ars_nouveau:hunter_wilden_den, HEADING, header:ignore, 0, 0, 0
197, ars_nouveau:hunter_wilden_den, MONSTER, ars_nouveau:wilden_hunter, 10, 3, 3
198, aquamirae:ice_maze/arch, HEADING, header:ignore, 0, 0, 0
199, aquamirae:ice_maze/arch, MONSTER, aquamirae:maw, 50, 1, 2
200, aquamirae:ice_maze/arch, AMBIENT, aquamirae:golden_moth, 10, 1, 2
201, aquamirae:ice_maze/common, HEADING, header:ignore, 0, 0, 0
202, aquamirae:ice_maze/common, MONSTER, aquamirae:maw, 50, 1, 2
203, aquamirae:ice_maze/spiral, HEADING, header:ignore, 0, 0, 0
204, aquamirae:ice_maze/spiral, MONSTER, aquamirae:maw, 50, 2, 6
205, the_bumblezone:ice_monolith, HEADING, header:ignore, 0, 0, 0
206, minecraft:igloo, HEADING, header:ignore, 0, 0, 0
207, illagerinvasion:illager_fort, HEADING, header:ignore, 0, 0, 0
208, illagerinvasion:illager_fort, MONSTER, minecraft:pillager, 10, 1, 1
209, illagerinvasion:illager_fort, MONSTER, illagerinvasion:marauder, 10, 1, 1
210, illagerinvasion:illager_fort, MONSTER, illagerinvasion:basher, 10, 1, 1
211, illagerinvasion:illager_fort, MONSTER, illagerinvasion:provoker, 10, 1, 1
212, illagerinvasion:illusioner_tower, HEADING, header:ignore, 0, 0, 0
213, rediscovered:indev_house_cherry, HEADING, header:ignore, 0, 0, 0
214, rediscovered:indev_house_default, HEADING, header:ignore, 0, 0, 0
215, rediscovered:indev_house_mossy, HEADING, header:ignore, 0, 0, 0
216, born_in_chaos_v1:infernal_pumpkin, HEADING, header:ignore, 0, 0, 0
217, minecraft:jungle_pyramid, HEADING, header:ignore, 0, 0, 0
218, structory:jungle_ruin, HEADING, header:ignore, 0, 0, 0
219, structory:jungle_ruin, MONSTER, minecraft:creeper, 10, 4, 4
220, betterjungletemples:jungle_temple, HEADING, header:ignore, 0, 0, 0
221, kobolds:kobold_den, HEADING, header:ignore, 0, 0, 0
222, kobolds:kobold_den_pirate, HEADING, header:ignore, 0, 0, 0
223, atmospheric:kousa_sanctum, HEADING, header:ignore, 0, 0, 0
224, illagerinvasion:labyrinth, HEADING, header:ignore, 0, 0, 0
225, toybox:large_house, HEADING, header:ignore, 0, 0, 0
226, toybox:large_slide, HEADING, header:ignore, 0, 0, 0
227, toybox:large_soft_play, HEADING, header:ignore, 0, 0, 0
228, toybox:large_soft_play_type_2, HEADING, header:ignore, 0, 0, 0
229, toybox:large_tree, HEADING, header:ignore, 0, 0, 0
230, toybox:largeish_soft_play, HEADING, header:ignore, 0, 0, 0
231, legendary_monsters:lava_eater_spawn, HEADING, header:ignore, 0, 0, 0
232, watching:leafless_grove, HEADING, header:ignore, 0, 0, 0
233, philipsruins:level_one_ruins, HEADING, header:ignore, 0, 0, 0
234, philipsruins:level_one_ruins, MONSTER, minecraft:skeleton, 10, 2, 10
235, philipsruins:level_one_ruins, MONSTER, minecraft:zombie, 12, 5, 12
236, philipsruins:level_three_ruins, HEADING, header:ignore, 0, 0, 0
237, philipsruins:level_two_ruins, HEADING, header:ignore, 0, 0, 0
238, philipsruins:level_two_ruins_pool, HEADING, header:ignore, 0, 0, 0
239, species:libra, HEADING, header:ignore, 0, 0, 0
240, cave_stuff:liminalspiderplaygrounds, HEADING, header:ignore, 0, 0, 0
241, environmental:log_cabin, HEADING, header:ignore, 0, 0, 0
242, watching:logless_tree/acacia, HEADING, header:ignore, 0, 0, 0
243, watching:logless_tree/birch, HEADING, header:ignore, 0, 0, 0
244, watching:logless_tree/oak, HEADING, header:ignore, 0, 0, 0
245, watching:logless_tree/spruce, HEADING, header:ignore, 0, 0, 0
246, philipsruins:lost_soul_city, HEADING, header:ignore, 0, 0, 0
247, philipsruins:lost_soul_city, MONSTER, minecraft:wither_skeleton, 10, 1, 2
248, philipsruins:lost_soul_dungeon, HEADING, header:ignore, 0, 0, 0
249, philipsruins:lost_soul_dungeon, MONSTER, minecraft:wither_skeleton, 10, 1, 5
250, minecraft:mansion, HEADING, header:ignore, 0, 0, 0
251, autumnity:maple_hut, HEADING, header:ignore, 0, 0, 0
252, autumnity:maple_hut, MONSTER, minecraft:witch, 10, 1, 1
253, autumnity:maple_hut, CREATURE, minecraft:cat, 10, 1, 1
254, toybox:medium_soft_play, HEADING, header:ignore, 0, 0, 0
255, toybox:medium_soft_play_type_2, HEADING, header:ignore, 0, 0, 0
256, towns_and_towers:mimic_desert, HEADING, header:ignore, 0, 0, 0
257, minecraft:mineshaft, HEADING, header:ignore, 0, 0, 0
258, minecraft:mineshaft, AMBIENT, alexsmobs:underminer, 50, 1, 1
259, bettermineshafts:mineshaft_acacia, HEADING, header:ignore, 0, 0, 0
260, bettermineshafts:mineshaft_acacia, AMBIENT, alexsmobs:underminer, 50, 1, 1
261, bettermineshafts:mineshaft_desert, HEADING, header:ignore, 0, 0, 0
262, bettermineshafts:mineshaft_desert, AMBIENT, alexsmobs:underminer, 50, 1, 1
263, bettermineshafts:mineshaft_dripstone, HEADING, header:ignore, 0, 0, 0
264, bettermineshafts:mineshaft_dripstone, AMBIENT, alexsmobs:underminer, 50, 1, 1
265, bettermineshafts:mineshaft_ice, HEADING, header:ignore, 0, 0, 0
266, bettermineshafts:mineshaft_ice, AMBIENT, alexsmobs:underminer, 50, 1, 1
267, bettermineshafts:mineshaft_jungle, HEADING, header:ignore, 0, 0, 0
268, bettermineshafts:mineshaft_jungle, AMBIENT, alexsmobs:underminer, 50, 1, 1
269, bettermineshafts:mineshaft_lush, HEADING, header:ignore, 0, 0, 0
270, bettermineshafts:mineshaft_lush, AMBIENT, alexsmobs:underminer, 50, 1, 1
271, bettermineshafts:mineshaft_mesa, HEADING, header:ignore, 0, 0, 0
272, bettermineshafts:mineshaft_mesa, AMBIENT, alexsmobs:underminer, 50, 1, 1
273, minecraft:mineshaft_mesa, HEADING, header:ignore, 0, 0, 0
274, minecraft:mineshaft_mesa, AMBIENT, alexsmobs:underminer, 50, 1, 1
275, bettermineshafts:mineshaft_mushroom, HEADING, header:ignore, 0, 0, 0
276, bettermineshafts:mineshaft_mushroom, AMBIENT, alexsmobs:underminer, 50, 1, 1
277, bettermineshafts:mineshaft_oak, HEADING, header:ignore, 0, 0, 0
278, bettermineshafts:mineshaft_oak, AMBIENT, alexsmobs:underminer, 50, 1, 1
279, bettermineshafts:mineshaft_overgrown, HEADING, header:ignore, 0, 0, 0
280, bettermineshafts:mineshaft_overgrown, AMBIENT, alexsmobs:underminer, 50, 1, 1
281, bettermineshafts:mineshaft_red_desert, HEADING, header:ignore, 0, 0, 0
282, bettermineshafts:mineshaft_red_desert, AMBIENT, alexsmobs:underminer, 50, 1, 1
283, bettermineshafts:mineshaft_spruce, HEADING, header:ignore, 0, 0, 0
284, bettermineshafts:mineshaft_spruce, AMBIENT, alexsmobs:underminer, 50, 1, 1
285, bettermineshafts:mineshaft_spruce_snowy, HEADING, header:ignore, 0, 0, 0
286, bettermineshafts:mineshaft_spruce_snowy, AMBIENT, alexsmobs:underminer, 50, 1, 1
287, the_bumblezone:mite_fortress, HEADING, header:ignore, 0, 0, 0
288, the_bumblezone:mite_fortress, MONSTER, minecraft:enderman, 80, 1, 2
289, mowziesmobs:monastery, HEADING, header:ignore, 0, 0, 0
290, mowziesmobs:monastery, MONSTER, mowziesmobs:bluff, 80, 1, 2
291, minecraft:monument, HEADING, header:ignore, 0, 0, 0
292, minecraft:monument, MONSTER, minecraft:guardian, 10, 2, 4
293, watching:mossy_pyramid, HEADING, header:ignore, 0, 0, 0
294, legendary_monsters:mossy_temple, HEADING, header:ignore, 0, 0, 0
295, born_in_chaos_v1:mound_of_hounds, HEADING, header:ignore, 0, 0, 0
296, evenbetternether:nether_dungeon, HEADING, header:ignore, 0, 0, 0
297, minecraft:nether_fossil, HEADING, header:ignore, 0, 0, 0
298, minecraft:nether_fossil, MONSTER, alexsmobs:soul_vulture, 30, 1, 1
299, philipsruins:nether_lava_ruins, HEADING, header:ignore, 0, 0, 0
300, ars_additions:nexus_tower, HEADING, header:ignore, 0, 0, 0
301, structory:northern_ruin, HEADING, header:ignore, 0, 0, 0
302, born_in_chaos_v1:observation_tower_forest, HEADING, header:ignore, 0, 0, 0
303, born_in_chaos_v1:observation_tower_plains, HEADING, header:ignore, 0, 0, 0
304, plenty_of_golems:obsidian_golem_structure, HEADING, header:ignore, 0, 0, 0
305, rediscovered:obsidian_wall, HEADING, header:ignore, 0, 0, 0
306, philipsruins:ocean_fortress, HEADING, header:ignore, 0, 0, 0
307, philipsruins:ocean_fortress, MONSTER, minecraft:guardian, 10, 2, 3
308, philipsruins:ocean_fortress, MONSTER, minecraft:drowned, 10, 5, 9
309, betteroceanmonuments:ocean_monument, HEADING, header:ignore, 0, 0, 0
310, betteroceanmonuments:ocean_monument, MONSTER, minecraft:guardian, 10, 2, 4
311, minecraft:ocean_ruin_cold, HEADING, header:ignore, 0, 0, 0
312, minecraft:ocean_ruin_warm, HEADING, header:ignore, 0, 0, 0
313, philipsruins:ocean_ruins, HEADING, header:ignore, 0, 0, 0
314, watching:ocean_sand_pyramid, HEADING, header:ignore, 0, 0, 0
315, scpo:old_french_house, HEADING, header:ignore, 0, 0, 0
316, structory:old_manor, HEADING, header:ignore, 0, 0, 0
317, scguns:osgood_lab, HEADING, header:ignore, 0, 0, 0
318, scguns:osgood_lab_outpost, HEADING, header:ignore, 0, 0, 0
319, structory:outcast_villager_desert, HEADING, header:ignore, 0, 0, 0
320, structory:outcast_villager_grassy, HEADING, header:ignore, 0, 0, 0
321, aquamirae:outpost, HEADING, header:ignore, 0, 0, 0
322, aquamirae:outpost, MONSTER, minecraft:pillager, 10, 1, 2
323, aquamirae:outpost, MONSTER, minecraft:vindicator, 10, 1, 1
324, the_bumblezone:overgrown_flower, HEADING, header:ignore, 0, 0, 0
325, species:paleontology_dig_site, HEADING, header:ignore, 0, 0, 0
326, the_bumblezone:phantasm_aviary, HEADING, header:ignore, 0, 0, 0
327, the_bumblezone:phantasm_aviary, MONSTER, minecraft:phantom, 80, 1, 2
328, bygonenether:piglin_manor, HEADING, header:ignore, 0, 0, 0
329, bygonenether:piglin_manor, MONSTER, minecraft:piglin, 10, 1, 1
330, bygonenether:piglin_manor, MONSTER, bygonenether:piglin_hunter, 10, 1, 1
331, rediscovered:pigman_village, HEADING, header:ignore, 0, 0, 0
332, minecraft:pillager_outpost, HEADING, header:ignore, 0, 0, 0
333, minecraft:pillager_outpost, MONSTER, minecraft:pillager, 10, 1, 1
334, towns_and_towers:pillager_outpost_badlands, HEADING, header:ignore, 0, 0, 0
335, towns_and_towers:pillager_outpost_badlands, MONSTER, minecraft:pillager, 10, 1, 2
336, towns_and_towers:pillager_outpost_beach, HEADING, header:ignore, 0, 0, 0
337, towns_and_towers:pillager_outpost_beach, MONSTER, minecraft:pillager, 10, 1, 2
338, towns_and_towers:pillager_outpost_birch_forest, HEADING, header:ignore, 0, 0, 0
339, towns_and_towers:pillager_outpost_birch_forest, MONSTER, minecraft:pillager, 10, 1, 2
340, towns_and_towers:pillager_outpost_desert, HEADING, header:ignore, 0, 0, 0
341, towns_and_towers:pillager_outpost_desert, MONSTER, minecraft:pillager, 10, 1, 2
342, towns_and_towers:pillager_outpost_flower_forest, HEADING, header:ignore, 0, 0, 0
343, towns_and_towers:pillager_outpost_flower_forest, MONSTER, minecraft:pillager, 10, 1, 2
344, towns_and_towers:pillager_outpost_forest, HEADING, header:ignore, 0, 0, 0
345, towns_and_towers:pillager_outpost_forest, MONSTER, minecraft:pillager, 10, 1, 2
346, towns_and_towers:pillager_outpost_grove, HEADING, header:ignore, 0, 0, 0
347, towns_and_towers:pillager_outpost_grove, MONSTER, minecraft:pillager, 10, 1, 2
348, towns_and_towers:pillager_outpost_jungle, HEADING, header:ignore, 0, 0, 0
349, towns_and_towers:pillager_outpost_jungle, MONSTER, minecraft:pillager, 10, 1, 2
350, towns_and_towers:pillager_outpost_meadow, HEADING, header:ignore, 0, 0, 0
351, towns_and_towers:pillager_outpost_meadow, MONSTER, minecraft:pillager, 10, 1, 2
352, towns_and_towers:pillager_outpost_mushroom_fields, HEADING, header:ignore, 0, 0, 0
353, towns_and_towers:pillager_outpost_ocean, HEADING, header:ignore, 0, 0, 0
354, towns_and_towers:pillager_outpost_ocean, MONSTER, minecraft:pillager, 10, 1, 2
355, towns_and_towers:pillager_outpost_old_growth_taiga, HEADING, header:ignore, 0, 0, 0
356, towns_and_towers:pillager_outpost_old_growth_taiga, MONSTER, minecraft:pillager, 10, 1, 2
357, towns_and_towers:pillager_outpost_savanna, HEADING, header:ignore, 0, 0, 0
358, towns_and_towers:pillager_outpost_savanna, MONSTER, minecraft:pillager, 10, 1, 2
359, towns_and_towers:pillager_outpost_savanna_plateau, HEADING, header:ignore, 0, 0, 0
360, towns_and_towers:pillager_outpost_savanna_plateau, MONSTER, minecraft:pillager, 10, 1, 2
361, towns_and_towers:pillager_outpost_snowy_beach, HEADING, header:ignore, 0, 0, 0
362, towns_and_towers:pillager_outpost_snowy_beach, MONSTER, minecraft:pillager, 10, 1, 2
363, towns_and_towers:pillager_outpost_snowy_plains, HEADING, header:ignore, 0, 0, 0
364, towns_and_towers:pillager_outpost_snowy_plains, MONSTER, minecraft:pillager, 10, 1, 2
365, towns_and_towers:pillager_outpost_snowy_slopes, HEADING, header:ignore, 0, 0, 0
366, towns_and_towers:pillager_outpost_snowy_slopes, MONSTER, minecraft:pillager, 10, 1, 2
367, towns_and_towers:pillager_outpost_snowy_taiga, HEADING, header:ignore, 0, 0, 0
368, towns_and_towers:pillager_outpost_snowy_taiga, MONSTER, minecraft:pillager, 10, 1, 2
369, towns_and_towers:pillager_outpost_sparse_jungle, HEADING, header:ignore, 0, 0, 0
370, towns_and_towers:pillager_outpost_sparse_jungle, MONSTER, minecraft:pillager, 10, 1, 2
371, towns_and_towers:pillager_outpost_sunflower_plains, HEADING, header:ignore, 0, 0, 0
372, towns_and_towers:pillager_outpost_sunflower_plains, MONSTER, minecraft:pillager, 10, 1, 2
373, towns_and_towers:pillager_outpost_swamp, HEADING, header:ignore, 0, 0, 0
374, towns_and_towers:pillager_outpost_swamp, MONSTER, minecraft:pillager, 10, 1, 2
375, towns_and_towers:pillager_outpost_taiga, HEADING, header:ignore, 0, 0, 0
376, towns_and_towers:pillager_outpost_taiga, MONSTER, minecraft:pillager, 10, 1, 2
377, towns_and_towers:pillager_outpost_wooded_badlands, HEADING, header:ignore, 0, 0, 0
378, towns_and_towers:pillager_outpost_wooded_badlands, MONSTER, minecraft:pillager, 10, 1, 2
379, galosphere:pink_salt_shrine, HEADING, header:ignore, 0, 0, 0
380, the_bumblezone:pirate_ship, HEADING, header:ignore, 0, 0, 0
381, the_bumblezone:pollinated_stream, HEADING, header:ignore, 0, 0, 0
382, philipsruins:pumpkin_ruins, HEADING, header:ignore, 0, 0, 0
383, philipsruins:pumpkin_ruins, MONSTER, minecraft:skeleton, 10, 2, 10
384, philipsruins:pumpkin_ruins, MONSTER, minecraft:zombie, 12, 5, 12
385, philipsruins:rare_ruin, HEADING, header:ignore, 0, 0, 0
386, watching:redstone_torch_trail, HEADING, header:ignore, 0, 0, 0
387, ribbits:ribbit_village, HEADING, header:ignore, 0, 0, 0
388, dungeonsdelight:rotten_dungeon, HEADING, header:ignore, 0, 0, 0
389, structory:ruin_grassy, HEADING, header:ignore, 0, 0, 0
390, ars_additions:ruined_portal, HEADING, header:ignore, 0, 0, 0
391, minecraft:ruined_portal, HEADING, header:ignore, 0, 0, 0
392, minecraft:ruined_portal_desert, HEADING, header:ignore, 0, 0, 0
393, minecraft:ruined_portal_jungle, HEADING, header:ignore, 0, 0, 0
394, ars_additions:ruined_portal_large, HEADING, header:ignore, 0, 0, 0
395, minecraft:ruined_portal_mountain, HEADING, header:ignore, 0, 0, 0
396, minecraft:ruined_portal_nether, HEADING, header:ignore, 0, 0, 0
397, minecraft:ruined_portal_ocean, HEADING, header:ignore, 0, 0, 0
398, minecraft:ruined_portal_swamp, HEADING, header:ignore, 0, 0, 0
399, legendary_monsters:ruined_pyramid, HEADING, header:ignore, 0, 0, 0
400, legendary_monsters:ruined_pyramid, MONSTER, legendary_monsters:bomber, 10, 1, 1
401, watching:sand_pyramid, HEADING, header:ignore, 0, 0, 0
402, scpo:scp_143_tree_1, HEADING, header:ignore, 0, 0, 0
403, scpo:scp_143_tree_2, HEADING, header:ignore, 0, 0, 0
404, scpo:scp_143_tree_3, HEADING, header:ignore, 0, 0, 0
405, scpo:scp_143_tree_4, HEADING, header:ignore, 0, 0, 0
406, scpo:scp_143_tree_5, HEADING, header:ignore, 0, 0, 0
407, scpo:scp_143_tree_6, HEADING, header:ignore, 0, 0, 0
408, philipsruins:sculk_dungeon, HEADING, header:ignore, 0, 0, 0
409, philipsruins:sealedruinedghaststatue1, HEADING, header:ignore, 0, 0, 0
410, the_bumblezone:sempiternal_sanctum_blue, HEADING, header:ignore, 0, 0, 0
411, the_bumblezone:sempiternal_sanctum_green, HEADING, header:ignore, 0, 0, 0
412, the_bumblezone:sempiternal_sanctum_purple, HEADING, header:ignore, 0, 0, 0
413, the_bumblezone:sempiternal_sanctum_red, HEADING, header:ignore, 0, 0, 0
414, the_bumblezone:sempiternal_sanctum_white, HEADING, header:ignore, 0, 0, 0
415, the_bumblezone:sempiternal_sanctum_yellow, HEADING, header:ignore, 0, 0, 0
416, aquamirae:shelter, HEADING, header:ignore, 0, 0, 0
417, aquamirae:ship, HEADING, header:ignore, 0, 0, 0
418, aquamirae:ship, MONSTER, minecraft:pillager, 10, 1, 2
419, aquamirae:ship, MONSTER, minecraft:vindicator, 10, 1, 1
420, minecraft:shipwreck, HEADING, header:ignore, 0, 0, 0
421, minecraft:shipwreck, MONSTER, alexsmobs:skelewag, 15, 1, 2
422, minecraft:shipwreck_beached, HEADING, header:ignore, 0, 0, 0
423, legendary_monsters:shulker_tower, HEADING, header:ignore, 0, 0, 0
424, betterdungeons:skeleton_dungeon, HEADING, header:ignore, 0, 0, 0
425, betterdungeons:skeleton_dungeon, MONSTER, minecraft:skeleton, 80, 4, 15
426, legendary_monsters:skeletosaurus_nest, HEADING, header:ignore, 0, 0, 0
427, cloudstorage:sky_temple, HEADING, header:ignore, 0, 0, 0
428, toybox:slide, HEADING, header:ignore, 0, 0, 0
429, toybox:small_ball_pit, HEADING, header:ignore, 0, 0, 0
430, betterdungeons:small_dungeon, HEADING, header:ignore, 0, 0, 0
431, unusualend:small_gloopy_ruins, HEADING, header:ignore, 0, 0, 0
432, farlanders:small_house, HEADING, header:ignore, 0, 0, 0
433, betterdungeons:small_nether_dungeon, HEADING, header:ignore, 0, 0, 0
434, toybox:small_plastic_brick_house, HEADING, header:ignore, 0, 0, 0
435, toybox:small_soft_play, HEADING, header:ignore, 0, 0, 0
436, illagerinvasion:sorcerer_hut, HEADING, header:ignore, 0, 0, 0
437, legendary_monsters:soul_fortress_remains, HEADING, header:ignore, 0, 0, 0
438, species:spectralibur_chamber, HEADING, header:ignore, 0, 0, 0
439, betterdungeons:spider_dungeon, HEADING, header:ignore, 0, 0, 0
440, betterdungeons:spider_dungeon, MONSTER, minecraft:spider, 80, 4, 15
441, betterdungeons:spider_dungeon, MONSTER, minecraft:cave_spider, 50, 4, 8
442, toybox:spiral_staircase, HEADING, header:ignore, 0, 0, 0
443, plenty_of_golems:spruce_giant_golem_structure, HEADING, header:ignore, 0, 0, 0
444, toybox:stairway_to_heaven, HEADING, header:ignore, 0, 0, 0
445, ars_nouveau:stalker_wilden_den, HEADING, header:ignore, 0, 0, 0
446, ars_nouveau:stalker_wilden_den, MONSTER, ars_nouveau:wilden_stalker, 10, 3, 3
447, ars_elemental:starbuncle_shrine, HEADING, header:ignore, 0, 0, 0
448, cave_stuff:starnosedmoleburrow, HEADING, header:ignore, 0, 0, 0
449, philipsruins:start_nether_dungeon, HEADING, header:ignore, 0, 0, 0
450, philipsruins:start_nether_ruin, HEADING, header:ignore, 0, 0, 0
451, the_bumblezone:stinger_spear_shrine, HEADING, header:ignore, 0, 0, 0
452, betterstrongholds:stronghold, HEADING, header:ignore, 0, 0, 0
453, minecraft:stronghold, HEADING, header:ignore, 0, 0, 0
454, the_bumblezone:subway, HEADING, header:ignore, 0, 0, 0
455, minecraft:swamp_hut, HEADING, header:ignore, 0, 0, 0
456, minecraft:swamp_hut, MONSTER, minecraft:witch, 10, 1, 1
457, minecraft:swamp_hut, CREATURE, minecraft:cat, 10, 1, 1
458, structory:swamp_ruin, HEADING, header:ignore, 0, 0, 0
459, structory:taiga_ruin_surface, HEADING, header:ignore, 0, 0, 0
460, structory:taiga_ruin_underground, HEADING, header:ignore, 0, 0, 0
461, cave_stuff:tawaritree, HEADING, header:ignore, 0, 0, 0
462, cave_stuff:temperategrotto, HEADING, header:ignore, 0, 0, 0
463, underground_jungle:temple, HEADING, header:ignore, 0, 0, 0
464, underground_jungle:temple, MONSTER, underground_jungle:mossy_skeleton, 10, 1, 1
465, undead_revamp2:terraindrip_1, HEADING, header:ignore, 0, 0, 0
466, undead_revamp2:terraindrip_2, HEADING, header:ignore, 0, 0, 0
467, undead_revamp2:terraindrip_3, HEADING, header:ignore, 0, 0, 0
468, the_bumblezone:throne_pillar, HEADING, header:ignore, 0, 0, 0
469, farlanders:titan_spire, HEADING, header:ignore, 0, 0, 0
470, watching:torch_cave, HEADING, header:ignore, 0, 0, 0
471, watching:torch_tunnel/1x2/torchless_tunnel, HEADING, header:ignore, 0, 0, 0
472, watching:torch_tunnel/1x2/tunnel, HEADING, header:ignore, 0, 0, 0
473, watching:torch_tunnel/2x2_tunnel, HEADING, header:ignore, 0, 0, 0
474, minecraft:trail_ruins, HEADING, header:ignore, 0, 0, 0
475, toybox:trampolines, HEADING, header:ignore, 0, 0, 0
476, toybox:trampolines_2, HEADING, header:ignore, 0, 0, 0
477, scguns:trench, HEADING, header:ignore, 0, 0, 0
478, cave_stuff:tropicalgrotto, HEADING, header:ignore, 0, 0, 0
479, mowziesmobs:umvuthana_grove, HEADING, header:ignore, 0, 0, 0
480, philipsruins:underground_structures, HEADING, header:ignore, 0, 0, 0
481, philipsruins:underground_structures, MONSTER, minecraft:wither_skeleton, 10, 1, 5
482, cave_stuff:undergroundcamp, HEADING, header:ignore, 0, 0, 0
483, towns_and_towers:village_badlands, HEADING, header:ignore, 0, 0, 0
484, towns_and_towers:village_beach, HEADING, header:ignore, 0, 0, 0
485, towns_and_towers:village_birch_forest, HEADING, header:ignore, 0, 0, 0
486, minecraft:village_desert, HEADING, header:ignore, 0, 0, 0
487, towns_and_towers:village_flower_forest, HEADING, header:ignore, 0, 0, 0
488, towns_and_towers:village_forest, HEADING, header:ignore, 0, 0, 0
489, towns_and_towers:village_grove, HEADING, header:ignore, 0, 0, 0
490, towns_and_towers:village_jungle, HEADING, header:ignore, 0, 0, 0
491, towns_and_towers:village_meadow, HEADING, header:ignore, 0, 0, 0
492, towns_and_towers:village_mushroom_fields, HEADING, header:ignore, 0, 0, 0
493, towns_and_towers:village_ocean, HEADING, header:ignore, 0, 0, 0
494, towns_and_towers:village_old_growth_taiga, HEADING, header:ignore, 0, 0, 0
495, minecraft:village_plains, HEADING, header:ignore, 0, 0, 0
496, minecraft:village_savanna, HEADING, header:ignore, 0, 0, 0
497, towns_and_towers:village_savanna_plateau, HEADING, header:ignore, 0, 0, 0
498, atmospheric:village_scrubland, HEADING, header:ignore, 0, 0, 0
499, minecraft:village_snowy, HEADING, header:ignore, 0, 0, 0
500, towns_and_towers:village_snowy_slopes, HEADING, header:ignore, 0, 0, 0
501, towns_and_towers:village_snowy_taiga, HEADING, header:ignore, 0, 0, 0
502, towns_and_towers:village_sparse_jungle, HEADING, header:ignore, 0, 0, 0
503, towns_and_towers:village_sunflower_plains, HEADING, header:ignore, 0, 0, 0
504, towns_and_towers:village_swamp, HEADING, header:ignore, 0, 0, 0
505, minecraft:village_taiga, HEADING, header:ignore, 0, 0, 0
506, towns_and_towers:village_wooded_badlands, HEADING, header:ignore, 0, 0, 0
507, unusualend:wanderer_island, HEADING, header:ignore, 0, 0, 0
508, unusualend:warped_flying_end_ship, HEADING, header:ignore, 0, 0, 0
509, unusualend:warped_flying_end_ship, MONSTER, unusualend:bluk, 10, 2, 3
510, unusualend:warped_flying_end_ship, MONSTER, unusualend:spunkler, 10, 1, 2
511, unusualend:warped_flying_end_ship, MONSTER, unusualend:bolok, 10, 1, 1
512, legendary_monsters:warped_fungussus_nest, HEADING, header:ignore, 0, 0, 0
513, unusualend:warped_station, HEADING, header:ignore, 0, 0, 0
514, supplementaries:way_sign, HEADING, header:ignore, 0, 0, 0
515, toybox:wendy_house, HEADING, header:ignore, 0, 0, 0
516, betterwitchhuts:witch_circle, HEADING, header:ignore, 0, 0, 0
517, betterwitchhuts:witch_circle, MONSTER, minecraft:witch, 10, 1, 1
518, betterwitchhuts:witch_circle, CREATURE, minecraft:cat, 10, 1, 1
519, betterwitchhuts:witch_hut, HEADING, header:ignore, 0, 0, 0
520, betterwitchhuts:witch_hut, MONSTER, minecraft:witch, 10, 1, 1
521, betterwitchhuts:witch_hut, CREATURE, minecraft:cat, 10, 1, 1
522, species:wraptor_coop, HEADING, header:ignore, 0, 0, 0
523, towns_and_towers:wreckage_ocean, HEADING, header:ignore, 0, 0, 0
524, mowziesmobs:wrought_chamber, HEADING, header:ignore, 0, 0, 0
525, betterdungeons:zombie_dungeon, HEADING, header:ignore, 0, 0, 0
526, betterdungeons:zombie_dungeon, MONSTER, minecraft:zombie, 80, 4, 15
